[2019-01-18 09:49;24] 执行成功：已在 0.0.0.0 的 8088 端口开启服务 
[2019-01-18 10:56;36] 执行成功：发送邮件成功 
[2019-01-18 10:57;04] 提示信息：等待二维码扫描及授权... 
[2019-01-18 10:57;25] 提示信息：二维码已扫描，等待授权... 
[2019-01-18 10:57;34] 提示信息：已获授权 
[2019-01-18 10:57;35] 提示信息：b'<error><ret>0</ret><message></message><skey>@crypt_59b22fc7_181787d36613dd4d9f85833cb2b1c4f7</skey><wxsid>SkEDwa7d1BS/aTYj</wxsid><wxuin>2626283019</wxuin><pass_ticket>%2Bs2UMvoZJ%2BfqC6GqZQOxLaw6Zn42RZD%2FX2GCQSh5cmWNl131L4Ltl75Vqmd0MhwW</pass_ticket><isgrayscale>1</isgrayscale></error>' 
[2019-01-18 12:07;28] 执行成功：发送邮件成功 
[2019-01-18 12:07;51] 提示信息：二维码已扫描，等待授权... 
[2019-01-18 12:07;54] 提示信息：已获授权 
[2019-01-18 12:07;54] 提示信息：b'<error><ret>0</ret><message></message><skey>@crypt_59b22fc7_473f2f2fa84825be1caa92884cd619f6</skey><wxsid>ZW86lzHIxUrgoK75</wxsid><wxuin>2626283019</wxuin><pass_ticket>%2FfOhMfYSNIaROdWxr6ck3KowzEXaqKTkcm%2F7kl2FbrkOwiHrwYmU2xQ4yRfaLy18</pass_ticket><isgrayscale>1</isgrayscale></error>' 
[2019-01-18 12:07;54] 执行出错：登录时出错： cannot use a string pattern on a bytes-like object 
[2019-01-18 12:09;44] 执行成功：发送邮件成功 
[2019-01-18 12:10;05] 执行成功：发送邮件成功 
[2019-01-18 12:10;18] 提示信息：二维码已扫描，等待授权... 
[2019-01-18 12:10;22] 提示信息：已获授权 
[2019-01-18 12:10;22] 提示信息：b'<error><ret>0</ret><message></message><skey>@crypt_59b22fc7_c19b6e923dd2da35ae0ea5f6c772a5a5</skey><wxsid>X/fLkrzmeDWDReCn</wxsid><wxuin>2626283019</wxuin><pass_ticket>KRZbqRUY0EWkVT6KCpzV%2FbWQmM4oEDkR4ZnnXNaCqg6Wq0xN%2BcvrQ%2FL0HqFJIdA3</pass_ticket><isgrayscale>1</isgrayscale></error>' 
[2019-01-18 12:34;26] 执行成功：发送邮件成功 
[2019-01-18 12:34;53] 提示信息：二维码已扫描，等待授权... 
[2019-01-18 12:34;58] 提示信息：已获授权 
[2019-01-18 12:34;58] 提示信息：b'<error><ret>0</ret><message></message><skey>@crypt_59b22fc7_17ca9f0bc2ffeae7f8f0e52e9042dd69</skey><wxsid>fXC3Tbq2VgIuFApE</wxsid><wxuin>2626283019</wxuin><pass_ticket>WFdjHQiJPTBjycpZKxrc9pv9P%2BZi%2Bbg0sSPt6CE8%2F2GZD3IE7GJd0M1H3UDkMZJi</pass_ticket><isgrayscale>1</isgrayscale></error>' 
[2019-01-18 12:36;00] 执行成功：发送邮件成功 
[2019-01-18 12:36;17] 提示信息：二维码已扫描，等待授权... 
[2019-01-18 12:36;21] 提示信息：已获授权 
[2019-01-18 12:36;22] 提示信息：b'<error><ret>0</ret><message></message><skey>@crypt_59b22fc7_058a1632eb69a400176a93ee50f24f57</skey><wxsid>n4jJdxnSfMtL22ko</wxsid><wxuin>2626283019</wxuin><pass_ticket>30l906p9AN1D84QBBd2TNkMZClOU6E3whykf7yFOHwqfqU1v99dyh3xb1CVwCjwZ</pass_ticket><isgrayscale>1</isgrayscale></error>' 
[2019-01-18 12:39;21] 执行成功：发送邮件成功 
[2019-01-18 12:39;29] 提示信息：二维码已扫描，等待授权... 
[2019-01-18 12:39;34] 提示信息：已获授权 
[2019-01-18 12:39;35] 提示信息：b'<error><ret>0</ret><message></message><skey>@crypt_59b22fc7_aaaf9fde557a866a7b672aaafdc776cf</skey><wxsid>5aRwHWcNKXCQWXdK</wxsid><wxuin>2626283019</wxuin><pass_ticket>9MZa8iTZfUzIrGI4dgIW0xdu%2BINtfEsnoEiyRkSuzxGx4S8ybk7N1aSn9QJ2ZaSJ</pass_ticket><isgrayscale>1</isgrayscale></error>' 
[2019-01-18 12:40;08] 执行成功：发送邮件成功 
[2019-01-18 12:40;21] 提示信息：二维码已扫描，等待授权... 
[2019-01-18 12:40;24] 提示信息：已获授权 
[2019-01-18 12:40;24] 提示信息：b'<error><ret>0</ret><message></message><skey>@crypt_59b22fc7_d1dbe0dd0bf9249bc1162805e84e9ea8</skey><wxsid>LWHche47Ifbr4KwH</wxsid><wxuin>2626283019</wxuin><pass_ticket>a52D3PMzEBrJbTkkhKpEmv%2FWc%2Fm8VTSvXCM4iOvV09wdCri87kJmpMU8m1HI7nrY</pass_ticket><isgrayscale>1</isgrayscale></error>' 
[2019-01-18 12:40;24] 执行成功：{'ret': '0', 'message': '', 'skey': '@crypt_59b22fc7_d1dbe0dd0bf9249bc1162805e84e9ea8', 'wxsid': 'LWHche47Ifbr4KwH', 'wxuin': '2626283019', 'pass_ticket': 'a52D3PMzEBrJbTkkhKpEmv%2FWc%2Fm8VTSvXCM4iOvV09wdCri87kJmpMU8m1HI7nrY', 'isgrayscale': '1'} 
[2019-01-18 12:40;24] 执行成功：2626283019 
[2019-01-18 12:40;47] 执行成功：发送邮件成功 
[2019-01-18 12:40;55] 提示信息：二维码已扫描，等待授权... 
[2019-01-18 12:40;58] 提示信息：已获授权 
[2019-01-18 12:40;58] 提示信息：b'<error><ret>0</ret><message></message><skey>@crypt_59b22fc7_379c73acadef8913a3c5758ac58f2123</skey><wxsid>k+I77bd/4dL6AGK/</wxsid><wxuin>2626283019</wxuin><pass_ticket>Nk9%2B6PeIyjW2wRkrLpWm5GUotSYPSdXZ515Mijkh84U72nC9dLOQ2YlKjXSiSLr6</pass_ticket><isgrayscale>1</isgrayscale></error>' 
[2019-01-18 12:40;58] 执行成功：{'ret': '0', 'message': '', 'skey': '@crypt_59b22fc7_379c73acadef8913a3c5758ac58f2123', 'wxsid': 'k+I77bd/4dL6AGK/', 'wxuin': '2626283019', 'pass_ticket': 'Nk9%2B6PeIyjW2wRkrLpWm5GUotSYPSdXZ515Mijkh84U72nC9dLOQ2YlKjXSiSLr6', 'isgrayscale': '1'} 
[2019-01-18 12:40;58] 执行成功：2626283019 
[2019-01-18 12:40;58] 执行成功：<RequestsCookieJar[<Cookie webwx_data_ticket=gSfCcqmZLqxMi1tmAbKDxVpx for .qq.com/>, <Cookie mm_lang=zh_CN for .wx2.qq.com/>, <Cookie webwx_auth_ticket=CIsBENvQvLwOGoABSR0/P48oMdXDmSpIXSr9AaZW62cMhKbmJ251tN/zcGdtFenz1WOJgtE34K49wz1wyDAAGy407vr4KdHvlMpwtttfZMaJVQY3rt7f0M6b4FIxFsP/qvC5w2kSdhCCl1S4uHvCDzZGTDHbW3N+U4IwncTQm0HFqX3imn1kZsG1U48= for .wx2.qq.com/>, <Cookie webwxuvid=c33d1cae4fca9f0990475f906ac5a19bb03f1bc41758ef0816c28682ee20dbcfe75b0c697ad3c49ab7cba298e36e2bf6 for .wx2.qq.com/>, <Cookie wxloadtime=1547786457 for .wx2.qq.com/>, <Cookie wxsid=k+I77bd/4dL6AGK/ for .wx2.qq.com/>, <Cookie wxuin=2626283019 for .wx2.qq.com/>]> 
[2019-01-18 13:40:16] 执行成功：发送邮件成功 
[2019-01-18 13:40:25] 提示信息：二维码已扫描，等待授权... 
[2019-01-18 13:40:28] 提示信息：已获授权 
[2019-01-18 13:40:29] 提示信息：b'<error><ret>0</ret><message></message><skey>@crypt_59b22fc7_f1056dc32d6d08b1b82ee96dcaa00f0c</skey><wxsid>egRV25KxASv2cDIY</wxsid><wxuin>2626283019</wxuin><pass_ticket>caYxfzXswwdTSw6Y9bi5%2FFS87T7sF2X%2FwpsQek0rppXoJnnXJP7EaAGVXFMUcOkp</pass_ticket><isgrayscale>1</isgrayscale></error>' 
[2019-01-18 13:40:29] 执行成功：{'ret': '0', 'message': '', 'skey': '@crypt_59b22fc7_f1056dc32d6d08b1b82ee96dcaa00f0c', 'wxsid': 'egRV25KxASv2cDIY', 'wxuin': '2626283019', 'pass_ticket': 'caYxfzXswwdTSw6Y9bi5%2FFS87T7sF2X%2FwpsQek0rppXoJnnXJP7EaAGVXFMUcOkp', 'isgrayscale': '1'} 
[2019-01-18 13:40:29] 提示信息：<RequestsCookieJar[<Cookie webwx_data_ticket=gScpBrfVJH1gMF6+g76oHMAa for .qq.com/>, <Cookie mm_lang=zh_CN for .wx2.qq.com/>, <Cookie webwx_auth_ticket=CIsBEJbToN4JGoABGJHmv/lGJ4HgwewiywXwN6ZW62cMhKbmJ251tN/zcGdgEaCdN/WtMUL91J3hq0MRp08bleA8XK6jZ6kTpelKA9ySH9Rw/C5GhUx08HIl3D5nLPKJ/Csr0ihnxn/SzGGLD6kJr4kph7MwjdHOnlPOd8TQm0HFqX3imn1kZsG1U48= for .wx2.qq.com/>, <Cookie webwxuvid=c33d1cae4fca9f0990475f906ac5a19bc0dc59eeef6066fb130f0dca6b6bf3a28dc88dd81dabcdf65f76945076228748 for .wx2.qq.com/>, <Cookie wxloadtime=1547790027 for .wx2.qq.com/>, <Cookie wxsid=egRV25KxASv2cDIY for .wx2.qq.com/>, <Cookie wxuin=2626283019 for .wx2.qq.com/>]> 
[2019-01-18 13:40:29] 提示信息：webwx_data_ticket=gScpBrfVJH1gMF6+g76oHMAa; mm_lang=zh_CN; webwx_auth_ticket=CIsBEJbToN4JGoABGJHmv/lGJ4HgwewiywXwN6ZW62cMhKbmJ251tN/zcGdgEaCdN/WtMUL91J3hq0MRp08bleA8XK6jZ6kTpelKA9ySH9Rw/C5GhUx08HIl3D5nLPKJ/Csr0ihnxn/SzGGLD6kJr4kph7MwjdHOnlPOd8TQm0HFqX3imn1kZsG1U48=; webwxuvid=c33d1cae4fca9f0990475f906ac5a19bc0dc59eeef6066fb130f0dca6b6bf3a28dc88dd81dabcdf65f76945076228748; wxloadtime=1547790027; wxsid=egRV25KxASv2cDIY; wxuin=2626283019 
[2019-01-18 15:04:05] 执行成功：发送邮件成功 
[2019-01-18 15:04:24] 提示信息：二维码已扫描，等待授权... 
[2019-01-18 15:04:27] 提示信息：已获授权 
[2019-01-18 15:04:27] 提示信息：b'<error><ret>0</ret><message></message><skey>@crypt_59b22fc7_13f8a511d63cb3a77e8ec4405e240c05</skey><wxsid>tEZHbSEN53C9ILOo</wxsid><wxuin>2626283019</wxuin><pass_ticket>qtxFUN%2FyzcpUWDT%2FedfK0%2Bw%2FDnbJNUZcUBr%2FasjABEF29SmzMn%2Bw5rGpyp9%2BGm4k</pass_ticket><isgrayscale>1</isgrayscale></error>' 
[2019-01-18 15:04:27] 执行成功：{'ret': '0', 'message': '', 'skey': '@crypt_59b22fc7_13f8a511d63cb3a77e8ec4405e240c05', 'wxsid': 'tEZHbSEN53C9ILOo', 'wxuin': '2626283019', 'pass_ticket': 'qtxFUN%2FyzcpUWDT%2FedfK0%2Bw%2FDnbJNUZcUBr%2FasjABEF29SmzMn%2Bw5rGpyp9%2BGm4k', 'isgrayscale': '1'} 
[2019-01-18 15:04:27] 提示信息：<RequestsCookieJar[<Cookie webwx_data_ticket=gSdZ+uUR4aS3s6zKdKpTSPRe for .qq.com/>, <Cookie mm_lang=zh_CN for .wx2.qq.com/>, <Cookie webwx_auth_ticket=CIsBELvJ2N0DGoABn8tuzwmCzXGJprQ4g+LaXqZW62cMhKbmJ251tN/zcGc7iGsB936OiwoY8CfMRlM+ST3mGl1LN1PODBsmHKE5TOYSKwa/OnvPURmQAKuApj46UL6L0Nm4hmFo5zetUptWzN4rTNCBbtOiAqLnEoxcpMTQm0HFqX3imn1kZsG1U48= for .wx2.qq.com/>, <Cookie webwxuvid=c33d1cae4fca9f0990475f906ac5a19bcefa7bb34efc20be7f32ac83f445030a8503038cd32c319467657a4930acace1 for .wx2.qq.com/>, <Cookie wxloadtime=1547795066 for .wx2.qq.com/>, <Cookie wxsid=tEZHbSEN53C9ILOo for .wx2.qq.com/>, <Cookie wxuin=2626283019 for .wx2.qq.com/>]> 
[2019-01-18 15:04:27] 提示信息：webwx_data_ticket=gSdZ+uUR4aS3s6zKdKpTSPRe; mm_lang=zh_CN; webwx_auth_ticket=CIsBELvJ2N0DGoABn8tuzwmCzXGJprQ4g+LaXqZW62cMhKbmJ251tN/zcGc7iGsB936OiwoY8CfMRlM+ST3mGl1LN1PODBsmHKE5TOYSKwa/OnvPURmQAKuApj46UL6L0Nm4hmFo5zetUptWzN4rTNCBbtOiAqLnEoxcpMTQm0HFqX3imn1kZsG1U48=; webwxuvid=c33d1cae4fca9f0990475f906ac5a19bcefa7bb34efc20be7f32ac83f445030a8503038cd32c319467657a4930acace1; wxloadtime=1547795066; wxsid=tEZHbSEN53C9ILOo; wxuin=2626283019 
[2019-01-18 15:04:27] 执行出错：登录时出错： near "==": syntax error 
[2019-01-18 15:06:59] 执行成功：发送邮件成功 
[2019-01-18 15:26:05] 执行成功：发送邮件成功 
[2019-01-18 15:26:18] 提示信息：二维码已扫描，等待授权... 
[2019-01-18 15:26:22] 提示信息：已获授权 
[2019-01-18 15:26:22] 提示信息：b'<error><ret>0</ret><message></message><skey>@crypt_59b22fc7_f82cf9e9141e5392038a7e802dae3101</skey><wxsid>EA2fzUUeS1KHcBLd</wxsid><wxuin>2626283019</wxuin><pass_ticket>VCgJv9JDQUDOGkM2%2F8ubvAxHJBwzadBK35WB%2FNmm8CHwtqVmkpIZouk800TxCbfj</pass_ticket><isgrayscale>1</isgrayscale></error>' 
[2019-01-18 15:26:22] 执行成功：{'ret': '0', 'message': '', 'skey': '@crypt_59b22fc7_f82cf9e9141e5392038a7e802dae3101', 'wxsid': 'EA2fzUUeS1KHcBLd', 'wxuin': '2626283019', 'pass_ticket': 'VCgJv9JDQUDOGkM2%2F8ubvAxHJBwzadBK35WB%2FNmm8CHwtqVmkpIZouk800TxCbfj', 'isgrayscale': '1'} 
[2019-01-18 15:26:22] 提示信息：<RequestsCookieJar[<Cookie webwx_data_ticket=gSeg+OnE1S+aTJpyaoR/78Aa for .qq.com/>, <Cookie mm_lang=zh_CN for .wx2.qq.com/>, <Cookie webwx_auth_ticket=CIsBEMzMpMAFGoABh6uY50quWKH1PY3hfp7w56ZW62cMhKbmJ251tN/zcGfL0iUgp/drEWfjOdJ3AvI7H6bOlRsvGTAiaJMul4laEN2VNkjBpM5poW8QJWU7tfOOpKFHI2iagTl5AanJ4xqkTm//C0NuZ9fuM4dFHTA1a8TQm0HFqX3imn1kZsG1U48= for .wx2.qq.com/>, <Cookie webwxuvid=c33d1cae4fca9f0990475f906ac5a19bd31b7cba062c2387bdb15256067b757467e3af82035ac6329f24c1ae6893410e for .wx2.qq.com/>, <Cookie wxloadtime=1547796380 for .wx2.qq.com/>, <Cookie wxsid=EA2fzUUeS1KHcBLd for .wx2.qq.com/>, <Cookie wxuin=2626283019 for .wx2.qq.com/>]> 
[2019-01-18 15:26:22] 提示信息：webwx_data_ticket=gSeg+OnE1S+aTJpyaoR/78Aa; mm_lang=zh_CN; webwx_auth_ticket=CIsBEMzMpMAFGoABh6uY50quWKH1PY3hfp7w56ZW62cMhKbmJ251tN/zcGfL0iUgp/drEWfjOdJ3AvI7H6bOlRsvGTAiaJMul4laEN2VNkjBpM5poW8QJWU7tfOOpKFHI2iagTl5AanJ4xqkTm//C0NuZ9fuM4dFHTA1a8TQm0HFqX3imn1kZsG1U48=; webwxuvid=c33d1cae4fca9f0990475f906ac5a19bd31b7cba062c2387bdb15256067b757467e3af82035ac6329f24c1ae6893410e; wxloadtime=1547796380; wxsid=EA2fzUUeS1KHcBLd; wxuin=2626283019 
[2019-01-18 15:26:22] 执行出错：登录时出错： near "==": syntax error 
[2019-01-18 15:26:54] 执行成功：发送邮件成功 
[2019-01-18 15:27:02] 提示信息：二维码已扫描，等待授权... 
[2019-01-18 15:27:05] 提示信息：已获授权 
[2019-01-18 15:27:06] 提示信息：b'<error><ret>0</ret><message></message><skey>@crypt_59b22fc7_86d408ca4f622866a7837c2c8fcedcbd</skey><wxsid>aXxFi5zlJWrJddIn</wxsid><wxuin>2626283019</wxuin><pass_ticket>p70MIlq%2FdQ2xL6O9p9cjGiaQeJ2KbzNRpnXnAtSixj%2B2w54lZKlbskoUqimnbDHP</pass_ticket><isgrayscale>1</isgrayscale></error>' 
[2019-01-18 15:27:06] 执行成功：{'ret': '0', 'message': '', 'skey': '@crypt_59b22fc7_86d408ca4f622866a7837c2c8fcedcbd', 'wxsid': 'aXxFi5zlJWrJddIn', 'wxuin': '2626283019', 'pass_ticket': 'p70MIlq%2FdQ2xL6O9p9cjGiaQeJ2KbzNRpnXnAtSixj%2B2w54lZKlbskoUqimnbDHP', 'isgrayscale': '1'} 
[2019-01-18 15:27:06] 提示信息：<RequestsCookieJar[<Cookie webwx_data_ticket=gSftxd0NEb4Ltc77DwyTsYeU for .qq.com/>, <Cookie mm_lang=zh_CN for .wx2.qq.com/>, <Cookie webwx_auth_ticket=CIsBENvZtJUBGoABnu7CeJ3/Uhme0c8T/+sGjqZW62cMhKbmJ251tN/zcGfx55+AigjQuq3S1v+J8djLXCrxtAqAQbaAniMaiDy3m81Vxrfcsq4UlaljSwt0v6R0iOB+99JadEI8mWtQUqMLr3CUBO0s2NF1JL9muFwXW8TQm0HFqX3imn1kZsG1U48= for .wx2.qq.com/>, <Cookie webwxuvid=c33d1cae4fca9f0990475f906ac5a19b39348bd9b6d6fd59e438d5f3b9a5b6f4e525a69efcc1d5ddb65e564b15400d3e for .wx2.qq.com/>, <Cookie wxloadtime=1547796424 for .wx2.qq.com/>, <Cookie wxsid=aXxFi5zlJWrJddIn for .wx2.qq.com/>, <Cookie wxuin=2626283019 for .wx2.qq.com/>]> 
[2019-01-18 15:27:06] 提示信息：webwx_data_ticket=gSftxd0NEb4Ltc77DwyTsYeU; mm_lang=zh_CN; webwx_auth_ticket=CIsBENvZtJUBGoABnu7CeJ3/Uhme0c8T/+sGjqZW62cMhKbmJ251tN/zcGfx55+AigjQuq3S1v+J8djLXCrxtAqAQbaAniMaiDy3m81Vxrfcsq4UlaljSwt0v6R0iOB+99JadEI8mWtQUqMLr3CUBO0s2NF1JL9muFwXW8TQm0HFqX3imn1kZsG1U48=; webwxuvid=c33d1cae4fca9f0990475f906ac5a19b39348bd9b6d6fd59e438d5f3b9a5b6f4e525a69efcc1d5ddb65e564b15400d3e; wxloadtime=1547796424; wxsid=aXxFi5zlJWrJddIn; wxuin=2626283019 
[2019-01-18 15:27:51] 执行成功：发送邮件成功 
[2019-01-18 15:28:05] 提示信息：二维码已扫描，等待授权... 
[2019-01-18 15:28:08] 提示信息：已获授权 
[2019-01-18 15:28:09] 提示信息：b'<error><ret>0</ret><message></message><skey>@crypt_59b22fc7_dd792f87f5ce020ae7c3c66d9b0d1751</skey><wxsid>CHwv3aHQfSMKZ8Or</wxsid><wxuin>2626283019</wxuin><pass_ticket>kgCb1leYCSp5%2FM42hMG4cHiohDA8puTLoP3yRQKTka7J6hoAomPMaHjdWhEFJYaQ</pass_ticket><isgrayscale>1</isgrayscale></error>' 
[2019-01-18 15:28:09] 执行成功：{'ret': '0', 'message': '', 'skey': '@crypt_59b22fc7_dd792f87f5ce020ae7c3c66d9b0d1751', 'wxsid': 'CHwv3aHQfSMKZ8Or', 'wxuin': '2626283019', 'pass_ticket': 'kgCb1leYCSp5%2FM42hMG4cHiohDA8puTLoP3yRQKTka7J6hoAomPMaHjdWhEFJYaQ', 'isgrayscale': '1'} 
[2019-01-18 15:28:09] 提示信息：<RequestsCookieJar[<Cookie webwx_data_ticket=gSfDbDxX47611kYcSoCt8uGq for .qq.com/>, <Cookie mm_lang=zh_CN for .wx2.qq.com/>, <Cookie webwx_auth_ticket=CIsBENzO8JQEGoAB2bVHJSwpQhZhvYgXUW9J5KZW62cMhKbmJ251tN/zcGfx55+AigjQuq3S1v+J8djLXCrxtAqAQbaAniMaiDy3m/rm+P1bdwJgnulA8TD46AxE19wgCGUIak8R8BjQOQrHDAGSbV1vYBo+lHYjrER4z8TQm0HFqX3imn1kZsG1U48= for .wx2.qq.com/>, <Cookie webwxuvid=c33d1cae4fca9f0990475f906ac5a19b39348bd9b6d6fd59e438d5f3b9a5b6f4247fad7410010fe6623ca2ef7da569d9 for .wx2.qq.com/>, <Cookie wxloadtime=1547796487 for .wx2.qq.com/>, <Cookie wxsid=CHwv3aHQfSMKZ8Or for .wx2.qq.com/>, <Cookie wxuin=2626283019 for .wx2.qq.com/>]> 
[2019-01-18 15:28:09] 提示信息：webwx_data_ticket=gSfDbDxX47611kYcSoCt8uGq; mm_lang=zh_CN; webwx_auth_ticket=CIsBENzO8JQEGoAB2bVHJSwpQhZhvYgXUW9J5KZW62cMhKbmJ251tN/zcGfx55+AigjQuq3S1v+J8djLXCrxtAqAQbaAniMaiDy3m/rm+P1bdwJgnulA8TD46AxE19wgCGUIak8R8BjQOQrHDAGSbV1vYBo+lHYjrER4z8TQm0HFqX3imn1kZsG1U48=; webwxuvid=c33d1cae4fca9f0990475f906ac5a19b39348bd9b6d6fd59e438d5f3b9a5b6f4247fad7410010fe6623ca2ef7da569d9; wxloadtime=1547796487; wxsid=CHwv3aHQfSMKZ8Or; wxuin=2626283019 
[2019-01-18 15:28:28] 执行成功：发送邮件成功 
[2019-01-18 15:28:56] 提示信息：等待二维码扫描及授权... 
[2019-01-18 15:29:05] 提示信息：二维码已扫描，等待授权... 
[2019-01-18 15:29:08] 提示信息：已获授权 
[2019-01-18 15:29:08] 提示信息：b'<error><ret>0</ret><message></message><skey>@crypt_59b22fc7_8c5000f6bd2258248a81b78c2386c802</skey><wxsid>JEWz5PWk1wIZAVpW</wxsid><wxuin>2626283019</wxuin><pass_ticket>pJ1KYwVZrmQv0bcFg9YiTVIm55GsQpD%2FA%2F1kfVDi4o%2BH9PeqQ1VMJRsV6D5%2BQPcQ</pass_ticket><isgrayscale>1</isgrayscale></error>' 
[2019-01-18 15:29:08] 执行成功：{'ret': '0', 'message': '', 'skey': '@crypt_59b22fc7_8c5000f6bd2258248a81b78c2386c802', 'wxsid': 'JEWz5PWk1wIZAVpW', 'wxuin': '2626283019', 'pass_ticket': 'pJ1KYwVZrmQv0bcFg9YiTVIm55GsQpD%2FA%2F1kfVDi4o%2BH9PeqQ1VMJRsV6D5%2BQPcQ', 'isgrayscale': '1'} 
[2019-01-18 15:29:08] 提示信息：<RequestsCookieJar[<Cookie webwx_data_ticket=gSf7QowS60e4B2ZXhCFfGjZB for .qq.com/>, <Cookie mm_lang=zh_CN for .wx2.qq.com/>, <Cookie webwx_auth_ticket=CIsBEOzThCIagAHaDmFcztcg2I+5jTKedNrDplbrZwyEpuYnbnW03/NwZ+2yzIPWjJSzs8oR4sYgq9+bB7FMMpdYC7b7KGXPHSkT/XCOu4f4LoqXBz+zEYxp5DJdnVJ+LOt1eVXZveoauw9NwMO3RlljszIBPq+Mh+d0xNCbQcWpfeKafWRmwbVTjw== for .wx2.qq.com/>, <Cookie webwxuvid=c33d1cae4fca9f0990475f906ac5a19b3a1a3cebf80b3ed82ca138eaf6dfb476af137fe7c4a9ad6af815c04ee3ea9eb3 for .wx2.qq.com/>, <Cookie wxloadtime=1547796547 for .wx2.qq.com/>, <Cookie wxsid=JEWz5PWk1wIZAVpW for .wx2.qq.com/>, <Cookie wxuin=2626283019 for .wx2.qq.com/>]> 
[2019-01-18 15:29:08] 提示信息：webwx_data_ticket=gSf7QowS60e4B2ZXhCFfGjZB; mm_lang=zh_CN; webwx_auth_ticket=CIsBEOzThCIagAHaDmFcztcg2I+5jTKedNrDplbrZwyEpuYnbnW03/NwZ+2yzIPWjJSzs8oR4sYgq9+bB7FMMpdYC7b7KGXPHSkT/XCOu4f4LoqXBz+zEYxp5DJdnVJ+LOt1eVXZveoauw9NwMO3RlljszIBPq+Mh+d0xNCbQcWpfeKafWRmwbVTjw==; webwxuvid=c33d1cae4fca9f0990475f906ac5a19b3a1a3cebf80b3ed82ca138eaf6dfb476af137fe7c4a9ad6af815c04ee3ea9eb3; wxloadtime=1547796547; wxsid=JEWz5PWk1wIZAVpW; wxuin=2626283019 
[2019-01-18 15:29:08] 执行出错：登录时出错： unrecognized token: "4Y9wuphJrg" 
[2019-01-18 15:29:54] 执行成功：发送邮件成功 
[2019-01-18 15:30:00] 提示信息：二维码已扫描，等待授权... 
[2019-01-18 15:30:03] 提示信息：已获授权 
[2019-01-18 15:30:04] 提示信息：b'<error><ret>0</ret><message></message><skey>@crypt_59b22fc7_56ca90a453f83a13498e4b0971858679</skey><wxsid>v45U6UIXYLGjhhp3</wxsid><wxuin>2626283019</wxuin><pass_ticket>IsTar2I0lxa8RZI2jSs2OC7ushi6UMPsQRUJCPHqHWwU7UnRw15mgAiz8RZWws58</pass_ticket><isgrayscale>1</isgrayscale></error>' 
[2019-01-18 15:30:04] 执行成功：{'ret': '0', 'message': '', 'skey': '@crypt_59b22fc7_56ca90a453f83a13498e4b0971858679', 'wxsid': 'v45U6UIXYLGjhhp3', 'wxuin': '2626283019', 'pass_ticket': 'IsTar2I0lxa8RZI2jSs2OC7ushi6UMPsQRUJCPHqHWwU7UnRw15mgAiz8RZWws58', 'isgrayscale': '1'} 
[2019-01-18 15:30:04] 提示信息：<RequestsCookieJar[<Cookie webwx_data_ticket=gSeqha/S20nuXXFKMo5cx66k for .qq.com/>, <Cookie mm_lang=zh_CN for .wx2.qq.com/>, <Cookie webwx_auth_ticket=CIsBEP/UpJcLGoABzF1z4q8UWyVxCWO9tCPHDqZW62cMhKbmJ251tN/zcGfq9/y0KaihwqOaM21PWLNPOWJyodaLG7DU9Kij2Hfqrq33YQg+nZnSYgt6qj161Q2y/+pQVL22h0J0sT4TdlL0NKEboSAnN7aN66qQ4VbDXcTQm0HFqX3imn1kZsG1U48= for .wx2.qq.com/>, <Cookie webwxuvid=c33d1cae4fca9f0990475f906ac5a19bdd158c3d67f99d4ed98b395b598ff84b7c51e7baaa5b501a16b4d031d87affa7 for .wx2.qq.com/>, <Cookie wxloadtime=1547796602 for .wx2.qq.com/>, <Cookie wxsid=v45U6UIXYLGjhhp3 for .wx2.qq.com/>, <Cookie wxuin=2626283019 for .wx2.qq.com/>]> 
[2019-01-18 15:30:04] 提示信息：webwx_data_ticket=gSeqha/S20nuXXFKMo5cx66k; mm_lang=zh_CN; webwx_auth_ticket=CIsBEP/UpJcLGoABzF1z4q8UWyVxCWO9tCPHDqZW62cMhKbmJ251tN/zcGfq9/y0KaihwqOaM21PWLNPOWJyodaLG7DU9Kij2Hfqrq33YQg+nZnSYgt6qj161Q2y/+pQVL22h0J0sT4TdlL0NKEboSAnN7aN66qQ4VbDXcTQm0HFqX3imn1kZsG1U48=; webwxuvid=c33d1cae4fca9f0990475f906ac5a19bdd158c3d67f99d4ed98b395b598ff84b7c51e7baaa5b501a16b4d031d87affa7; wxloadtime=1547796602; wxsid=v45U6UIXYLGjhhp3; wxuin=2626283019 
[2019-01-18 15:30:04] 执行出错：登录时出错： near "==": syntax error 
[2019-01-18 15:30:33] 执行成功：发送邮件成功 
[2019-01-18 15:30:42] 提示信息：二维码已扫描，等待授权... 
[2019-01-18 15:30:45] 提示信息：已获授权 
[2019-01-18 15:30:46] 提示信息：b'<error><ret>0</ret><message></message><skey>@crypt_59b22fc7_72585eb0bce71fcfdc125aabf86cb768</skey><wxsid>g2Zs7KqdSDuvDea6</wxsid><wxuin>2626283019</wxuin><pass_ticket>1d5wDN8nv7OzeQUaPtIVdHBB71pW3gYwFCr5C5Lx34dU5YWpV1Z%2FzK%2Bxy6R2b7Z0</pass_ticket><isgrayscale>1</isgrayscale></error>' 
[2019-01-18 15:30:46] 执行成功：{'ret': '0', 'message': '', 'skey': '@crypt_59b22fc7_72585eb0bce71fcfdc125aabf86cb768', 'wxsid': 'g2Zs7KqdSDuvDea6', 'wxuin': '2626283019', 'pass_ticket': '1d5wDN8nv7OzeQUaPtIVdHBB71pW3gYwFCr5C5Lx34dU5YWpV1Z%2FzK%2Bxy6R2b7Z0', 'isgrayscale': '1'} 
[2019-01-18 15:30:46] 提示信息：<RequestsCookieJar[<Cookie webwx_data_ticket=gSdlrjCdLQjtQ4z5IePK+jvS for .qq.com/>, <Cookie mm_lang=zh_CN for .wx2.qq.com/>, <Cookie webwx_auth_ticket=CIsBEIHX4MQFGoABZXd4MplJiWuWKYbQ2FH73KZW62cMhKbmJ251tN/zcGfq9/y0KaihwqOaM21PWLNPOWJyodaLG7DU9Kij2HfqrhSzo8Ovvb12FWLoJ2p9TEPhFK6TyHBYfrnyWkDXwJF/kWoqDxr7jTHIVnraVzYlbcTQm0HFqX3imn1kZsG1U48= for .wx2.qq.com/>, <Cookie webwxuvid=c33d1cae4fca9f0990475f906ac5a19bdd158c3d67f99d4ed98b395b598ff84bedbba6e546151e261c11c2ef94841a53 for .wx2.qq.com/>, <Cookie wxloadtime=1547796644 for .wx2.qq.com/>, <Cookie wxsid=g2Zs7KqdSDuvDea6 for .wx2.qq.com/>, <Cookie wxuin=2626283019 for .wx2.qq.com/>]> 
[2019-01-18 15:30:46] 提示信息：webwx_data_ticket=gSdlrjCdLQjtQ4z5IePK+jvS; mm_lang=zh_CN; webwx_auth_ticket=CIsBEIHX4MQFGoABZXd4MplJiWuWKYbQ2FH73KZW62cMhKbmJ251tN/zcGfq9/y0KaihwqOaM21PWLNPOWJyodaLG7DU9Kij2HfqrhSzo8Ovvb12FWLoJ2p9TEPhFK6TyHBYfrnyWkDXwJF/kWoqDxr7jTHIVnraVzYlbcTQm0HFqX3imn1kZsG1U48=; webwxuvid=c33d1cae4fca9f0990475f906ac5a19bdd158c3d67f99d4ed98b395b598ff84bedbba6e546151e261c11c2ef94841a53; wxloadtime=1547796644; wxsid=g2Zs7KqdSDuvDea6; wxuin=2626283019 
[2019-01-18 15:30:46] 执行出错：登录时出错： unrecognized token: "3yFzhA" 
[2019-01-18 15:33:17] 执行成功：发送邮件成功 
[2019-01-18 15:33:27] 提示信息：二维码已扫描，等待授权... 
[2019-01-18 15:33:30] 提示信息：已获授权 
[2019-01-18 15:33:31] 提示信息：b'<error><ret>0</ret><message></message><skey>@crypt_59b22fc7_e402315bf94bc76bcb69ceddbd4dded0</skey><wxsid>mX8nqa7e4WmlS8V1</wxsid><wxuin>2626283019</wxuin><pass_ticket>BemQ292dodOKIp6DGhX1T6Xu3CtcnoH1ul48PSSLIZIla8YW3EraEA69QaVjSWHQ</pass_ticket><isgrayscale>1</isgrayscale></error>' 
[2019-01-18 15:33:31] 执行成功：{'ret': '0', 'message': '', 'skey': '@crypt_59b22fc7_e402315bf94bc76bcb69ceddbd4dded0', 'wxsid': 'mX8nqa7e4WmlS8V1', 'wxuin': '2626283019', 'pass_ticket': 'BemQ292dodOKIp6DGhX1T6Xu3CtcnoH1ul48PSSLIZIla8YW3EraEA69QaVjSWHQ', 'isgrayscale': '1'} 
[2019-01-18 15:33:31] 提示信息：<RequestsCookieJar[<Cookie webwx_data_ticket=gSdP5ICPoompdGIQvAb08DKs for .qq.com/>, <Cookie mm_lang=zh_CN for .wx2.qq.com/>, <Cookie webwx_auth_ticket=CIsBEL7FmLMJGoABJ3jKIubmEqtgZ6U5FEhA4qZW62cMhKbmJ251tN/zcGfbCFBHz3HzbxinLbwuZGXOY2ILNWYevVz0MLXW1lmStjMXIhU+PYAFB2vcxX9JWBT2UlESTCYRG585aBz+pIweicS7YiSsoZ7U09QARMBYzMTQm0HFqX3imn1kZsG1U48= for .wx2.qq.com/>, <Cookie webwxuvid=c33d1cae4fca9f0990475f906ac5a19b47120dd05b4d7b644f7abefa2d80795f74518f4c7404cb6040d32f194713c33c for .wx2.qq.com/>, <Cookie wxloadtime=1547796809 for .wx2.qq.com/>, <Cookie wxsid=mX8nqa7e4WmlS8V1 for .wx2.qq.com/>, <Cookie wxuin=2626283019 for .wx2.qq.com/>]> 
[2019-01-18 15:33:31] 提示信息：webwx_data_ticket=gSdP5ICPoompdGIQvAb08DKs; mm_lang=zh_CN; webwx_auth_ticket=CIsBEL7FmLMJGoABJ3jKIubmEqtgZ6U5FEhA4qZW62cMhKbmJ251tN/zcGfbCFBHz3HzbxinLbwuZGXOY2ILNWYevVz0MLXW1lmStjMXIhU+PYAFB2vcxX9JWBT2UlESTCYRG585aBz+pIweicS7YiSsoZ7U09QARMBYzMTQm0HFqX3imn1kZsG1U48=; webwxuvid=c33d1cae4fca9f0990475f906ac5a19b47120dd05b4d7b644f7abefa2d80795f74518f4c7404cb6040d32f194713c33c; wxloadtime=1547796809; wxsid=mX8nqa7e4WmlS8V1; wxuin=2626283019 
[2019-01-18 15:33:31] 执行出错：登录时出错： no such table: wxsession 
[2019-01-18 15:35:16] 执行成功：发送邮件成功 
[2019-01-18 15:35:24] 提示信息：二维码已扫描，等待授权... 
[2019-01-18 15:35:27] 提示信息：已获授权 
[2019-01-18 15:35:28] 提示信息：b'<error><ret>0</ret><message></message><skey>@crypt_59b22fc7_363d8137d4646aeecdf853165fb79923</skey><wxsid>o3g+Bznv2e06oQGi</wxsid><wxuin>2626283019</wxuin><pass_ticket>tv0Au0bD7S88xoMRK4bpECwOOXFNUHm%2FeRcjZd2cpd2otFlpgDipFXMA7uCJdsUX</pass_ticket><isgrayscale>1</isgrayscale></error>' 
[2019-01-18 15:35:28] 执行成功：{'ret': '0', 'message': '', 'skey': '@crypt_59b22fc7_363d8137d4646aeecdf853165fb79923', 'wxsid': 'o3g+Bznv2e06oQGi', 'wxuin': '2626283019', 'pass_ticket': 'tv0Au0bD7S88xoMRK4bpECwOOXFNUHm%2FeRcjZd2cpd2otFlpgDipFXMA7uCJdsUX', 'isgrayscale': '1'} 
[2019-01-18 15:35:28] 提示信息：<RequestsCookieJar[<Cookie webwx_data_ticket=gSeuFGKvoc323OHuqPvrLl74 for .qq.com/>, <Cookie mm_lang=zh_CN for .wx2.qq.com/>, <Cookie webwx_auth_ticket=CIsBEP7RvKQPGoAB/j0Byr7oZRSFya3khCdJZKZW62cMhKbmJ251tN/zcGegXGEPN5lBUiZkc/ura4EHgkKTwyxa21EyEvQclq+zuA0BUC+yLe+Z9PEw8/Ib7j9jq8Futv559gjJmeUOcCCCVwt5t0y03oQ/2aTvw/kEqMTQm0HFqX3imn1kZsG1U48= for .wx2.qq.com/>, <Cookie webwxuvid=c33d1cae4fca9f0990475f906ac5a19bdf1e0d4b77b20c5428b11a51a3526f43206fcd2bf26cc2ab7c3dcabcdb95a5f4 for .wx2.qq.com/>, <Cookie wxloadtime=1547796927 for .wx2.qq.com/>, <Cookie wxsid=o3g+Bznv2e06oQGi for .wx2.qq.com/>, <Cookie wxuin=2626283019 for .wx2.qq.com/>]> 
[2019-01-18 15:35:28] 提示信息：webwx_data_ticket=gSeuFGKvoc323OHuqPvrLl74; mm_lang=zh_CN; webwx_auth_ticket=CIsBEP7RvKQPGoAB/j0Byr7oZRSFya3khCdJZKZW62cMhKbmJ251tN/zcGegXGEPN5lBUiZkc/ura4EHgkKTwyxa21EyEvQclq+zuA0BUC+yLe+Z9PEw8/Ib7j9jq8Futv559gjJmeUOcCCCVwt5t0y03oQ/2aTvw/kEqMTQm0HFqX3imn1kZsG1U48=; webwxuvid=c33d1cae4fca9f0990475f906ac5a19bdf1e0d4b77b20c5428b11a51a3526f43206fcd2bf26cc2ab7c3dcabcdb95a5f4; wxloadtime=1547796927; wxsid=o3g+Bznv2e06oQGi; wxuin=2626283019 
[2019-01-18 15:35:28] 执行出错：登录时出错： no such table: wxsession 
[2019-01-18 15:38:53] 执行成功：发送邮件成功 
[2019-01-18 15:39:21] 提示信息：等待二维码扫描及授权... 
[2019-01-18 15:39:49] 提示信息：等待二维码扫描及授权... 
[2019-01-18 15:40:17] 提示信息：等待二维码扫描及授权... 
[2019-01-18 15:40:45] 提示信息：等待二维码扫描及授权... 
[2019-01-18 15:41:13] 提示信息：等待二维码扫描及授权... 
[2019-01-18 15:41:41] 提示信息：等待二维码扫描及授权... 
[2019-01-18 15:42:05] 提示信息：二维码已扫描，等待授权... 
[2019-01-18 15:42:08] 提示信息：已获授权 
[2019-01-18 15:42:08] 提示信息：b'<error><ret>0</ret><message></message><skey>@crypt_59b22fc7_34ec7202646895f3802df7351e2103df</skey><wxsid>uP1huv072UBZFem0</wxsid><wxuin>2626283019</wxuin><pass_ticket>%2Ftzmc2dz5I6JrKeHIIO9tQ%2FAVpULfsvHaKv7HIcdGEtS58f93Hh4LJa3%2BSP2BafM</pass_ticket><isgrayscale>1</isgrayscale></error>' 
[2019-01-18 15:42:08] 执行成功：{'ret': '0', 'message': '', 'skey': '@crypt_59b22fc7_34ec7202646895f3802df7351e2103df', 'wxsid': 'uP1huv072UBZFem0', 'wxuin': '2626283019', 'pass_ticket': '%2Ftzmc2dz5I6JrKeHIIO9tQ%2FAVpULfsvHaKv7HIcdGEtS58f93Hh4LJa3%2BSP2BafM', 'isgrayscale': '1'} 
[2019-01-18 15:42:08] 提示信息：<RequestsCookieJar[<Cookie webwx_data_ticket=gScGr7f+d2ziv+ut3oEejieD for .qq.com/>, <Cookie mm_lang=zh_CN for .wx2.qq.com/>, <Cookie webwx_auth_ticket=CIsBENrMlPQFGoABDSbdned8IM18mQsFxCJB1qZW62cMhKbmJ251tN/zcGdx/g/KFAFiay7Kp9iLRoB4IdKd/3o8RKf5dEU/v5ULPwpYtgIAHIvjHkmbxNjYzLy1ZUcd5V1Dwobd4LE46VuZGfEVzQxBBA6w0cQsXrOuxsTQm0HFqX3imn1kZsG1U48= for .wx2.qq.com/>, <Cookie webwxuvid=c33d1cae4fca9f0990475f906ac5a19be0c108fd8f20de59cbf7d1a45bd9003ee59eeec662966beab0929003c9646f17 for .wx2.qq.com/>, <Cookie wxloadtime=1547797327 for .wx2.qq.com/>, <Cookie wxsid=uP1huv072UBZFem0 for .wx2.qq.com/>, <Cookie wxuin=2626283019 for .wx2.qq.com/>]> 
[2019-01-18 15:42:08] 提示信息：webwx_data_ticket=gScGr7f+d2ziv+ut3oEejieD; mm_lang=zh_CN; webwx_auth_ticket=CIsBENrMlPQFGoABDSbdned8IM18mQsFxCJB1qZW62cMhKbmJ251tN/zcGdx/g/KFAFiay7Kp9iLRoB4IdKd/3o8RKf5dEU/v5ULPwpYtgIAHIvjHkmbxNjYzLy1ZUcd5V1Dwobd4LE46VuZGfEVzQxBBA6w0cQsXrOuxsTQm0HFqX3imn1kZsG1U48=; webwxuvid=c33d1cae4fca9f0990475f906ac5a19be0c108fd8f20de59cbf7d1a45bd9003ee59eeec662966beab0929003c9646f17; wxloadtime=1547797327; wxsid=uP1huv072UBZFem0; wxuin=2626283019 
[2019-01-18 15:42:08] 执行出错：登录时出错： no such table: wxsession 
[2019-01-18 15:43:42] 执行成功：发送邮件成功 
[2019-01-18 15:43:50] 提示信息：二维码已扫描，等待授权... 
[2019-01-18 15:43:53] 提示信息：已获授权 
[2019-01-18 15:43:54] 提示信息：b'<error><ret>0</ret><message></message><skey>@crypt_59b22fc7_13a58b36af0d594c9692ab6f6c3b7c78</skey><wxsid>Qi35QFiAcpQUZBEK</wxsid><wxuin>2626283019</wxuin><pass_ticket>xPn31yfWrJ%2B%2FKalD7TLLYoWpkBDL6ermfQwHsbEXsl0H9k0NDbFBouES0kGK0Kyy</pass_ticket><isgrayscale>1</isgrayscale></error>' 
[2019-01-18 15:43:54] 执行成功：{'ret': '0', 'message': '', 'skey': '@crypt_59b22fc7_13a58b36af0d594c9692ab6f6c3b7c78', 'wxsid': 'Qi35QFiAcpQUZBEK', 'wxuin': '2626283019', 'pass_ticket': 'xPn31yfWrJ%2B%2FKalD7TLLYoWpkBDL6ermfQwHsbEXsl0H9k0NDbFBouES0kGK0Kyy', 'isgrayscale': '1'} 
[2019-01-18 15:43:54] 提示信息：<RequestsCookieJar[<Cookie webwx_data_ticket=gSdCiapUUlruPQ/i0EH8LlwU for .qq.com/>, <Cookie mm_lang=zh_CN for .wx2.qq.com/>, <Cookie webwx_auth_ticket=CIsBEKPJ5OsLGoAB6mIIAF5KhYqHRSIzPuPAb6ZW62cMhKbmJ251tN/zcGdGJCkOT4BcSq8xFOkaqZFd9ok16SCpzzdY7j8lzAbp99SWd4QVv4DvI3yBZ8XFMgpfnrZ8eU0Se6/5MVUwPqNv9TdYdqe5dTxfuNZoA1a1x8TQm0HFqX3imn1kZsG1U48= for .wx2.qq.com/>, <Cookie webwxuvid=c33d1cae4fca9f0990475f906ac5a19b1c6721a23d19442f01ee876614134b1e13d81fbd2787dec3ffbd7cc899b55332 for .wx2.qq.com/>, <Cookie wxloadtime=1547797432 for .wx2.qq.com/>, <Cookie wxsid=Qi35QFiAcpQUZBEK for .wx2.qq.com/>, <Cookie wxuin=2626283019 for .wx2.qq.com/>]> 
[2019-01-18 15:43:54] 提示信息：webwx_data_ticket=gSdCiapUUlruPQ/i0EH8LlwU; mm_lang=zh_CN; webwx_auth_ticket=CIsBEKPJ5OsLGoAB6mIIAF5KhYqHRSIzPuPAb6ZW62cMhKbmJ251tN/zcGdGJCkOT4BcSq8xFOkaqZFd9ok16SCpzzdY7j8lzAbp99SWd4QVv4DvI3yBZ8XFMgpfnrZ8eU0Se6/5MVUwPqNv9TdYdqe5dTxfuNZoA1a1x8TQm0HFqX3imn1kZsG1U48=; webwxuvid=c33d1cae4fca9f0990475f906ac5a19b1c6721a23d19442f01ee876614134b1e13d81fbd2787dec3ffbd7cc899b55332; wxloadtime=1547797432; wxsid=Qi35QFiAcpQUZBEK; wxuin=2626283019 
[2019-01-18 15:43:54] 执行出错：登录时出错： no such table: wxsession 
[2019-01-18 15:45:41] 执行成功：发送邮件成功 
[2019-01-18 15:45:57] 提示信息：二维码已扫描，等待授权... 
[2019-01-18 15:46:00] 提示信息：已获授权 
[2019-01-18 15:46:00] 提示信息：b'<error><ret>0</ret><message></message><skey>@crypt_59b22fc7_41ba087ece2faedc46fdd40f8bea6ea1</skey><wxsid>+oHJ16Zik1VCYeIC</wxsid><wxuin>2626283019</wxuin><pass_ticket>5eCBVWzQhI%2Ff0GlwHFGr4ETO61s1uWs7ALwER4F2XWwEEwpazuSGvH0Qu41TZ0Om</pass_ticket><isgrayscale>1</isgrayscale></error>' 
[2019-01-18 15:46:00] 执行成功：{'ret': '0', 'message': '', 'skey': '@crypt_59b22fc7_41ba087ece2faedc46fdd40f8bea6ea1', 'wxsid': '+oHJ16Zik1VCYeIC', 'wxuin': '2626283019', 'pass_ticket': '5eCBVWzQhI%2Ff0GlwHFGr4ETO61s1uWs7ALwER4F2XWwEEwpazuSGvH0Qu41TZ0Om', 'isgrayscale': '1'} 
[2019-01-18 15:46:00] 提示信息：<RequestsCookieJar[<Cookie webwx_data_ticket=gSfxPKT9fBZP+gO4hbgx6jC1 for .qq.com/>, <Cookie mm_lang=zh_CN for .wx2.qq.com/>, <Cookie webwx_auth_ticket=CIsBEJjV1MILGoABTnA5kDTGqnzLNy60uNaJp6ZW62cMhKbmJ251tN/zcGe0zhu56nFf4r5lZPPHeiqoW8NOtPS2FK0cTPr9CosXjRu2LDAjszvhrvir0iAnqAYZFtp76wla+w6AqQYotUpl47PQYe7gku/UN3darXjNm8TQm0HFqX3imn1kZsG1U48= for .wx2.qq.com/>, <Cookie webwxuvid=c33d1cae4fca9f0990475f906ac5a19b2aaaa40b048e5047f4fc796aa82d0eea9b41d8cff6d0c9fde68166f2d3108979 for .wx2.qq.com/>, <Cookie wxloadtime=1547797558 for .wx2.qq.com/>, <Cookie wxsid=+oHJ16Zik1VCYeIC for .wx2.qq.com/>, <Cookie wxuin=2626283019 for .wx2.qq.com/>]> 
[2019-01-18 15:46:00] 提示信息：webwx_data_ticket=gSfxPKT9fBZP+gO4hbgx6jC1; mm_lang=zh_CN; webwx_auth_ticket=CIsBEJjV1MILGoABTnA5kDTGqnzLNy60uNaJp6ZW62cMhKbmJ251tN/zcGe0zhu56nFf4r5lZPPHeiqoW8NOtPS2FK0cTPr9CosXjRu2LDAjszvhrvir0iAnqAYZFtp76wla+w6AqQYotUpl47PQYe7gku/UN3darXjNm8TQm0HFqX3imn1kZsG1U48=; webwxuvid=c33d1cae4fca9f0990475f906ac5a19b2aaaa40b048e5047f4fc796aa82d0eea9b41d8cff6d0c9fde68166f2d3108979; wxloadtime=1547797558; wxsid=+oHJ16Zik1VCYeIC; wxuin=2626283019 
[2019-01-18 15:47:24] 执行成功：发送邮件成功 
[2019-01-18 15:47:52] 提示信息：等待二维码扫描及授权... 
[2019-01-18 15:48:20] 提示信息：等待二维码扫描及授权... 
[2019-01-18 15:48:48] 提示信息：等待二维码扫描及授权... 
[2019-01-18 15:49:16] 提示信息：等待二维码扫描及授权... 
[2019-01-18 15:49:44] 提示信息：等待二维码扫描及授权... 
[2019-01-18 15:50:12] 提示信息：等待二维码扫描及授权... 
[2019-01-18 15:50:41] 提示信息：等待二维码扫描及授权... 
[2019-01-18 15:51:09] 提示信息：等待二维码扫描及授权... 
[2019-01-18 15:51:37] 提示信息：等待二维码扫描及授权... 
[2019-01-18 15:52:05] 提示信息：等待二维码扫描及授权... 
[2019-01-18 15:52:33] 提示信息：等待二维码扫描及授权... 
[2019-01-18 15:52:36] 执行出错：获取二维码扫描状态时出错, html="%s" window.code=400; 
[2019-01-18 16:05:21] 执行成功：发送邮件成功 
[2019-01-18 16:05:49] 提示信息：等待二维码扫描及授权... 
[2019-01-18 16:06:17] 提示信息：等待二维码扫描及授权... 
[2019-01-18 16:06:45] 提示信息：等待二维码扫描及授权... 
[2019-01-18 16:07:13] 提示信息：等待二维码扫描及授权... 
[2019-01-18 16:07:33] 执行成功：发送邮件成功 
[2019-01-18 16:07:52] 提示信息：二维码已扫描，等待授权... 
[2019-01-18 16:07:55] 提示信息：已获授权 
[2019-01-18 16:07:56] 提示信息：b'<error><ret>0</ret><message></message><skey>@crypt_59b22fc7_fd9422117e96bcc47f318ad9c86bbf56</skey><wxsid>qUp/wRCIDoT12XW0</wxsid><wxuin>2626283019</wxuin><pass_ticket>VVJoW%2BeD3xE0OYTWCz8M7eIL0rL3r2Ks8OMaxbyDg6Ik97As9g6%2FoYUslul83Vwn</pass_ticket><isgrayscale>1</isgrayscale></error>' 
[2019-01-18 16:07:56] 执行成功：{'ret': '0', 'message': '', 'skey': '@crypt_59b22fc7_fd9422117e96bcc47f318ad9c86bbf56', 'wxsid': 'qUp/wRCIDoT12XW0', 'wxuin': '2626283019', 'pass_ticket': 'VVJoW%2BeD3xE0OYTWCz8M7eIL0rL3r2Ks8OMaxbyDg6Ik97As9g6%2FoYUslul83Vwn', 'isgrayscale': '1'} 
[2019-01-18 16:07:56] 提示信息：<RequestsCookieJar[<Cookie webwx_data_ticket=gSdivdTUkwHDZjT8lASsDQIV for .qq.com/>, <Cookie mm_lang=zh_CN for .wx2.qq.com/>, <Cookie webwx_auth_ticket=CIsBEJrN9P8DGoABg6FmvsLMnJFdwQ0pLAz/mqZW62cMhKbmJ251tN/zcGevsxysWG3+1vDzIiyiyWD3MMB+ZI4JhDqg/yk+1X1H8MNPenw7ppUsbxt5JsTNMIJhLFMfrjMN51bLbRq7A9rCJOjoDISjl02nPrgWQz9cHcTQm0HFqX3imn1kZsG1U48= for .wx2.qq.com/>, <Cookie webwxuvid=c33d1cae4fca9f0990475f906ac5a19b74514f77f363d34d63687baf231f919ef19354230c82f6b1c248613f5d642482 for .wx2.qq.com/>, <Cookie wxloadtime=1547798874 for .wx2.qq.com/>, <Cookie wxsid=qUp/wRCIDoT12XW0 for .wx2.qq.com/>, <Cookie wxuin=2626283019 for .wx2.qq.com/>]> 
[2019-01-18 16:07:56] 提示信息：webwx_data_ticket=gSdivdTUkwHDZjT8lASsDQIV; mm_lang=zh_CN; webwx_auth_ticket=CIsBEJrN9P8DGoABg6FmvsLMnJFdwQ0pLAz/mqZW62cMhKbmJ251tN/zcGevsxysWG3+1vDzIiyiyWD3MMB+ZI4JhDqg/yk+1X1H8MNPenw7ppUsbxt5JsTNMIJhLFMfrjMN51bLbRq7A9rCJOjoDISjl02nPrgWQz9cHcTQm0HFqX3imn1kZsG1U48=; webwxuvid=c33d1cae4fca9f0990475f906ac5a19b74514f77f363d34d63687baf231f919ef19354230c82f6b1c248613f5d642482; wxloadtime=1547798874; wxsid=qUp/wRCIDoT12XW0; wxuin=2626283019 
[2019-01-18 16:08:01] 执行成功：发送邮件成功 
[2019-01-18 16:10:47] 提示信息：{'User-Agent': 'Mozilla/5.0 (Windows NT 10.0; WOW64) AppleWebKit/537.36 (KHTML, like Gecko) Chrome/63.0.3239.132 Safari/537.36', 'Accept-Encoding': 'gzip, deflate', 'Accept': '*/*', 'Connection': 'keep-alive', 'Content-Type': 'application/x-www-form-urlencoded; charset=UTF-8', 'Set-Cookies': 'e930203313396554'} 
[2019-01-18 16:10:47] 提示信息：e930203313396554 
[2019-01-18 16:10:49] 执行成功：发送邮件成功 
[2019-01-18 16:11:17] 提示信息：等待二维码扫描及授权... 
[2019-01-18 16:11:45] 提示信息：等待二维码扫描及授权... 
[2019-01-18 16:12:10] 提示信息：{'User-Agent': 'Mozilla/5.0 (Windows NT 10.0; WOW64) AppleWebKit/537.36 (KHTML, like Gecko) Chrome/63.0.3239.132 Safari/537.36', 'Accept-Encoding': 'gzip, deflate', 'Accept': '*/*', 'Connection': 'keep-alive', 'Content-Type': 'application/x-www-form-urlencoded; charset=UTF-8', 'Set-Cookies': 'webwx_data_ticket=gSdivdTUkwHDZjT8lASsDQIV; mm_lang=zh_CN; webwx_auth_ticket=CIsBEJrN9P8DGoABg6FmvsLMnJFdwQ0pLAz/mqZW62cMhKbmJ251tN/zcGevsxysWG3+1vDzIiyiyWD3MMB+ZI4JhDqg/yk+1X1H8MNPenw7ppUsbxt5JsTNMIJhLFMfrjMN51bLbRq7A9rCJOjoDISjl02nPrgWQz9cHcTQm0HFqX3imn1kZsG1U48=; webwxuvid=c33d1cae4fca9f0990475f906ac5a19b74514f77f363d34d63687baf231f919ef19354230c82f6b1c248613f5d642482; wxloadtime=1547798874; wxsid=qUp/wRCIDoT12XW0; wxuin=2626283019'} 
[2019-01-18 16:12:10] 提示信息：webwx_data_ticket=gSdivdTUkwHDZjT8lASsDQIV; mm_lang=zh_CN; webwx_auth_ticket=CIsBEJrN9P8DGoABg6FmvsLMnJFdwQ0pLAz/mqZW62cMhKbmJ251tN/zcGevsxysWG3+1vDzIiyiyWD3MMB+ZI4JhDqg/yk+1X1H8MNPenw7ppUsbxt5JsTNMIJhLFMfrjMN51bLbRq7A9rCJOjoDISjl02nPrgWQz9cHcTQm0HFqX3imn1kZsG1U48=; webwxuvid=c33d1cae4fca9f0990475f906ac5a19b74514f77f363d34d63687baf231f919ef19354230c82f6b1c248613f5d642482; wxloadtime=1547798874; wxsid=qUp/wRCIDoT12XW0; wxuin=2626283019 
[2019-01-18 16:12:13] 执行成功：发送邮件成功 
[2019-01-18 16:12:41] 提示信息：等待二维码扫描及授权... 
[2019-01-18 16:13:09] 提示信息：等待二维码扫描及授权... 
[2019-01-18 16:13:37] 提示信息：等待二维码扫描及授权... 
[2019-01-18 16:14:05] 提示信息：等待二维码扫描及授权... 
[2019-01-18 16:14:33] 提示信息：等待二维码扫描及授权... 
[2019-01-18 16:15:01] 提示信息：等待二维码扫描及授权... 
[2019-01-18 16:15:29] 提示信息：等待二维码扫描及授权... 
[2019-01-18 16:15:58] 提示信息：等待二维码扫描及授权... 
[2019-01-18 16:16:26] 提示信息：等待二维码扫描及授权... 
[2019-01-18 16:16:40] 提示信息：二维码已扫描，等待授权... 
[2019-01-18 16:16:43] 提示信息：已获授权 
[2019-01-18 16:16:43] 提示信息：b'<error><ret>0</ret><message></message><skey>@crypt_59b22fc7_ed8f261db9a75b6c0ab055faaa74580b</skey><wxsid>dJTXeb/akfdjQDov</wxsid><wxuin>2626283019</wxuin><pass_ticket>dRMYu4Af%2BmVJBck5BBfIaRYQjjJjh6G0uHlrE3FMn7gnPAPTUc4yCZC9jWhNSPCZ</pass_ticket><isgrayscale>1</isgrayscale></error>' 
[2019-01-18 16:16:43] 执行成功：{'ret': '0', 'message': '', 'skey': '@crypt_59b22fc7_ed8f261db9a75b6c0ab055faaa74580b', 'wxsid': 'dJTXeb/akfdjQDov', 'wxuin': '2626283019', 'pass_ticket': 'dRMYu4Af%2BmVJBck5BBfIaRYQjjJjh6G0uHlrE3FMn7gnPAPTUc4yCZC9jWhNSPCZ', 'isgrayscale': '1'} 
[2019-01-18 16:16:43] 提示信息：<RequestsCookieJar[<Cookie webwx_data_ticket=gScT4ocnXR1PkcKsp9N6HXzU for .qq.com/>, <Cookie mm_lang=zh_CN for .wx2.qq.com/>, <Cookie webwx_auth_ticket=CIsBELXKxLIOGoABqBUVUogyUrEr+prlfBMbBaZW62cMhKbmJ251tN/zcGeRp4NNYGGYlfZi0giM/hbve+8SwSYNBYs0M1FMU5MgPWx1zPwvWutrxFRuFRCCfpx1UGvyQlH/MWld6/BwaXzYIwLU/HCwlbNPSbiT/zt8KsTQm0HFqX3imn1kZsG1U48= for .wx2.qq.com/>, <Cookie webwxuvid=c33d1cae4fca9f0990475f906ac5a19beb3df020c3b148ba6b094f1a77d2a406f6304ab99baf61a1cb7d8a6101147220 for .wx2.qq.com/>, <Cookie wxloadtime=1547799401 for .wx2.qq.com/>, <Cookie wxsid=dJTXeb/akfdjQDov for .wx2.qq.com/>, <Cookie wxuin=2626283019 for .wx2.qq.com/>]> 
[2019-01-18 16:16:43] 提示信息：webwx_data_ticket=gScT4ocnXR1PkcKsp9N6HXzU; mm_lang=zh_CN; webwx_auth_ticket=CIsBELXKxLIOGoABqBUVUogyUrEr+prlfBMbBaZW62cMhKbmJ251tN/zcGeRp4NNYGGYlfZi0giM/hbve+8SwSYNBYs0M1FMU5MgPWx1zPwvWutrxFRuFRCCfpx1UGvyQlH/MWld6/BwaXzYIwLU/HCwlbNPSbiT/zt8KsTQm0HFqX3imn1kZsG1U48=; webwxuvid=c33d1cae4fca9f0990475f906ac5a19beb3df020c3b148ba6b094f1a77d2a406f6304ab99baf61a1cb7d8a6101147220; wxloadtime=1547799401; wxsid=dJTXeb/akfdjQDov; wxuin=2626283019 
[2019-01-18 16:16:46] 提示信息：{'User-Agent': 'Mozilla/5.0 (Windows NT 10.0; WOW64) AppleWebKit/537.36 (KHTML, like Gecko) Chrome/63.0.3239.132 Safari/537.36', 'Accept-Encoding': 'gzip, deflate', 'Accept': '*/*', 'Connection': 'keep-alive', 'Content-Type': 'application/x-www-form-urlencoded; charset=UTF-8', 'Set-Cookies': 'webwx_data_ticket=gScT4ocnXR1PkcKsp9N6HXzU; mm_lang=zh_CN; webwx_auth_ticket=CIsBELXKxLIOGoABqBUVUogyUrEr+prlfBMbBaZW62cMhKbmJ251tN/zcGeRp4NNYGGYlfZi0giM/hbve+8SwSYNBYs0M1FMU5MgPWx1zPwvWutrxFRuFRCCfpx1UGvyQlH/MWld6/BwaXzYIwLU/HCwlbNPSbiT/zt8KsTQm0HFqX3imn1kZsG1U48=; webwxuvid=c33d1cae4fca9f0990475f906ac5a19beb3df020c3b148ba6b094f1a77d2a406f6304ab99baf61a1cb7d8a6101147220; wxloadtime=1547799401; wxsid=dJTXeb/akfdjQDov; wxuin=2626283019'} 
[2019-01-18 16:16:46] 提示信息：webwx_data_ticket=gScT4ocnXR1PkcKsp9N6HXzU; mm_lang=zh_CN; webwx_auth_ticket=CIsBELXKxLIOGoABqBUVUogyUrEr+prlfBMbBaZW62cMhKbmJ251tN/zcGeRp4NNYGGYlfZi0giM/hbve+8SwSYNBYs0M1FMU5MgPWx1zPwvWutrxFRuFRCCfpx1UGvyQlH/MWld6/BwaXzYIwLU/HCwlbNPSbiT/zt8KsTQm0HFqX3imn1kZsG1U48=; webwxuvid=c33d1cae4fca9f0990475f906ac5a19beb3df020c3b148ba6b094f1a77d2a406f6304ab99baf61a1cb7d8a6101147220; wxloadtime=1547799401; wxsid=dJTXeb/akfdjQDov; wxuin=2626283019 
[2019-01-18 16:16:49] 执行成功：发送邮件成功 
[2019-01-18 16:17:18] 提示信息：等待二维码扫描及授权... 
[2019-01-18 16:17:43] 提示信息：{'User-Agent': 'Mozilla/5.0 (Windows NT 10.0; WOW64) AppleWebKit/537.36 (KHTML, like Gecko) Chrome/63.0.3239.132 Safari/537.36', 'Accept-Encoding': 'gzip, deflate', 'Accept': '*/*', 'Connection': 'keep-alive', 'Content-Type': 'application/x-www-form-urlencoded; charset=UTF-8', 'Set-Cookies': 'webwx_data_ticket=gScT4ocnXR1PkcKsp9N6HXzU; mm_lang=zh_CN; webwx_auth_ticket=CIsBELXKxLIOGoABqBUVUogyUrEr+prlfBMbBaZW62cMhKbmJ251tN/zcGeRp4NNYGGYlfZi0giM/hbve+8SwSYNBYs0M1FMU5MgPWx1zPwvWutrxFRuFRCCfpx1UGvyQlH/MWld6/BwaXzYIwLU/HCwlbNPSbiT/zt8KsTQm0HFqX3imn1kZsG1U48=; webwxuvid=c33d1cae4fca9f0990475f906ac5a19beb3df020c3b148ba6b094f1a77d2a406f6304ab99baf61a1cb7d8a6101147220; wxloadtime=1547799401; wxsid=dJTXeb/akfdjQDov; wxuin=2626283019'} 
[2019-01-18 16:17:43] 提示信息：webwx_data_ticket=gScT4ocnXR1PkcKsp9N6HXzU; mm_lang=zh_CN; webwx_auth_ticket=CIsBELXKxLIOGoABqBUVUogyUrEr+prlfBMbBaZW62cMhKbmJ251tN/zcGeRp4NNYGGYlfZi0giM/hbve+8SwSYNBYs0M1FMU5MgPWx1zPwvWutrxFRuFRCCfpx1UGvyQlH/MWld6/BwaXzYIwLU/HCwlbNPSbiT/zt8KsTQm0HFqX3imn1kZsG1U48=; webwxuvid=c33d1cae4fca9f0990475f906ac5a19beb3df020c3b148ba6b094f1a77d2a406f6304ab99baf61a1cb7d8a6101147220; wxloadtime=1547799401; wxsid=dJTXeb/akfdjQDov; wxuin=2626283019 
[2019-01-18 16:17:45] 执行成功：发送邮件成功 
[2019-01-18 16:18:14] 提示信息：等待二维码扫描及授权... 
[2019-01-18 16:18:42] 提示信息：等待二维码扫描及授权... 
[2019-01-18 16:18:59] 提示信息：{'User-Agent': 'Mozilla/5.0 (Windows NT 10.0; WOW64) AppleWebKit/537.36 (KHTML, like Gecko) Chrome/63.0.3239.132 Safari/537.36', 'Accept-Encoding': 'gzip, deflate', 'Accept': '*/*', 'Connection': 'keep-alive', 'Content-Type': 'application/x-www-form-urlencoded; charset=UTF-8', 'Cookie': 'webwx_data_ticket=gScT4ocnXR1PkcKsp9N6HXzU; mm_lang=zh_CN; webwx_auth_ticket=CIsBELXKxLIOGoABqBUVUogyUrEr+prlfBMbBaZW62cMhKbmJ251tN/zcGeRp4NNYGGYlfZi0giM/hbve+8SwSYNBYs0M1FMU5MgPWx1zPwvWutrxFRuFRCCfpx1UGvyQlH/MWld6/BwaXzYIwLU/HCwlbNPSbiT/zt8KsTQm0HFqX3imn1kZsG1U48=; webwxuvid=c33d1cae4fca9f0990475f906ac5a19beb3df020c3b148ba6b094f1a77d2a406f6304ab99baf61a1cb7d8a6101147220; wxloadtime=1547799401; wxsid=dJTXeb/akfdjQDov; wxuin=2626283019'} 
[2019-01-18 16:18:59] 提示信息：webwx_data_ticket=gScT4ocnXR1PkcKsp9N6HXzU; mm_lang=zh_CN; webwx_auth_ticket=CIsBELXKxLIOGoABqBUVUogyUrEr+prlfBMbBaZW62cMhKbmJ251tN/zcGeRp4NNYGGYlfZi0giM/hbve+8SwSYNBYs0M1FMU5MgPWx1zPwvWutrxFRuFRCCfpx1UGvyQlH/MWld6/BwaXzYIwLU/HCwlbNPSbiT/zt8KsTQm0HFqX3imn1kZsG1U48=; webwxuvid=c33d1cae4fca9f0990475f906ac5a19beb3df020c3b148ba6b094f1a77d2a406f6304ab99baf61a1cb7d8a6101147220; wxloadtime=1547799401; wxsid=dJTXeb/akfdjQDov; wxuin=2626283019 
[2019-01-18 16:19:01] 执行成功：发送邮件成功 
[2019-01-18 16:19:29] 提示信息：等待二维码扫描及授权... 
[2019-01-18 16:19:57] 提示信息：等待二维码扫描及授权... 
[2019-01-18 16:19:59] 提示信息：{'User-Agent': 'Mozilla/5.0 (Windows NT 10.0; WOW64) AppleWebKit/537.36 (KHTML, like Gecko) Chrome/63.0.3239.132 Safari/537.36', 'Accept-Encoding': 'gzip, deflate', 'Accept': '*/*', 'Connection': 'keep-alive', 'Content-Type': 'application/x-www-form-urlencoded; charset=UTF-8', 'Cookie': 'webwx_data_ticket=gScT4ocnXR1PkcKsp9N6HXzU; mm_lang=zh_CN; webwx_auth_ticket=CIsBELXKxLIOGoABqBUVUogyUrEr+prlfBMbBaZW62cMhKbmJ251tN/zcGeRp4NNYGGYlfZi0giM/hbve+8SwSYNBYs0M1FMU5MgPWx1zPwvWutrxFRuFRCCfpx1UGvyQlH/MWld6/BwaXzYIwLU/HCwlbNPSbiT/zt8KsTQm0HFqX3imn1kZsG1U48=; webwxuvid=c33d1cae4fca9f0990475f906ac5a19beb3df020c3b148ba6b094f1a77d2a406f6304ab99baf61a1cb7d8a6101147220; wxloadtime=1547799401; wxsid=dJTXeb/akfdjQDov; wxuin=2626283019'} 
[2019-01-18 16:19:59] 提示信息：webwx_data_ticket=gScT4ocnXR1PkcKsp9N6HXzU; mm_lang=zh_CN; webwx_auth_ticket=CIsBELXKxLIOGoABqBUVUogyUrEr+prlfBMbBaZW62cMhKbmJ251tN/zcGeRp4NNYGGYlfZi0giM/hbve+8SwSYNBYs0M1FMU5MgPWx1zPwvWutrxFRuFRCCfpx1UGvyQlH/MWld6/BwaXzYIwLU/HCwlbNPSbiT/zt8KsTQm0HFqX3imn1kZsG1U48=; webwxuvid=c33d1cae4fca9f0990475f906ac5a19beb3df020c3b148ba6b094f1a77d2a406f6304ab99baf61a1cb7d8a6101147220; wxloadtime=1547799401; wxsid=dJTXeb/akfdjQDov; wxuin=2626283019 
[2019-01-18 16:20:01] 执行成功：发送邮件成功 
[2019-01-18 16:20:29] 提示信息：等待二维码扫描及授权... 
[2019-01-18 16:20:51] 提示信息：二维码已扫描，等待授权... 
[2019-01-18 16:20:54] 提示信息：已获授权 
[2019-01-18 16:20:54] 提示信息：b'<error><ret>0</ret><message></message><skey>@crypt_59b22fc7_9ba4a737425fd998145a4ab85bfc48d1</skey><wxsid>Nnpwh4CGklz4ilrw</wxsid><wxuin>2626283019</wxuin><pass_ticket>TTH6yGQO8PPax2cZHvIT1te82ScMEUHVXj4sv8pVID7ypxjPY3AbnXMqYGfwhnhU</pass_ticket><isgrayscale>1</isgrayscale></error>' 
[2019-01-18 16:20:54] 执行成功：{'ret': '0', 'message': '', 'skey': '@crypt_59b22fc7_9ba4a737425fd998145a4ab85bfc48d1', 'wxsid': 'Nnpwh4CGklz4ilrw', 'wxuin': '2626283019', 'pass_ticket': 'TTH6yGQO8PPax2cZHvIT1te82ScMEUHVXj4sv8pVID7ypxjPY3AbnXMqYGfwhnhU', 'isgrayscale': '1'} 
[2019-01-18 16:20:54] 提示信息：<RequestsCookieJar[<Cookie webwx_data_ticket=gScOPE9MSO4qIioZKxZbMi5r for .qq.com/>, <Cookie mm_lang=zh_CN for .wx2.qq.com/>, <Cookie webwx_auth_ticket=CIsBEIjNoP8HGoABYKFUwQomLzZu+MavX7tYj6ZW62cMhKbmJ251tN/zcGeRp4NNYGGYlfZi0giM/hbve+8SwSYNBYs0M1FMU5MgPWx1zPwvWutrxFRuFRCCfpx1UGvyQlH/MWld6/BwaXzYIwLU/HCwlbNPSbiT/zt8KsTQm0HFqX3imn1kZsG1U48= for .wx2.qq.com/>, <Cookie wxloadtime=1547799653 for .wx2.qq.com/>, <Cookie wxsid=Nnpwh4CGklz4ilrw for .wx2.qq.com/>, <Cookie wxuin=2626283019 for .wx2.qq.com/>]> 
[2019-01-18 16:20:54] 提示信息：webwx_data_ticket=gScOPE9MSO4qIioZKxZbMi5r; mm_lang=zh_CN; webwx_auth_ticket=CIsBEIjNoP8HGoABYKFUwQomLzZu+MavX7tYj6ZW62cMhKbmJ251tN/zcGeRp4NNYGGYlfZi0giM/hbve+8SwSYNBYs0M1FMU5MgPWx1zPwvWutrxFRuFRCCfpx1UGvyQlH/MWld6/BwaXzYIwLU/HCwlbNPSbiT/zt8KsTQm0HFqX3imn1kZsG1U48=; wxloadtime=1547799653; wxsid=Nnpwh4CGklz4ilrw; wxuin=2626283019 
[2019-01-18 16:21:07] 提示信息：{'User-Agent': 'Mozilla/5.0 (Windows NT 10.0; WOW64) AppleWebKit/537.36 (KHTML, like Gecko) Chrome/63.0.3239.132 Safari/537.36', 'Accept-Encoding': 'gzip, deflate', 'Accept': '*/*', 'Connection': 'keep-alive', 'Content-Type': 'application/x-www-form-urlencoded; charset=UTF-8', 'Cookie': 'webwx_data_ticket=gScOPE9MSO4qIioZKxZbMi5r; mm_lang=zh_CN; webwx_auth_ticket=CIsBEIjNoP8HGoABYKFUwQomLzZu+MavX7tYj6ZW62cMhKbmJ251tN/zcGeRp4NNYGGYlfZi0giM/hbve+8SwSYNBYs0M1FMU5MgPWx1zPwvWutrxFRuFRCCfpx1UGvyQlH/MWld6/BwaXzYIwLU/HCwlbNPSbiT/zt8KsTQm0HFqX3imn1kZsG1U48=; wxloadtime=1547799653; wxsid=Nnpwh4CGklz4ilrw; wxuin=2626283019'} 
[2019-01-18 16:21:07] 提示信息：webwx_data_ticket=gScOPE9MSO4qIioZKxZbMi5r; mm_lang=zh_CN; webwx_auth_ticket=CIsBEIjNoP8HGoABYKFUwQomLzZu+MavX7tYj6ZW62cMhKbmJ251tN/zcGeRp4NNYGGYlfZi0giM/hbve+8SwSYNBYs0M1FMU5MgPWx1zPwvWutrxFRuFRCCfpx1UGvyQlH/MWld6/BwaXzYIwLU/HCwlbNPSbiT/zt8KsTQm0HFqX3imn1kZsG1U48=; wxloadtime=1547799653; wxsid=Nnpwh4CGklz4ilrw; wxuin=2626283019 
[2019-01-18 16:21:09] 执行成功：发送邮件成功 
[2019-01-18 16:21:37] 提示信息：等待二维码扫描及授权... 
[2019-01-18 16:22:05] 提示信息：等待二维码扫描及授权... 
[2019-01-18 16:22:33] 提示信息：等待二维码扫描及授权... 
[2019-01-18 16:22:52] 提示信息：{'User-Agent': 'Mozilla/5.0 (Windows NT 10.0; WOW64) AppleWebKit/537.36 (KHTML, like Gecko) Chrome/63.0.3239.132 Safari/537.36', 'Accept-Encoding': 'gzip, deflate', 'Accept': '*/*', 'Connection': 'keep-alive', 'Content-Type': 'application/x-www-form-urlencoded; charset=UTF-8', 'Cookie': 'webwx_data_ticket=gScOPE9MSO4qIioZKxZbMi5r; mm_lang=zh_CN; webwx_auth_ticket=CIsBEIjNoP8HGoABYKFUwQomLzZu+MavX7tYj6ZW62cMhKbmJ251tN/zcGeRp4NNYGGYlfZi0giM/hbve+8SwSYNBYs0M1FMU5MgPWx1zPwvWutrxFRuFRCCfpx1UGvyQlH/MWld6/BwaXzYIwLU/HCwlbNPSbiT/zt8KsTQm0HFqX3imn1kZsG1U48=; wxloadtime=1547799653; wxsid=Nnpwh4CGklz4ilrw; wxuin=2626283019'} 
[2019-01-18 16:22:52] 提示信息：webwx_data_ticket=gScOPE9MSO4qIioZKxZbMi5r; mm_lang=zh_CN; webwx_auth_ticket=CIsBEIjNoP8HGoABYKFUwQomLzZu+MavX7tYj6ZW62cMhKbmJ251tN/zcGeRp4NNYGGYlfZi0giM/hbve+8SwSYNBYs0M1FMU5MgPWx1zPwvWutrxFRuFRCCfpx1UGvyQlH/MWld6/BwaXzYIwLU/HCwlbNPSbiT/zt8KsTQm0HFqX3imn1kZsG1U48=; wxloadtime=1547799653; wxsid=Nnpwh4CGklz4ilrw; wxuin=2626283019 
[2019-01-18 16:22:58] 执行成功：发送邮件成功 
[2019-01-18 16:23:26] 提示信息：等待二维码扫描及授权... 
[2019-01-18 16:23:54] 提示信息：等待二维码扫描及授权... 
[2019-01-18 16:24:22] 提示信息：等待二维码扫描及授权... 
[2019-01-18 16:24:50] 提示信息：等待二维码扫描及授权... 
[2019-01-18 16:25:18] 提示信息：等待二维码扫描及授权... 
[2019-01-18 16:25:46] 提示信息：等待二维码扫描及授权... 
[2019-01-18 16:26:14] 提示信息：等待二维码扫描及授权... 
[2019-01-18 16:26:42] 提示信息：等待二维码扫描及授权... 
[2019-01-18 16:27:10] 提示信息：等待二维码扫描及授权... 
[2019-01-18 16:27:38] 提示信息：等待二维码扫描及授权... 
[2019-01-18 16:28:06] 提示信息：等待二维码扫描及授权... 
[2019-01-18 16:28:09] 执行出错：获取二维码扫描状态时出错, html="%s" window.code=400; 
[2019-01-18 16:30:08] 提示信息：{'User-Agent': 'Mozilla/5.0 (Windows NT 10.0; WOW64) AppleWebKit/537.36 (KHTML, like Gecko) Chrome/63.0.3239.132 Safari/537.36', 'Accept-Encoding': 'gzip, deflate', 'Accept': '*/*', 'Connection': 'keep-alive', 'Content-Type': 'application/x-www-form-urlencoded; charset=UTF-8', 'Cookie': 'webwx_data_ticket=gScOPE9MSO4qIioZKxZbMi5r; mm_lang=zh_CN; webwx_auth_ticket=CIsBEIjNoP8HGoABYKFUwQomLzZu+MavX7tYj6ZW62cMhKbmJ251tN/zcGeRp4NNYGGYlfZi0giM/hbve+8SwSYNBYs0M1FMU5MgPWx1zPwvWutrxFRuFRCCfpx1UGvyQlH/MWld6/BwaXzYIwLU/HCwlbNPSbiT/zt8KsTQm0HFqX3imn1kZsG1U48=; wxloadtime=1547799653; wxsid=Nnpwh4CGklz4ilrw; wxuin=2626283019'} 
[2019-01-18 16:30:08] 提示信息：webwx_data_ticket=gScOPE9MSO4qIioZKxZbMi5r; mm_lang=zh_CN; webwx_auth_ticket=CIsBEIjNoP8HGoABYKFUwQomLzZu+MavX7tYj6ZW62cMhKbmJ251tN/zcGeRp4NNYGGYlfZi0giM/hbve+8SwSYNBYs0M1FMU5MgPWx1zPwvWutrxFRuFRCCfpx1UGvyQlH/MWld6/BwaXzYIwLU/HCwlbNPSbiT/zt8KsTQm0HFqX3imn1kZsG1U48=; wxloadtime=1547799653; wxsid=Nnpwh4CGklz4ilrw; wxuin=2626283019 
[2019-01-18 16:30:11] 执行成功：发送邮件成功 
[2019-01-18 16:30:38] 提示信息：二维码已扫描，等待授权... 
[2019-01-18 16:30:41] 提示信息：已获授权 
[2019-01-18 16:30:41] 提示信息：b'<error><ret>0</ret><message></message><skey>@crypt_59b22fc7_4e6173034f2b49a8bb4a102edcf99f81</skey><wxsid>zKP7jzRLPtWa+JQ8</wxsid><wxuin>2626283019</wxuin><pass_ticket>LNNOe3YY%2FSg%2FKQVJnTolK%2FrJCRpnYLZFu28x7uG0h6nxRXftwLH0zom%2FVg4kppPT</pass_ticket><isgrayscale>1</isgrayscale></error>' 
[2019-01-18 16:30:41] 执行成功：{'ret': '0', 'message': '', 'skey': '@crypt_59b22fc7_4e6173034f2b49a8bb4a102edcf99f81', 'wxsid': 'zKP7jzRLPtWa+JQ8', 'wxuin': '2626283019', 'pass_ticket': 'LNNOe3YY%2FSg%2FKQVJnTolK%2FrJCRpnYLZFu28x7uG0h6nxRXftwLH0zom%2FVg4kppPT', 'isgrayscale': '1'} 
[2019-01-18 16:30:41] 提示信息：<RequestsCookieJar[<Cookie webwx_data_ticket=gSeGqnX9yVZ8fgqbAwCEPxEN for .qq.com/>, <Cookie mm_lang=zh_CN for .wx2.qq.com/>, <Cookie webwx_auth_ticket=CIsBEMTS8PYBGoABe5ARoYBjvHRLs21byjB0eKZW62cMhKbmJ251tN/zcGd/NC10MjTKCgU0QOxVvvFBKA7otQvq0LvP+JCB6bdOu9I20JD3xLDF6HdUcq9gqgIrKLGCVpW+4nMZkyjsg6tDoKh41ZSB1hy9oUQYTd5FaMTQm0HFqX3imn1kZsG1U48= for .wx2.qq.com/>, <Cookie webwxuvid=c33d1cae4fca9f0990475f906ac5a19b3e534ef95adf6292b175aeec4097ee14ac555f316dc6fae49ffbfcfff28f524b for .wx2.qq.com/>, <Cookie wxloadtime=1547800240 for .wx2.qq.com/>, <Cookie wxsid=zKP7jzRLPtWa+JQ8 for .wx2.qq.com/>, <Cookie wxuin=2626283019 for .wx2.qq.com/>]> 
[2019-01-18 16:30:41] 提示信息：webwx_data_ticket=gSeGqnX9yVZ8fgqbAwCEPxEN; mm_lang=zh_CN; webwx_auth_ticket=CIsBEMTS8PYBGoABe5ARoYBjvHRLs21byjB0eKZW62cMhKbmJ251tN/zcGd/NC10MjTKCgU0QOxVvvFBKA7otQvq0LvP+JCB6bdOu9I20JD3xLDF6HdUcq9gqgIrKLGCVpW+4nMZkyjsg6tDoKh41ZSB1hy9oUQYTd5FaMTQm0HFqX3imn1kZsG1U48=; webwxuvid=c33d1cae4fca9f0990475f906ac5a19b3e534ef95adf6292b175aeec4097ee14ac555f316dc6fae49ffbfcfff28f524b; wxloadtime=1547800240; wxsid=zKP7jzRLPtWa+JQ8; wxuin=2626283019 
[2019-01-18 16:30:41] 执行出错：登录时出错： no such column: uuid 
[2019-01-18 16:33:00] 提示信息：{'User-Agent': 'Mozilla/5.0 (Windows NT 10.0; WOW64) AppleWebKit/537.36 (KHTML, like Gecko) Chrome/63.0.3239.132 Safari/537.36', 'Accept-Encoding': 'gzip, deflate', 'Accept': '*/*', 'Connection': 'keep-alive', 'Content-Type': 'application/x-www-form-urlencoded; charset=UTF-8', 'Cookie': 'webwx_data_ticket=gScOPE9MSO4qIioZKxZbMi5r; mm_lang=zh_CN; webwx_auth_ticket=CIsBEIjNoP8HGoABYKFUwQomLzZu+MavX7tYj6ZW62cMhKbmJ251tN/zcGeRp4NNYGGYlfZi0giM/hbve+8SwSYNBYs0M1FMU5MgPWx1zPwvWutrxFRuFRCCfpx1UGvyQlH/MWld6/BwaXzYIwLU/HCwlbNPSbiT/zt8KsTQm0HFqX3imn1kZsG1U48=; wxloadtime=1547799653; wxsid=Nnpwh4CGklz4ilrw; wxuin=2626283019'} 
[2019-01-18 16:33:00] 提示信息：webwx_data_ticket=gScOPE9MSO4qIioZKxZbMi5r; mm_lang=zh_CN; webwx_auth_ticket=CIsBEIjNoP8HGoABYKFUwQomLzZu+MavX7tYj6ZW62cMhKbmJ251tN/zcGeRp4NNYGGYlfZi0giM/hbve+8SwSYNBYs0M1FMU5MgPWx1zPwvWutrxFRuFRCCfpx1UGvyQlH/MWld6/BwaXzYIwLU/HCwlbNPSbiT/zt8KsTQm0HFqX3imn1kZsG1U48=; wxloadtime=1547799653; wxsid=Nnpwh4CGklz4ilrw; wxuin=2626283019 
[2019-01-18 16:33:03] 执行成功：发送邮件成功 
[2019-01-18 16:33:26] 提示信息：二维码已扫描，等待授权... 
[2019-01-18 16:33:29] 提示信息：已获授权 
[2019-01-18 16:33:30] 提示信息：b'<error><ret>0</ret><message></message><skey>@crypt_59b22fc7_ede4ceaaf2b906503371b1f8ad44cc80</skey><wxsid>jAyj1lZVjTapJP2M</wxsid><wxuin>2626283019</wxuin><pass_ticket>tHhObYFavHlni2ngEYtjtRdDjJO1VrUeycGaQvucCECvLYiAqj4CrvNReR33CXiF</pass_ticket><isgrayscale>1</isgrayscale></error>' 
[2019-01-18 16:33:30] 执行成功：{'ret': '0', 'message': '', 'skey': '@crypt_59b22fc7_ede4ceaaf2b906503371b1f8ad44cc80', 'wxsid': 'jAyj1lZVjTapJP2M', 'wxuin': '2626283019', 'pass_ticket': 'tHhObYFavHlni2ngEYtjtRdDjJO1VrUeycGaQvucCECvLYiAqj4CrvNReR33CXiF', 'isgrayscale': '1'} 
[2019-01-18 16:33:30] 提示信息：<RequestsCookieJar[<Cookie webwx_data_ticket=gSeY2zDAEswH6OQl/n8yuAGy for .qq.com/>, <Cookie mm_lang=zh_CN for .wx2.qq.com/>, <Cookie webwx_auth_ticket=CIsBEJnOpL0EGoABLG4cWEJaj21LzBEEUewfHKZW62cMhKbmJ251tN/zcGeffd+8B0oL+ENODzEsANd99YM43br7D9/hj8i23Jxrylujm2ZLxd54v+gIHnu81JtWTPhQYSzSbdCN0l+qQsMdR8xGbZyvxqwvQz0SuJl3U8TQm0HFqX3imn1kZsG1U48= for .wx2.qq.com/>, <Cookie webwxuvid=c33d1cae4fca9f0990475f906ac5a19bdea63b58e854c1505dfe81b9e3f2020698e6d89682089709c2d126d9497e21d3 for .wx2.qq.com/>, <Cookie wxloadtime=1547800408 for .wx2.qq.com/>, <Cookie wxsid=jAyj1lZVjTapJP2M for .wx2.qq.com/>, <Cookie wxuin=2626283019 for .wx2.qq.com/>]> 
[2019-01-18 16:33:30] 提示信息：webwx_data_ticket=gSeY2zDAEswH6OQl/n8yuAGy; mm_lang=zh_CN; webwx_auth_ticket=CIsBEJnOpL0EGoABLG4cWEJaj21LzBEEUewfHKZW62cMhKbmJ251tN/zcGeffd+8B0oL+ENODzEsANd99YM43br7D9/hj8i23Jxrylujm2ZLxd54v+gIHnu81JtWTPhQYSzSbdCN0l+qQsMdR8xGbZyvxqwvQz0SuJl3U8TQm0HFqX3imn1kZsG1U48=; webwxuvid=c33d1cae4fca9f0990475f906ac5a19bdea63b58e854c1505dfe81b9e3f2020698e6d89682089709c2d126d9497e21d3; wxloadtime=1547800408; wxsid=jAyj1lZVjTapJP2M; wxuin=2626283019 
[2019-01-18 16:33:30] 执行出错：登录时出错： no such column: uuid 
[2019-01-18 16:38:46] 提示信息：{'User-Agent': 'Mozilla/5.0 (Windows NT 10.0; WOW64) AppleWebKit/537.36 (KHTML, like Gecko) Chrome/63.0.3239.132 Safari/537.36', 'Accept-Encoding': 'gzip, deflate', 'Accept': '*/*', 'Connection': 'keep-alive', 'Content-Type': 'application/x-www-form-urlencoded; charset=UTF-8', 'Cookie': 'webwx_data_ticket=gScOPE9MSO4qIioZKxZbMi5r; mm_lang=zh_CN; webwx_auth_ticket=CIsBEIjNoP8HGoABYKFUwQomLzZu+MavX7tYj6ZW62cMhKbmJ251tN/zcGeRp4NNYGGYlfZi0giM/hbve+8SwSYNBYs0M1FMU5MgPWx1zPwvWutrxFRuFRCCfpx1UGvyQlH/MWld6/BwaXzYIwLU/HCwlbNPSbiT/zt8KsTQm0HFqX3imn1kZsG1U48=; wxloadtime=1547799653; wxsid=Nnpwh4CGklz4ilrw; wxuin=2626283019'} 
[2019-01-18 16:38:46] 提示信息：webwx_data_ticket=gScOPE9MSO4qIioZKxZbMi5r; mm_lang=zh_CN; webwx_auth_ticket=CIsBEIjNoP8HGoABYKFUwQomLzZu+MavX7tYj6ZW62cMhKbmJ251tN/zcGeRp4NNYGGYlfZi0giM/hbve+8SwSYNBYs0M1FMU5MgPWx1zPwvWutrxFRuFRCCfpx1UGvyQlH/MWld6/BwaXzYIwLU/HCwlbNPSbiT/zt8KsTQm0HFqX3imn1kZsG1U48=; wxloadtime=1547799653; wxsid=Nnpwh4CGklz4ilrw; wxuin=2626283019 
[2019-01-18 16:38:48] 执行成功：发送邮件成功 
[2019-01-18 16:39:06] 提示信息：二维码已扫描，等待授权... 
[2019-01-18 16:39:10] 提示信息：已获授权 
[2019-01-18 16:39:10] 提示信息：b'<error><ret>0</ret><message></message><skey>@crypt_59b22fc7_9f140bf479e4b5743a4a7fc0a2534ed2</skey><wxsid>oy8OFqIX51mlj1XH</wxsid><wxuin>2626283019</wxuin><pass_ticket>6ut1t7%2Fs8bIv4rsSdHQCJ8m4LbAdFoKdTEKsPdQk0KURiRkjvGVl0kYebr%2Fr4Z0o</pass_ticket><isgrayscale>1</isgrayscale></error>' 
[2019-01-18 16:39:10] 执行成功：{'ret': '0', 'message': '', 'skey': '@crypt_59b22fc7_9f140bf479e4b5743a4a7fc0a2534ed2', 'wxsid': 'oy8OFqIX51mlj1XH', 'wxuin': '2626283019', 'pass_ticket': '6ut1t7%2Fs8bIv4rsSdHQCJ8m4LbAdFoKdTEKsPdQk0KURiRkjvGVl0kYebr%2Fr4Z0o', 'isgrayscale': '1'} 
[2019-01-18 16:39:10] 提示信息：<RequestsCookieJar[<Cookie webwx_data_ticket=gSdyO0YhbITRwo1P5TMg115g for .qq.com/>, <Cookie mm_lang=zh_CN for .wx2.qq.com/>, <Cookie webwx_auth_ticket=CIsBEL3DhKwJGoABB2rRTMiYWawqssdMA8pgAKZW62cMhKbmJ251tN/zcGcFZiC098jEq+/CHol6wDsZSXqjwDEH2rkSRG6DZtUpCHpBGR5kTKUyUjo1JHJJtUEP4k9BMLlhIA5EMlz6rbLOvspjeDKTdc0TJhjqboFtVMTQm0HFqX3imn1kZsG1U48= for .wx2.qq.com/>, <Cookie webwxuvid=c33d1cae4fca9f0990475f906ac5a19b988c8848c4d94fa5a1096abab04b9a5e82f4f5f9bc178f340b5ddee7d93551ca for .wx2.qq.com/>, <Cookie wxloadtime=1547800748 for .wx2.qq.com/>, <Cookie wxsid=oy8OFqIX51mlj1XH for .wx2.qq.com/>, <Cookie wxuin=2626283019 for .wx2.qq.com/>]> 
[2019-01-18 16:39:10] 提示信息：webwx_data_ticket=gSdyO0YhbITRwo1P5TMg115g; mm_lang=zh_CN; webwx_auth_ticket=CIsBEL3DhKwJGoABB2rRTMiYWawqssdMA8pgAKZW62cMhKbmJ251tN/zcGcFZiC098jEq+/CHol6wDsZSXqjwDEH2rkSRG6DZtUpCHpBGR5kTKUyUjo1JHJJtUEP4k9BMLlhIA5EMlz6rbLOvspjeDKTdc0TJhjqboFtVMTQm0HFqX3imn1kZsG1U48=; webwxuvid=c33d1cae4fca9f0990475f906ac5a19b988c8848c4d94fa5a1096abab04b9a5e82f4f5f9bc178f340b5ddee7d93551ca; wxloadtime=1547800748; wxsid=oy8OFqIX51mlj1XH; wxuin=2626283019 
[2019-01-18 16:39:10] 执行出错：登录时出错： no such column: uuid 
[2019-01-18 16:39:46] 提示信息：{'User-Agent': 'Mozilla/5.0 (Windows NT 10.0; WOW64) AppleWebKit/537.36 (KHTML, like Gecko) Chrome/63.0.3239.132 Safari/537.36', 'Accept-Encoding': 'gzip, deflate', 'Accept': '*/*', 'Connection': 'keep-alive', 'Content-Type': 'application/x-www-form-urlencoded; charset=UTF-8', 'Cookie': 'webwx_data_ticket=gScOPE9MSO4qIioZKxZbMi5r; mm_lang=zh_CN; webwx_auth_ticket=CIsBEIjNoP8HGoABYKFUwQomLzZu+MavX7tYj6ZW62cMhKbmJ251tN/zcGeRp4NNYGGYlfZi0giM/hbve+8SwSYNBYs0M1FMU5MgPWx1zPwvWutrxFRuFRCCfpx1UGvyQlH/MWld6/BwaXzYIwLU/HCwlbNPSbiT/zt8KsTQm0HFqX3imn1kZsG1U48=; wxloadtime=1547799653; wxsid=Nnpwh4CGklz4ilrw; wxuin=2626283019'} 
[2019-01-18 16:39:46] 提示信息：webwx_data_ticket=gScOPE9MSO4qIioZKxZbMi5r; mm_lang=zh_CN; webwx_auth_ticket=CIsBEIjNoP8HGoABYKFUwQomLzZu+MavX7tYj6ZW62cMhKbmJ251tN/zcGeRp4NNYGGYlfZi0giM/hbve+8SwSYNBYs0M1FMU5MgPWx1zPwvWutrxFRuFRCCfpx1UGvyQlH/MWld6/BwaXzYIwLU/HCwlbNPSbiT/zt8KsTQm0HFqX3imn1kZsG1U48=; wxloadtime=1547799653; wxsid=Nnpwh4CGklz4ilrw; wxuin=2626283019 
[2019-01-18 16:39:50] 执行出错：获取二维码扫描状态时出错, html="%s" window.code=400; 
[2019-01-18 16:40:01] 提示信息：{'User-Agent': 'Mozilla/5.0 (Windows NT 10.0; WOW64) AppleWebKit/537.36 (KHTML, like Gecko) Chrome/63.0.3239.132 Safari/537.36', 'Accept-Encoding': 'gzip, deflate', 'Accept': '*/*', 'Connection': 'keep-alive', 'Content-Type': 'application/x-www-form-urlencoded; charset=UTF-8', 'Cookie': 'webwx_data_ticket=gScOPE9MSO4qIioZKxZbMi5r; mm_lang=zh_CN; webwx_auth_ticket=CIsBEIjNoP8HGoABYKFUwQomLzZu+MavX7tYj6ZW62cMhKbmJ251tN/zcGeRp4NNYGGYlfZi0giM/hbve+8SwSYNBYs0M1FMU5MgPWx1zPwvWutrxFRuFRCCfpx1UGvyQlH/MWld6/BwaXzYIwLU/HCwlbNPSbiT/zt8KsTQm0HFqX3imn1kZsG1U48=; wxloadtime=1547799653; wxsid=Nnpwh4CGklz4ilrw; wxuin=2626283019'} 
[2019-01-18 16:40:01] 提示信息：webwx_data_ticket=gScOPE9MSO4qIioZKxZbMi5r; mm_lang=zh_CN; webwx_auth_ticket=CIsBEIjNoP8HGoABYKFUwQomLzZu+MavX7tYj6ZW62cMhKbmJ251tN/zcGeRp4NNYGGYlfZi0giM/hbve+8SwSYNBYs0M1FMU5MgPWx1zPwvWutrxFRuFRCCfpx1UGvyQlH/MWld6/BwaXzYIwLU/HCwlbNPSbiT/zt8KsTQm0HFqX3imn1kZsG1U48=; wxloadtime=1547799653; wxsid=Nnpwh4CGklz4ilrw; wxuin=2626283019 
[2019-01-18 16:40:04] 执行出错：获取二维码扫描状态时出错, html="%s" window.code=400; 
[2019-01-18 16:40:38] 提示信息：{'User-Agent': 'Mozilla/5.0 (Windows NT 10.0; WOW64) AppleWebKit/537.36 (KHTML, like Gecko) Chrome/63.0.3239.132 Safari/537.36', 'Accept-Encoding': 'gzip, deflate', 'Accept': '*/*', 'Connection': 'keep-alive', 'Content-Type': 'application/x-www-form-urlencoded; charset=UTF-8', 'Cookie': 'webwx_data_ticket=gScOPE9MSO4qIioZKxZbMi5r; mm_lang=zh_CN; webwx_auth_ticket=CIsBEIjNoP8HGoABYKFUwQomLzZu+MavX7tYj6ZW62cMhKbmJ251tN/zcGeRp4NNYGGYlfZi0giM/hbve+8SwSYNBYs0M1FMU5MgPWx1zPwvWutrxFRuFRCCfpx1UGvyQlH/MWld6/BwaXzYIwLU/HCwlbNPSbiT/zt8KsTQm0HFqX3imn1kZsG1U48=; wxloadtime=1547799653; wxsid=Nnpwh4CGklz4ilrw; wxuin=2626283019'} 
[2019-01-18 16:40:38] 提示信息：webwx_data_ticket=gScOPE9MSO4qIioZKxZbMi5r; mm_lang=zh_CN; webwx_auth_ticket=CIsBEIjNoP8HGoABYKFUwQomLzZu+MavX7tYj6ZW62cMhKbmJ251tN/zcGeRp4NNYGGYlfZi0giM/hbve+8SwSYNBYs0M1FMU5MgPWx1zPwvWutrxFRuFRCCfpx1UGvyQlH/MWld6/BwaXzYIwLU/HCwlbNPSbiT/zt8KsTQm0HFqX3imn1kZsG1U48=; wxloadtime=1547799653; wxsid=Nnpwh4CGklz4ilrw; wxuin=2626283019 
[2019-01-18 16:41:03] 提示信息：{'User-Agent': 'Mozilla/5.0 (Windows NT 10.0; WOW64) AppleWebKit/537.36 (KHTML, like Gecko) Chrome/63.0.3239.132 Safari/537.36', 'Accept-Encoding': 'gzip, deflate', 'Accept': '*/*', 'Connection': 'keep-alive', 'Content-Type': 'application/x-www-form-urlencoded; charset=UTF-8', 'Cookie': 'webwx_data_ticket=gScOPE9MSO4qIioZKxZbMi5r; mm_lang=zh_CN; webwx_auth_ticket=CIsBEIjNoP8HGoABYKFUwQomLzZu+MavX7tYj6ZW62cMhKbmJ251tN/zcGeRp4NNYGGYlfZi0giM/hbve+8SwSYNBYs0M1FMU5MgPWx1zPwvWutrxFRuFRCCfpx1UGvyQlH/MWld6/BwaXzYIwLU/HCwlbNPSbiT/zt8KsTQm0HFqX3imn1kZsG1U48=; wxloadtime=1547799653; wxsid=Nnpwh4CGklz4ilrw; wxuin=2626283019'} 
[2019-01-18 16:41:03] 提示信息：webwx_data_ticket=gScOPE9MSO4qIioZKxZbMi5r; mm_lang=zh_CN; webwx_auth_ticket=CIsBEIjNoP8HGoABYKFUwQomLzZu+MavX7tYj6ZW62cMhKbmJ251tN/zcGeRp4NNYGGYlfZi0giM/hbve+8SwSYNBYs0M1FMU5MgPWx1zPwvWutrxFRuFRCCfpx1UGvyQlH/MWld6/BwaXzYIwLU/HCwlbNPSbiT/zt8KsTQm0HFqX3imn1kZsG1U48=; wxloadtime=1547799653; wxsid=Nnpwh4CGklz4ilrw; wxuin=2626283019 
[2019-01-18 16:45:05] 提示信息：{'User-Agent': 'Mozilla/5.0 (Windows NT 10.0; WOW64) AppleWebKit/537.36 (KHTML, like Gecko) Chrome/63.0.3239.132 Safari/537.36', 'Accept-Encoding': 'gzip, deflate', 'Accept': '*/*', 'Connection': 'keep-alive', 'Content-Type': 'application/x-www-form-urlencoded; charset=UTF-8', 'Cookie': 'webwx_data_ticket=gScOPE9MSO4qIioZKxZbMi5r; mm_lang=zh_CN; webwx_auth_ticket=CIsBEIjNoP8HGoABYKFUwQomLzZu+MavX7tYj6ZW62cMhKbmJ251tN/zcGeRp4NNYGGYlfZi0giM/hbve+8SwSYNBYs0M1FMU5MgPWx1zPwvWutrxFRuFRCCfpx1UGvyQlH/MWld6/BwaXzYIwLU/HCwlbNPSbiT/zt8KsTQm0HFqX3imn1kZsG1U48=; wxloadtime=1547799653; wxsid=Nnpwh4CGklz4ilrw; wxuin=2626283019'} 
[2019-01-18 16:45:05] 提示信息：webwx_data_ticket=gScOPE9MSO4qIioZKxZbMi5r; mm_lang=zh_CN; webwx_auth_ticket=CIsBEIjNoP8HGoABYKFUwQomLzZu+MavX7tYj6ZW62cMhKbmJ251tN/zcGeRp4NNYGGYlfZi0giM/hbve+8SwSYNBYs0M1FMU5MgPWx1zPwvWutrxFRuFRCCfpx1UGvyQlH/MWld6/BwaXzYIwLU/HCwlbNPSbiT/zt8KsTQm0HFqX3imn1kZsG1U48=; wxloadtime=1547799653; wxsid=Nnpwh4CGklz4ilrw; wxuin=2626283019 
[2019-01-18 16:45:08] 执行成功：发送邮件成功 
[2019-01-18 16:45:21] 提示信息：二维码已扫描，等待授权... 
[2019-01-18 16:45:24] 提示信息：已获授权 
[2019-01-18 16:45:24] 提示信息：b'<error><ret>0</ret><message></message><skey>@crypt_59b22fc7_3a66bf9c0b253f17b772b5e54a910274</skey><wxsid>U/8ev0krxh67O5mj</wxsid><wxuin>2626283019</wxuin><pass_ticket>K26Bxlei2MXTuTzqZrwR9FCkV1FWLXjLxh4LAqZsnnjGnvd86acb2%2FKATlDo2VIi</pass_ticket><isgrayscale>1</isgrayscale></error>' 
[2019-01-18 16:45:24] 执行成功：{'ret': '0', 'message': '', 'skey': '@crypt_59b22fc7_3a66bf9c0b253f17b772b5e54a910274', 'wxsid': 'U/8ev0krxh67O5mj', 'wxuin': '2626283019', 'pass_ticket': 'K26Bxlei2MXTuTzqZrwR9FCkV1FWLXjLxh4LAqZsnnjGnvd86acb2%2FKATlDo2VIi', 'isgrayscale': '1'} 
[2019-01-18 16:45:24] 提示信息：<RequestsCookieJar[<Cookie webwx_data_ticket=gSesy/tyICcddu0cX0qIWj3G for .qq.com/>, <Cookie mm_lang=zh_CN for .wx2.qq.com/>, <Cookie webwx_auth_ticket=CIsBEMfLvL4KGoABTNeounkkDF8F6zSBanvlOaZW62cMhKbmJ251tN/zcGeBFVXre9kexhcw9s4thoVXK8TObmSU8Zb6EJrIWaCni20wGhzdrnt+LrDJq1sA5X16GXT0WkFfPjO51pTMvOCwZCIbLGNWOysKsGdueUfLO8TQm0HFqX3imn1kZsG1U48= for .wx2.qq.com/>, <Cookie webwxuvid=c33d1cae4fca9f0990475f906ac5a19b1fd4aa652945a891fdecad25f478c701398fc974c0480a3695e0aa46493fab2e for .wx2.qq.com/>, <Cookie wxloadtime=1547801122 for .wx2.qq.com/>, <Cookie wxsid=U/8ev0krxh67O5mj for .wx2.qq.com/>, <Cookie wxuin=2626283019 for .wx2.qq.com/>]> 
[2019-01-18 16:45:24] 提示信息：webwx_data_ticket=gSesy/tyICcddu0cX0qIWj3G; mm_lang=zh_CN; webwx_auth_ticket=CIsBEMfLvL4KGoABTNeounkkDF8F6zSBanvlOaZW62cMhKbmJ251tN/zcGeBFVXre9kexhcw9s4thoVXK8TObmSU8Zb6EJrIWaCni20wGhzdrnt+LrDJq1sA5X16GXT0WkFfPjO51pTMvOCwZCIbLGNWOysKsGdueUfLO8TQm0HFqX3imn1kZsG1U48=; webwxuvid=c33d1cae4fca9f0990475f906ac5a19b1fd4aa652945a891fdecad25f478c701398fc974c0480a3695e0aa46493fab2e; wxloadtime=1547801122; wxsid=U/8ev0krxh67O5mj; wxuin=2626283019 
[2019-01-18 16:45:24] 执行出错：登录时出错： no such column: uuid 
[2019-01-18 16:48:41] 提示信息：{'User-Agent': 'Mozilla/5.0 (Windows NT 10.0; WOW64) AppleWebKit/537.36 (KHTML, like Gecko) Chrome/63.0.3239.132 Safari/537.36', 'Accept-Encoding': 'gzip, deflate', 'Accept': '*/*', 'Connection': 'keep-alive', 'Content-Type': 'application/x-www-form-urlencoded; charset=UTF-8', 'Cookie': 'webwx_data_ticket=gScOPE9MSO4qIioZKxZbMi5r; mm_lang=zh_CN; webwx_auth_ticket=CIsBEIjNoP8HGoABYKFUwQomLzZu+MavX7tYj6ZW62cMhKbmJ251tN/zcGeRp4NNYGGYlfZi0giM/hbve+8SwSYNBYs0M1FMU5MgPWx1zPwvWutrxFRuFRCCfpx1UGvyQlH/MWld6/BwaXzYIwLU/HCwlbNPSbiT/zt8KsTQm0HFqX3imn1kZsG1U48=; wxloadtime=1547799653; wxsid=Nnpwh4CGklz4ilrw; wxuin=2626283019'} 
[2019-01-18 16:48:41] 提示信息：webwx_data_ticket=gScOPE9MSO4qIioZKxZbMi5r; mm_lang=zh_CN; webwx_auth_ticket=CIsBEIjNoP8HGoABYKFUwQomLzZu+MavX7tYj6ZW62cMhKbmJ251tN/zcGeRp4NNYGGYlfZi0giM/hbve+8SwSYNBYs0M1FMU5MgPWx1zPwvWutrxFRuFRCCfpx1UGvyQlH/MWld6/BwaXzYIwLU/HCwlbNPSbiT/zt8KsTQm0HFqX3imn1kZsG1U48=; wxloadtime=1547799653; wxsid=Nnpwh4CGklz4ilrw; wxuin=2626283019 
[2019-01-18 16:48:44] 执行成功：发送邮件成功 
[2019-01-18 16:48:59] 提示信息：二维码已扫描，等待授权... 
[2019-01-18 16:49:02] 提示信息：已获授权 
[2019-01-18 16:49:02] 提示信息：b'<error><ret>0</ret><message></message><skey>@crypt_59b22fc7_43f050a0043070380f08c6a276cb1c08</skey><wxsid>FZ9Z6NjO0Qu4P13r</wxsid><wxuin>2626283019</wxuin><pass_ticket>x49bZaeYopL5%2BEbu7HRy%2F%2Fa0cyNZwUSBbXVT242qt8EnpnCg2gUOtVnjoDWCgK1x</pass_ticket><isgrayscale>1</isgrayscale></error>' 
[2019-01-18 16:49:02] 执行成功：{'ret': '0', 'message': '', 'skey': '@crypt_59b22fc7_43f050a0043070380f08c6a276cb1c08', 'wxsid': 'FZ9Z6NjO0Qu4P13r', 'wxuin': '2626283019', 'pass_ticket': 'x49bZaeYopL5%2BEbu7HRy%2F%2Fa0cyNZwUSBbXVT242qt8EnpnCg2gUOtVnjoDWCgK1x', 'isgrayscale': '1'} 
[2019-01-18 16:49:02] 提示信息：<RequestsCookieJar[<Cookie webwx_data_ticket=gSciY0t2GLegTcs3uqQrWr2I for .qq.com/>, <Cookie mm_lang=zh_CN for .wx2.qq.com/>, <Cookie webwx_auth_ticket=CIsBEKbPiCgagAHheNpKQHVZKcTdayFqlwB3plbrZwyEpuYnbnW03/NwZ2PHj2IfNpPO6G1ES+h2KNa5t2SiyhGmK6gzzGHMiFqNuTj4ut+eEV8+6fVfIU4Y+usRQz8L6iG61DQccI1o8VTIZFPWtzCaDM/VsmMWDbhYxNCbQcWpfeKafWRmwbVTjw== for .wx2.qq.com/>, <Cookie webwxuvid=c33d1cae4fca9f0990475f906ac5a19bdaa50b39488992c717f9a0388f38504a5be8cc7c4fb8795232954bad8b7faee9 for .wx2.qq.com/>, <Cookie wxloadtime=1547801341 for .wx2.qq.com/>, <Cookie wxsid=FZ9Z6NjO0Qu4P13r for .wx2.qq.com/>, <Cookie wxuin=2626283019 for .wx2.qq.com/>]> 
[2019-01-18 16:49:02] 提示信息：webwx_data_ticket=gSciY0t2GLegTcs3uqQrWr2I; mm_lang=zh_CN; webwx_auth_ticket=CIsBEKbPiCgagAHheNpKQHVZKcTdayFqlwB3plbrZwyEpuYnbnW03/NwZ2PHj2IfNpPO6G1ES+h2KNa5t2SiyhGmK6gzzGHMiFqNuTj4ut+eEV8+6fVfIU4Y+usRQz8L6iG61DQccI1o8VTIZFPWtzCaDM/VsmMWDbhYxNCbQcWpfeKafWRmwbVTjw==; webwxuvid=c33d1cae4fca9f0990475f906ac5a19bdaa50b39488992c717f9a0388f38504a5be8cc7c4fb8795232954bad8b7faee9; wxloadtime=1547801341; wxsid=FZ9Z6NjO0Qu4P13r; wxuin=2626283019 
[2019-01-18 16:49:02] 执行出错：登录时出错： no such column: uuid 
[2019-01-18 16:52:57] 提示信息：{'User-Agent': 'Mozilla/5.0 (Windows NT 10.0; WOW64) AppleWebKit/537.36 (KHTML, like Gecko) Chrome/63.0.3239.132 Safari/537.36', 'Accept-Encoding': 'gzip, deflate', 'Accept': '*/*', 'Connection': 'keep-alive', 'Content-Type': 'application/x-www-form-urlencoded; charset=UTF-8', 'Cookie': 'webwx_data_ticket=gScOPE9MSO4qIioZKxZbMi5r; mm_lang=zh_CN; webwx_auth_ticket=CIsBEIjNoP8HGoABYKFUwQomLzZu+MavX7tYj6ZW62cMhKbmJ251tN/zcGeRp4NNYGGYlfZi0giM/hbve+8SwSYNBYs0M1FMU5MgPWx1zPwvWutrxFRuFRCCfpx1UGvyQlH/MWld6/BwaXzYIwLU/HCwlbNPSbiT/zt8KsTQm0HFqX3imn1kZsG1U48=; wxloadtime=1547799653; wxsid=Nnpwh4CGklz4ilrw; wxuin=2626283019'} 
[2019-01-18 16:52:57] 提示信息：webwx_data_ticket=gScOPE9MSO4qIioZKxZbMi5r; mm_lang=zh_CN; webwx_auth_ticket=CIsBEIjNoP8HGoABYKFUwQomLzZu+MavX7tYj6ZW62cMhKbmJ251tN/zcGeRp4NNYGGYlfZi0giM/hbve+8SwSYNBYs0M1FMU5MgPWx1zPwvWutrxFRuFRCCfpx1UGvyQlH/MWld6/BwaXzYIwLU/HCwlbNPSbiT/zt8KsTQm0HFqX3imn1kZsG1U48=; wxloadtime=1547799653; wxsid=Nnpwh4CGklz4ilrw; wxuin=2626283019 
[2019-01-18 16:53:00] 执行成功：发送邮件成功 
[2019-01-18 16:53:23] 提示信息：二维码已扫描，等待授权... 
[2019-01-18 16:53:28] 提示信息：已获授权 
[2019-01-18 16:53:28] 提示信息：b'<error><ret>0</ret><message></message><skey>@crypt_59b22fc7_76de7e82af459bec463b3796bb47d8b4</skey><wxsid>rxneYxBgrz5V0T9r</wxsid><wxuin>2626283019</wxuin><pass_ticket>lldqLj%2FiZAUByAAXuNTFtQngQ%2BQV3NstQFUZZhuZA01RE%2FZoacH%2FQ4wsNqIZFGaT</pass_ticket><isgrayscale>1</isgrayscale></error>' 
[2019-01-18 16:53:28] 提示信息：OKKKKKKK 
[2019-01-18 16:53:28] 执行成功：{'ret': '0', 'message': '', 'skey': '@crypt_59b22fc7_76de7e82af459bec463b3796bb47d8b4', 'wxsid': 'rxneYxBgrz5V0T9r', 'wxuin': '2626283019', 'pass_ticket': 'lldqLj%2FiZAUByAAXuNTFtQngQ%2BQV3NstQFUZZhuZA01RE%2FZoacH%2FQ4wsNqIZFGaT', 'isgrayscale': '1'} 
[2019-01-18 16:53:28] 提示信息：<RequestsCookieJar[<Cookie webwx_data_ticket=gSfrjrxIJWfnr/yVJ4inRf0T for .qq.com/>, <Cookie mm_lang=zh_CN for .wx2.qq.com/>, <Cookie webwx_auth_ticket=CIsBEIXTxKkEGoABYsC3sRNqypS/dz5YOToJIKZW62cMhKbmJ251tN/zcGc5Kv106WPRKLqjOLVlNLWno3I/ppbzaEjVwPicDeevZQldtrP3ZUNSYK1ovzzEXNGVma+tO+HPRZP7cSQIDeJmYtBWlN67OIjlfQrDBz6xpsTQm0HFqX3imn1kZsG1U48= for .wx2.qq.com/>, <Cookie webwxuvid=c33d1cae4fca9f0990475f906ac5a19b4e4b49dfe40ed4c942d7e38492e19a7f80ab5447007073ebcfd25456f530a3ba for .wx2.qq.com/>, <Cookie wxloadtime=1547801607 for .wx2.qq.com/>, <Cookie wxsid=rxneYxBgrz5V0T9r for .wx2.qq.com/>, <Cookie wxuin=2626283019 for .wx2.qq.com/>]> 
[2019-01-18 16:53:28] 提示信息：webwx_data_ticket=gSfrjrxIJWfnr/yVJ4inRf0T; mm_lang=zh_CN; webwx_auth_ticket=CIsBEIXTxKkEGoABYsC3sRNqypS/dz5YOToJIKZW62cMhKbmJ251tN/zcGc5Kv106WPRKLqjOLVlNLWno3I/ppbzaEjVwPicDeevZQldtrP3ZUNSYK1ovzzEXNGVma+tO+HPRZP7cSQIDeJmYtBWlN67OIjlfQrDBz6xpsTQm0HFqX3imn1kZsG1U48=; webwxuvid=c33d1cae4fca9f0990475f906ac5a19b4e4b49dfe40ed4c942d7e38492e19a7f80ab5447007073ebcfd25456f530a3ba; wxloadtime=1547801607; wxsid=rxneYxBgrz5V0T9r; wxuin=2626283019 
[2019-01-18 16:53:28] 执行出错：登录时出错： no such column: uuid 
[2019-01-18 16:54:07] 提示信息：{'User-Agent': 'Mozilla/5.0 (Windows NT 10.0; WOW64) AppleWebKit/537.36 (KHTML, like Gecko) Chrome/63.0.3239.132 Safari/537.36', 'Accept-Encoding': 'gzip, deflate', 'Accept': '*/*', 'Connection': 'keep-alive', 'Content-Type': 'application/x-www-form-urlencoded; charset=UTF-8', 'Cookie': 'webwx_data_ticket=gScOPE9MSO4qIioZKxZbMi5r; mm_lang=zh_CN; webwx_auth_ticket=CIsBEIjNoP8HGoABYKFUwQomLzZu+MavX7tYj6ZW62cMhKbmJ251tN/zcGeRp4NNYGGYlfZi0giM/hbve+8SwSYNBYs0M1FMU5MgPWx1zPwvWutrxFRuFRCCfpx1UGvyQlH/MWld6/BwaXzYIwLU/HCwlbNPSbiT/zt8KsTQm0HFqX3imn1kZsG1U48=; wxloadtime=1547799653; wxsid=Nnpwh4CGklz4ilrw; wxuin=2626283019'} 
[2019-01-18 16:54:07] 提示信息：webwx_data_ticket=gScOPE9MSO4qIioZKxZbMi5r; mm_lang=zh_CN; webwx_auth_ticket=CIsBEIjNoP8HGoABYKFUwQomLzZu+MavX7tYj6ZW62cMhKbmJ251tN/zcGeRp4NNYGGYlfZi0giM/hbve+8SwSYNBYs0M1FMU5MgPWx1zPwvWutrxFRuFRCCfpx1UGvyQlH/MWld6/BwaXzYIwLU/HCwlbNPSbiT/zt8KsTQm0HFqX3imn1kZsG1U48=; wxloadtime=1547799653; wxsid=Nnpwh4CGklz4ilrw; wxuin=2626283019 
[2019-01-18 16:54:10] 执行成功：发送邮件成功 
[2019-01-18 16:54:29] 提示信息：二维码已扫描，等待授权... 
[2019-01-18 16:54:33] 提示信息：已获授权 
[2019-01-18 16:54:33] 提示信息：b'<error><ret>0</ret><message></message><skey>@crypt_59b22fc7_dd110a814edeb4cd6c22af5de7a5a31c</skey><wxsid>6WOqGVIa+ni0AUM/</wxsid><wxuin>2626283019</wxuin><pass_ticket>T6U%2F%2BGZsmfEzm2Gxiz7m1Amn2vhUYnX1rdxVu4dABHoNX6o5Mhg6LkDnVrADPpxN</pass_ticket><isgrayscale>1</isgrayscale></error>' 
[2019-01-18 16:54:33] 提示信息：OKKKKKKK 
[2019-01-18 16:54:33] 执行成功：{'ret': '0', 'message': '', 'skey': '@crypt_59b22fc7_dd110a814edeb4cd6c22af5de7a5a31c', 'wxsid': '6WOqGVIa+ni0AUM/', 'wxuin': '2626283019', 'pass_ticket': 'T6U%2F%2BGZsmfEzm2Gxiz7m1Amn2vhUYnX1rdxVu4dABHoNX6o5Mhg6LkDnVrADPpxN', 'isgrayscale': '1'} 
[2019-01-18 16:54:33] 提示信息：<RequestsCookieJar[<Cookie webwx_data_ticket=gSefMgdxW/HiTJWtn0oJvKgr for .qq.com/>, <Cookie mm_lang=zh_CN for .wx2.qq.com/>, <Cookie webwx_auth_ticket=CIsBEN/Z1PYGGoABx9Hqa2Tu7uZ1MBVDcsnSEqZW62cMhKbmJ251tN/zcGc5Kv106WPRKLqjOLVlNLWno3I/ppbzaEjVwPicDeevZaL+u2R7Ilz5ROs9H4OBQ4UFAPafZZhlI+zbcNSM8IoxJ3zuI6+jiupYQdGA5r2WjcTQm0HFqX3imn1kZsG1U48= for .wx2.qq.com/>, <Cookie webwxuvid=c33d1cae4fca9f0990475f906ac5a19b4e4b49dfe40ed4c942d7e38492e19a7fcd7a0240266742cf00fbc2f6a76fc3d8 for .wx2.qq.com/>, <Cookie wxloadtime=1547801672 for .wx2.qq.com/>, <Cookie wxsid=6WOqGVIa+ni0AUM/ for .wx2.qq.com/>, <Cookie wxuin=2626283019 for .wx2.qq.com/>]> 
[2019-01-18 16:54:33] 提示信息：webwx_data_ticket=gSefMgdxW/HiTJWtn0oJvKgr; mm_lang=zh_CN; webwx_auth_ticket=CIsBEN/Z1PYGGoABx9Hqa2Tu7uZ1MBVDcsnSEqZW62cMhKbmJ251tN/zcGc5Kv106WPRKLqjOLVlNLWno3I/ppbzaEjVwPicDeevZaL+u2R7Ilz5ROs9H4OBQ4UFAPafZZhlI+zbcNSM8IoxJ3zuI6+jiupYQdGA5r2WjcTQm0HFqX3imn1kZsG1U48=; webwxuvid=c33d1cae4fca9f0990475f906ac5a19b4e4b49dfe40ed4c942d7e38492e19a7fcd7a0240266742cf00fbc2f6a76fc3d8; wxloadtime=1547801672; wxsid=6WOqGVIa+ni0AUM/; wxuin=2626283019 
[2019-01-18 16:54:33] 执行出错：登录时出错： no such column: uuid 
[2019-01-18 16:57:11] 提示信息：{'User-Agent': 'Mozilla/5.0 (Windows NT 10.0; WOW64) AppleWebKit/537.36 (KHTML, like Gecko) Chrome/63.0.3239.132 Safari/537.36', 'Accept-Encoding': 'gzip, deflate', 'Accept': '*/*', 'Connection': 'keep-alive', 'Content-Type': 'application/x-www-form-urlencoded; charset=UTF-8', 'Cookie': 'webwx_data_ticket=gScOPE9MSO4qIioZKxZbMi5r; mm_lang=zh_CN; webwx_auth_ticket=CIsBEIjNoP8HGoABYKFUwQomLzZu+MavX7tYj6ZW62cMhKbmJ251tN/zcGeRp4NNYGGYlfZi0giM/hbve+8SwSYNBYs0M1FMU5MgPWx1zPwvWutrxFRuFRCCfpx1UGvyQlH/MWld6/BwaXzYIwLU/HCwlbNPSbiT/zt8KsTQm0HFqX3imn1kZsG1U48=; wxloadtime=1547799653; wxsid=Nnpwh4CGklz4ilrw; wxuin=2626283019'} 
[2019-01-18 16:57:11] 提示信息：webwx_data_ticket=gScOPE9MSO4qIioZKxZbMi5r; mm_lang=zh_CN; webwx_auth_ticket=CIsBEIjNoP8HGoABYKFUwQomLzZu+MavX7tYj6ZW62cMhKbmJ251tN/zcGeRp4NNYGGYlfZi0giM/hbve+8SwSYNBYs0M1FMU5MgPWx1zPwvWutrxFRuFRCCfpx1UGvyQlH/MWld6/BwaXzYIwLU/HCwlbNPSbiT/zt8KsTQm0HFqX3imn1kZsG1U48=; wxloadtime=1547799653; wxsid=Nnpwh4CGklz4ilrw; wxuin=2626283019 
[2019-01-18 16:57:13] 执行成功：发送邮件成功 
[2019-01-18 16:57:41] 提示信息：等待二维码扫描及授权... 
[2019-01-18 16:57:45] 提示信息：已获授权 
[2019-01-18 16:57:46] 提示信息：b'<error><ret>0</ret><message></message><skey>@crypt_59b22fc7_34bb0923a36b39fc90f5a889dd40b370</skey><wxsid>RX1JragpjE+nmkKA</wxsid><wxuin>2626283019</wxuin><pass_ticket>EemqASwX6yZrmbHTqFfJsfSUcvkayi4YzJQqqeL4Xxf2EDSupAdzsdrFapuCy0Lu</pass_ticket><isgrayscale>1</isgrayscale></error>' 
[2019-01-18 16:57:46] 提示信息：OKKKKKKK 
[2019-01-18 16:57:46] 执行成功：{'ret': '0', 'message': '', 'skey': '@crypt_59b22fc7_34bb0923a36b39fc90f5a889dd40b370', 'wxsid': 'RX1JragpjE+nmkKA', 'wxuin': '2626283019', 'pass_ticket': 'EemqASwX6yZrmbHTqFfJsfSUcvkayi4YzJQqqeL4Xxf2EDSupAdzsdrFapuCy0Lu', 'isgrayscale': '1'} 
[2019-01-18 16:57:46] 提示信息：<RequestsCookieJar[<Cookie webwx_data_ticket=gSeGVFdR/ZZrEzpzdJ17a5OT for .qq.com/>, <Cookie mm_lang=zh_CN for .wx2.qq.com/>, <Cookie webwx_auth_ticket=CIsBEN/MjN4LGoABjzFXVBUOaI4YJbdg21WuEaZW62cMhKbmJ251tN/zcGcfUhcLMnKMzmRsOZw0yzD8xdYze8cmqEx54O6FDDesMlAz3VckN+YH8Vh+oLPLPyYS89R/m/4fArr4K+r067PgI5qppiJ87xqV59UBjV+mlMTQm0HFqX3imn1kZsG1U48= for .wx2.qq.com/>, <Cookie webwxuvid=c33d1cae4fca9f0990475f906ac5a19b1318763268b6eeca1bd593ee0740b9bbb0e6dff5a2a9b0cdc76345c0a43c07f7 for .wx2.qq.com/>, <Cookie wxloadtime=1547801864 for .wx2.qq.com/>, <Cookie wxsid=RX1JragpjE+nmkKA for .wx2.qq.com/>, <Cookie wxuin=2626283019 for .wx2.qq.com/>]> 
[2019-01-18 16:57:46] 提示信息：webwx_data_ticket=gSeGVFdR/ZZrEzpzdJ17a5OT; mm_lang=zh_CN; webwx_auth_ticket=CIsBEN/MjN4LGoABjzFXVBUOaI4YJbdg21WuEaZW62cMhKbmJ251tN/zcGcfUhcLMnKMzmRsOZw0yzD8xdYze8cmqEx54O6FDDesMlAz3VckN+YH8Vh+oLPLPyYS89R/m/4fArr4K+r067PgI5qppiJ87xqV59UBjV+mlMTQm0HFqX3imn1kZsG1U48=; webwxuvid=c33d1cae4fca9f0990475f906ac5a19b1318763268b6eeca1bd593ee0740b9bbb0e6dff5a2a9b0cdc76345c0a43c07f7; wxloadtime=1547801864; wxsid=RX1JragpjE+nmkKA; wxuin=2626283019 
[2019-01-18 16:57:46] 执行出错：登录时出错： no such column: uuid 
[2019-01-18 16:58:22] 提示信息：{'User-Agent': 'Mozilla/5.0 (Windows NT 10.0; WOW64) AppleWebKit/537.36 (KHTML, like Gecko) Chrome/63.0.3239.132 Safari/537.36', 'Accept-Encoding': 'gzip, deflate', 'Accept': '*/*', 'Connection': 'keep-alive', 'Content-Type': 'application/x-www-form-urlencoded; charset=UTF-8', 'Cookie': 'webwx_data_ticket=gScOPE9MSO4qIioZKxZbMi5r; mm_lang=zh_CN; webwx_auth_ticket=CIsBEIjNoP8HGoABYKFUwQomLzZu+MavX7tYj6ZW62cMhKbmJ251tN/zcGeRp4NNYGGYlfZi0giM/hbve+8SwSYNBYs0M1FMU5MgPWx1zPwvWutrxFRuFRCCfpx1UGvyQlH/MWld6/BwaXzYIwLU/HCwlbNPSbiT/zt8KsTQm0HFqX3imn1kZsG1U48=; wxloadtime=1547799653; wxsid=Nnpwh4CGklz4ilrw; wxuin=2626283019'} 
[2019-01-18 16:58:22] 提示信息：webwx_data_ticket=gScOPE9MSO4qIioZKxZbMi5r; mm_lang=zh_CN; webwx_auth_ticket=CIsBEIjNoP8HGoABYKFUwQomLzZu+MavX7tYj6ZW62cMhKbmJ251tN/zcGeRp4NNYGGYlfZi0giM/hbve+8SwSYNBYs0M1FMU5MgPWx1zPwvWutrxFRuFRCCfpx1UGvyQlH/MWld6/BwaXzYIwLU/HCwlbNPSbiT/zt8KsTQm0HFqX3imn1kZsG1U48=; wxloadtime=1547799653; wxsid=Nnpwh4CGklz4ilrw; wxuin=2626283019 
[2019-01-18 16:58:24] 执行成功：发送邮件成功 
[2019-01-18 16:58:53] 提示信息：等待二维码扫描及授权... 
[2019-01-18 16:59:21] 提示信息：等待二维码扫描及授权... 
[2019-01-18 16:59:49] 提示信息：等待二维码扫描及授权... 
[2019-01-18 17:00:17] 提示信息：等待二维码扫描及授权... 
[2019-01-18 17:00:45] 提示信息：等待二维码扫描及授权... 
[2019-01-18 17:00:59] 提示信息：{'User-Agent': 'Mozilla/5.0 (Windows NT 10.0; WOW64) AppleWebKit/537.36 (KHTML, like Gecko) Chrome/63.0.3239.132 Safari/537.36', 'Accept-Encoding': 'gzip, deflate', 'Accept': '*/*', 'Connection': 'keep-alive', 'Content-Type': 'application/x-www-form-urlencoded; charset=UTF-8', 'Cookie': '8'} 
[2019-01-18 17:00:59] 提示信息：8 
[2019-01-18 17:01:02] 执行成功：发送邮件成功 
[2019-01-18 17:01:11] 提示信息：{'User-Agent': 'Mozilla/5.0 (Windows NT 10.0; WOW64) AppleWebKit/537.36 (KHTML, like Gecko) Chrome/63.0.3239.132 Safari/537.36', 'Accept-Encoding': 'gzip, deflate', 'Accept': '*/*', 'Connection': 'keep-alive', 'Content-Type': 'application/x-www-form-urlencoded; charset=UTF-8', 'Cookie': 'webwx_data_ticket=gScOPE9MSO4qIioZKxZbMi5r; mm_lang=zh_CN; webwx_auth_ticket=CIsBEIjNoP8HGoABYKFUwQomLzZu+MavX7tYj6ZW62cMhKbmJ251tN/zcGeRp4NNYGGYlfZi0giM/hbve+8SwSYNBYs0M1FMU5MgPWx1zPwvWutrxFRuFRCCfpx1UGvyQlH/MWld6/BwaXzYIwLU/HCwlbNPSbiT/zt8KsTQm0HFqX3imn1kZsG1U48=; wxloadtime=1547799653; wxsid=Nnpwh4CGklz4ilrw; wxuin=2626283019'} 
[2019-01-18 17:01:11] 提示信息：webwx_data_ticket=gScOPE9MSO4qIioZKxZbMi5r; mm_lang=zh_CN; webwx_auth_ticket=CIsBEIjNoP8HGoABYKFUwQomLzZu+MavX7tYj6ZW62cMhKbmJ251tN/zcGeRp4NNYGGYlfZi0giM/hbve+8SwSYNBYs0M1FMU5MgPWx1zPwvWutrxFRuFRCCfpx1UGvyQlH/MWld6/BwaXzYIwLU/HCwlbNPSbiT/zt8KsTQm0HFqX3imn1kZsG1U48=; wxloadtime=1547799653; wxsid=Nnpwh4CGklz4ilrw; wxuin=2626283019 
[2019-01-18 17:01:14] 执行成功：发送邮件成功 
[2019-01-18 17:01:42] 提示信息：等待二维码扫描及授权... 
[2019-01-18 17:02:16] 提示信息：{'User-Agent': 'Mozilla/5.0 (Windows NT 10.0; WOW64) AppleWebKit/537.36 (KHTML, like Gecko) Chrome/63.0.3239.132 Safari/537.36', 'Accept-Encoding': 'gzip, deflate', 'Accept': '*/*', 'Connection': 'keep-alive', 'Content-Type': 'application/x-www-form-urlencoded; charset=UTF-8', 'Cookie': 'webwx_data_ticket=gScOPE9MSO4qIioZKxZbMi5r; mm_lang=zh_CN; webwx_auth_ticket=CIsBEIjNoP8HGoABYKFUwQomLzZu+MavX7tYj6ZW62cMhKbmJ251tN/zcGeRp4NNYGGYlfZi0giM/hbve+8SwSYNBYs0M1FMU5MgPWx1zPwvWutrxFRuFRCCfpx1UGvyQlH/MWld6/BwaXzYIwLU/HCwlbNPSbiT/zt8KsTQm0HFqX3imn1kZsG1U48=; wxloadtime=1547799653; wxsid=Nnpwh4CGklz4ilrw; wxuin=2626283019'} 
[2019-01-18 17:02:16] 提示信息：webwx_data_ticket=gScOPE9MSO4qIioZKxZbMi5r; mm_lang=zh_CN; webwx_auth_ticket=CIsBEIjNoP8HGoABYKFUwQomLzZu+MavX7tYj6ZW62cMhKbmJ251tN/zcGeRp4NNYGGYlfZi0giM/hbve+8SwSYNBYs0M1FMU5MgPWx1zPwvWutrxFRuFRCCfpx1UGvyQlH/MWld6/BwaXzYIwLU/HCwlbNPSbiT/zt8KsTQm0HFqX3imn1kZsG1U48=; wxloadtime=1547799653; wxsid=Nnpwh4CGklz4ilrw; wxuin=2626283019 
[2019-01-18 17:02:18] 执行成功：发送邮件成功 
[2019-01-18 17:02:46] 提示信息：等待二维码扫描及授权... 
[2019-01-18 17:03:15] 提示信息：等待二维码扫描及授权... 
[2019-01-18 17:03:43] 提示信息：等待二维码扫描及授权... 
[2019-01-18 17:04:11] 提示信息：等待二维码扫描及授权... 
[2019-01-18 17:04:39] 提示信息：等待二维码扫描及授权... 
[2019-01-18 17:05:00] 提示信息：{'User-Agent': 'Mozilla/5.0 (Windows NT 10.0; WOW64) AppleWebKit/537.36 (KHTML, like Gecko) Chrome/63.0.3239.132 Safari/537.36', 'Accept-Encoding': 'gzip, deflate', 'Accept': '*/*', 'Connection': 'keep-alive', 'Content-Type': 'application/x-www-form-urlencoded; charset=UTF-8', 'Cookie': 'webwx_data_ticket=gScOPE9MSO4qIioZKxZbMi5r; mm_lang=zh_CN; webwx_auth_ticket=CIsBEIjNoP8HGoABYKFUwQomLzZu+MavX7tYj6ZW62cMhKbmJ251tN/zcGeRp4NNYGGYlfZi0giM/hbve+8SwSYNBYs0M1FMU5MgPWx1zPwvWutrxFRuFRCCfpx1UGvyQlH/MWld6/BwaXzYIwLU/HCwlbNPSbiT/zt8KsTQm0HFqX3imn1kZsG1U48=; wxloadtime=1547799653; wxsid=Nnpwh4CGklz4ilrw; wxuin=2626283019'} 
[2019-01-18 17:05:00] 提示信息：webwx_data_ticket=gScOPE9MSO4qIioZKxZbMi5r; mm_lang=zh_CN; webwx_auth_ticket=CIsBEIjNoP8HGoABYKFUwQomLzZu+MavX7tYj6ZW62cMhKbmJ251tN/zcGeRp4NNYGGYlfZi0giM/hbve+8SwSYNBYs0M1FMU5MgPWx1zPwvWutrxFRuFRCCfpx1UGvyQlH/MWld6/BwaXzYIwLU/HCwlbNPSbiT/zt8KsTQm0HFqX3imn1kZsG1U48=; wxloadtime=1547799653; wxsid=Nnpwh4CGklz4ilrw; wxuin=2626283019 
[2019-01-18 17:05:06] 执行成功：发送邮件成功 
[2019-01-18 17:05:31] 提示信息：二维码已扫描，等待授权... 
[2019-01-18 17:05:34] 提示信息：已获授权 
[2019-01-18 17:05:35] 提示信息：b'<error><ret>0</ret><message></message><skey>@crypt_59b22fc7_fcb42f4799bab9e2494a3abe927e07bf</skey><wxsid>PZUZXkCmtg0rEA97</wxsid><wxuin>2626283019</wxuin><pass_ticket>KOJUTMrIrw4PvntNsNsRvmkvLPYgFYPpdNGqAzY3GD%2FWSlOTV0y1PJbD3gotGoai</pass_ticket><isgrayscale>1</isgrayscale></error>' 
[2019-01-18 17:05:35] 提示信息：OKKKKKKK 
[2019-01-18 17:05:35] 执行成功：{'ret': '0', 'message': '', 'skey': '@crypt_59b22fc7_fcb42f4799bab9e2494a3abe927e07bf', 'wxsid': 'PZUZXkCmtg0rEA97', 'wxuin': '2626283019', 'pass_ticket': 'KOJUTMrIrw4PvntNsNsRvmkvLPYgFYPpdNGqAzY3GD%2FWSlOTV0y1PJbD3gotGoai', 'isgrayscale': '1'} 
[2019-01-18 17:05:35] 提示信息：<RequestsCookieJar[<Cookie webwx_data_ticket=gSe+QruwFIF05alXWZF3Dxjv for .qq.com/>, <Cookie mm_lang=zh_CN for .wx2.qq.com/>, <Cookie webwx_auth_ticket=CIsBEPvG5PYNGoABVHT++zewpTN6JjWgoic1e6ZW62cMhKbmJ251tN/zcGdPImK2H7toGMAjZ53EkRJINzWbq6nPVP2RkwJOEFwyh5GhmAnMf6oaW7tgrT0jajJ4F56s4p5NdjvSwETxVgqPYxqNwKSACUFBrDeAOmTOycTQm0HFqX3imn1kZsG1U48= for .wx2.qq.com/>, <Cookie webwxuvid=c33d1cae4fca9f0990475f906ac5a19bd73ace77390c8b87bbcbde5efca1653dc327261cdad15a02c8ce0f719173fb7f for .wx2.qq.com/>, <Cookie wxloadtime=1547802333 for .wx2.qq.com/>, <Cookie wxsid=PZUZXkCmtg0rEA97 for .wx2.qq.com/>, <Cookie wxuin=2626283019 for .wx2.qq.com/>]> 
[2019-01-18 17:05:35] 提示信息：webwx_data_ticket=gSe+QruwFIF05alXWZF3Dxjv; mm_lang=zh_CN; webwx_auth_ticket=CIsBEPvG5PYNGoABVHT++zewpTN6JjWgoic1e6ZW62cMhKbmJ251tN/zcGdPImK2H7toGMAjZ53EkRJINzWbq6nPVP2RkwJOEFwyh5GhmAnMf6oaW7tgrT0jajJ4F56s4p5NdjvSwETxVgqPYxqNwKSACUFBrDeAOmTOycTQm0HFqX3imn1kZsG1U48=; webwxuvid=c33d1cae4fca9f0990475f906ac5a19bd73ace77390c8b87bbcbde5efca1653dc327261cdad15a02c8ce0f719173fb7f; wxloadtime=1547802333; wxsid=PZUZXkCmtg0rEA97; wxuin=2626283019 
[2019-01-18 17:05:35] 执行出错：登录时出错： no such column: uuid 
[2019-01-18 17:06:05] 提示信息：{'User-Agent': 'Mozilla/5.0 (Windows NT 10.0; WOW64) AppleWebKit/537.36 (KHTML, like Gecko) Chrome/63.0.3239.132 Safari/537.36', 'Accept-Encoding': 'gzip, deflate', 'Accept': '*/*', 'Connection': 'keep-alive', 'Content-Type': 'application/x-www-form-urlencoded; charset=UTF-8', 'Cookie': 'webwx_data_ticket=gScOPE9MSO4qIioZKxZbMi5r; mm_lang=zh_CN; webwx_auth_ticket=CIsBEIjNoP8HGoABYKFUwQomLzZu+MavX7tYj6ZW62cMhKbmJ251tN/zcGeRp4NNYGGYlfZi0giM/hbve+8SwSYNBYs0M1FMU5MgPWx1zPwvWutrxFRuFRCCfpx1UGvyQlH/MWld6/BwaXzYIwLU/HCwlbNPSbiT/zt8KsTQm0HFqX3imn1kZsG1U48=; wxloadtime=1547799653; wxsid=Nnpwh4CGklz4ilrw; wxuin=2626283019'} 
[2019-01-18 17:06:05] 提示信息：webwx_data_ticket=gScOPE9MSO4qIioZKxZbMi5r; mm_lang=zh_CN; webwx_auth_ticket=CIsBEIjNoP8HGoABYKFUwQomLzZu+MavX7tYj6ZW62cMhKbmJ251tN/zcGeRp4NNYGGYlfZi0giM/hbve+8SwSYNBYs0M1FMU5MgPWx1zPwvWutrxFRuFRCCfpx1UGvyQlH/MWld6/BwaXzYIwLU/HCwlbNPSbiT/zt8KsTQm0HFqX3imn1kZsG1U48=; wxloadtime=1547799653; wxsid=Nnpwh4CGklz4ilrw; wxuin=2626283019 
[2019-01-18 17:06:08] 执行成功：发送邮件成功 
[2019-01-18 17:06:36] 提示信息：等待二维码扫描及授权... 
[2019-01-18 17:07:04] 提示信息：等待二维码扫描及授权... 
[2019-01-18 17:07:32] 提示信息：等待二维码扫描及授权... 
[2019-01-18 17:08:00] 提示信息：等待二维码扫描及授权... 
[2019-01-18 17:08:28] 提示信息：等待二维码扫描及授权... 
[2019-01-18 17:08:56] 提示信息：等待二维码扫描及授权... 
[2019-01-18 17:09:24] 提示信息：等待二维码扫描及授权... 
[2019-01-18 17:09:53] 提示信息：等待二维码扫描及授权... 
[2019-01-18 17:10:21] 提示信息：等待二维码扫描及授权... 
[2019-01-18 17:10:23] 提示信息：{'User-Agent': 'Mozilla/5.0 (Windows NT 10.0; WOW64) AppleWebKit/537.36 (KHTML, like Gecko) Chrome/63.0.3239.132 Safari/537.36', 'Accept-Encoding': 'gzip, deflate', 'Accept': '*/*', 'Connection': 'keep-alive', 'Content-Type': 'application/x-www-form-urlencoded; charset=UTF-8', 'Cookie': 'webwx_data_ticket=gScOPE9MSO4qIioZKxZbMi5r; mm_lang=zh_CN; webwx_auth_ticket=CIsBEIjNoP8HGoABYKFUwQomLzZu+MavX7tYj6ZW62cMhKbmJ251tN/zcGeRp4NNYGGYlfZi0giM/hbve+8SwSYNBYs0M1FMU5MgPWx1zPwvWutrxFRuFRCCfpx1UGvyQlH/MWld6/BwaXzYIwLU/HCwlbNPSbiT/zt8KsTQm0HFqX3imn1kZsG1U48=; wxloadtime=1547799653; wxsid=Nnpwh4CGklz4ilrw; wxuin=2626283019'} 
[2019-01-18 17:10:23] 提示信息：webwx_data_ticket=gScOPE9MSO4qIioZKxZbMi5r; mm_lang=zh_CN; webwx_auth_ticket=CIsBEIjNoP8HGoABYKFUwQomLzZu+MavX7tYj6ZW62cMhKbmJ251tN/zcGeRp4NNYGGYlfZi0giM/hbve+8SwSYNBYs0M1FMU5MgPWx1zPwvWutrxFRuFRCCfpx1UGvyQlH/MWld6/BwaXzYIwLU/HCwlbNPSbiT/zt8KsTQm0HFqX3imn1kZsG1U48=; wxloadtime=1547799653; wxsid=Nnpwh4CGklz4ilrw; wxuin=2626283019 
[2019-01-18 17:10:26] 执行成功：发送邮件成功 
[2019-01-18 17:10:54] 提示信息：等待二维码扫描及授权... 
[2019-01-18 17:10:59] 提示信息：二维码已扫描，等待授权... 
[2019-01-18 17:11:27] 提示信息：等待二维码扫描及授权... 
[2019-01-18 17:11:55] 提示信息：等待二维码扫描及授权... 
[2019-01-18 17:12:23] 提示信息：等待二维码扫描及授权... 
[2019-01-18 17:12:51] 提示信息：等待二维码扫描及授权... 
[2019-01-18 17:13:19] 提示信息：等待二维码扫描及授权... 
[2019-01-18 17:13:47] 提示信息：等待二维码扫描及授权... 
[2019-01-18 17:14:15] 提示信息：等待二维码扫描及授权... 
[2019-01-18 17:14:43] 提示信息：等待二维码扫描及授权... 
[2019-01-18 17:15:11] 提示信息：等待二维码扫描及授权... 
[2019-01-18 17:15:39] 提示信息：等待二维码扫描及授权... 
[2019-01-18 17:15:42] 执行出错：获取二维码扫描状态时出错, html="%s" window.code=400; 
