[2019-01-19 12:27:00] 提示信息：{'User-Agent': 'Mozilla/5.0 (Windows NT 10.0; WOW64) AppleWebKit/537.36 (KHTML, like Gecko) Chrome/63.0.3239.132 Safari/537.36', 'Accept-Encoding': 'gzip, deflate', 'Accept': '*/*', 'Connection': 'keep-alive', 'Content-Type': 'application/x-www-form-urlencoded; charset=UTF-8', 'Cookie': '8'} 
[2019-01-19 12:27:00] 提示信息：8 
[2019-01-19 12:27:02] 执行成功：发送邮件成功 
[2019-01-19 12:27:30] 提示信息：等待二维码扫描及授权... 
[2019-01-19 12:27:36] 提示信息：{'User-Agent': 'Mozilla/5.0 (Windows NT 10.0; WOW64) AppleWebKit/537.36 (KHTML, like Gecko) Chrome/63.0.3239.132 Safari/537.36', 'Accept-Encoding': 'gzip, deflate', 'Accept': '*/*', 'Connection': 'keep-alive', 'Content-Type': 'application/x-www-form-urlencoded; charset=UTF-8', 'Cookie': '8'} 
[2019-01-19 12:27:36] 提示信息：8 
[2019-01-19 12:27:39] 执行出错：获取二维码扫描状态时出错, html="%s" window.code=400; 
[2019-01-19 12:28:54] 提示信息：{'User-Agent': 'Mozilla/5.0 (Windows NT 10.0; WOW64) AppleWebKit/537.36 (KHTML, like Gecko) Chrome/63.0.3239.132 Safari/537.36', 'Accept-Encoding': 'gzip, deflate', 'Accept': '*/*', 'Connection': 'keep-alive', 'Content-Type': 'application/x-www-form-urlencoded; charset=UTF-8', 'Cookie': '8'} 
[2019-01-19 12:28:54] 提示信息：8 
[2019-01-19 12:28:58] 执行出错：获取二维码扫描状态时出错, html="%s" window.code=400; 
[2019-01-19 12:29:39] 提示信息：{'User-Agent': 'Mozilla/5.0 (Windows NT 10.0; WOW64) AppleWebKit/537.36 (KHTML, like Gecko) Chrome/63.0.3239.132 Safari/537.36', 'Accept-Encoding': 'gzip, deflate', 'Accept': '*/*', 'Connection': 'keep-alive', 'Content-Type': 'application/x-www-form-urlencoded; charset=UTF-8', 'Cookie': '8'} 
[2019-01-19 12:29:39] 提示信息：8 
[2019-01-19 12:29:42] 执行出错：获取二维码扫描状态时出错, html="%s" window.code=400; 
[2019-01-19 12:30:12] 执行出错：获取二维码扫描状态时出错, html="%s" window.code=400; 
[2019-01-19 12:38:30] 执行出错：恢复登录时出现错误 
[2019-01-19 12:38:33] 执行成功：发送邮件成功 
[2019-01-19 12:39:01] 提示信息：等待二维码扫描及授权... 
[2019-01-19 12:39:29] 提示信息：等待二维码扫描及授权... 
[2019-01-19 12:39:57] 提示信息：等待二维码扫描及授权... 
[2019-01-19 12:40:25] 提示信息：等待二维码扫描及授权... 
[2019-01-19 12:40:53] 提示信息：等待二维码扫描及授权... 
[2019-01-19 12:41:01] 提示信息：二维码已扫描，等待授权... 
[2019-01-19 12:41:04] 提示信息：已获授权 
[2019-01-19 12:41:04] 提示信息：b'<error><ret>0</ret><message></message><skey>@crypt_59b22fc7_8547b07bfc503f9368d9af5458570591</skey><wxsid>Woa3Q59pGd5ylnro</wxsid><wxuin>2626283019</wxuin><pass_ticket>6x72CcItI%2BU%2BLTTtvMA2foXwArtnv50J9p6%2BJ1HBEBiTNArNGLUKaXopE5uGIWl8</pass_ticket><isgrayscale>1</isgrayscale></error>' 
[2019-01-19 12:41:04] 提示信息：webwx_data_ticket=gSewydMew9gEP+ExWjlfNIGu; mm_lang=zh_CN; webwx_auth_ticket=CIsBEOHMkN4CGoABiivLcRUqbo2Vw21xRyc9raZW62cMhKbmJ251tN/zcGfOHwlCqATzG/dbHYRTnpvzCPVn4e8iBW6cFVZi6WkqaDTqGZuHpo4F3OALR8C3ibYiG+xwNcZXHweQ2O1L6e06vp/Md/V1qRdl1H9WbwTsf8TQm0HFqX3imn1kZsG1U48=; webwxuvid=c33d1cae4fca9f0990475f906ac5a19b88983ed1329ca1bd463c7c9c23dea1e7662e593c55e866e4096b3131ee14b7a8; wxloadtime=1547872864; wxsid=Woa3Q59pGd5ylnro; wxuin=2626283019 
[2019-01-19 12:41:19] 执行成功：发送邮件成功 
[2019-01-19 12:41:34] 执行成功：发送邮件成功 
[2019-01-19 12:42:00] 执行成功：发送邮件成功 
[2019-01-19 12:42:29] 提示信息：等待二维码扫描及授权... 
[2019-01-19 12:42:32] 执行成功：恢复登录成功 
[2019-01-19 12:42:35] 提示信息：已获授权 
[2019-01-19 12:42:36] 提示信息：b'<error><ret>0</ret><message></message><skey>@crypt_59b22fc7_7db7f70274424b338fa907ac2dc1f5dc</skey><wxsid>60boTp2NdOaPIBJM</wxsid><wxuin>2626283019</wxuin><pass_ticket>0NoIErL4N2ZmQ3XOH0sQfG3RPLL%2BvrCPHuQcw%2Bet9%2Bfba1OTdN%2FTZkF51kKJApHs</pass_ticket><isgrayscale>1</isgrayscale></error>' 
[2019-01-19 12:42:36] 提示信息：webwx_data_ticket=gSfFXvWWx8WZ/2sbEdA0EgyI; mm_lang=zh_CN; webwx_auth_ticket=CIsBEN/OpKEKGoABm3Mj5e8Pp99jOAUYVo/bpaZW62cMhKbmJ251tN/zcGfOHwlCqATzG/dbHYRTnpvzCPVn4e8iBW6cFVZi6WkqaDTqGZuHpo4F3OALR8C3ibYiG+xwNcZXHweQ2O1L6e06vp/Md/V1qRdl1H9WbwTsf8TQm0HFqX3imn1kZsG1U48=; wxloadtime=1547872955; wxsid=60boTp2NdOaPIBJM; wxuin=2626283019 
[2019-01-19 12:43:31] 执行成功：恢复登录成功 
[2019-01-19 12:48:03] 执行成功：发送邮件成功 
[2019-01-19 12:48:28] 提示信息：二维码已扫描，等待授权... 
[2019-01-19 12:48:31] 提示信息：已获授权 
[2019-01-19 12:48:32] 提示信息：b'<error><ret>0</ret><message></message><skey>@crypt_59b22fc7_b8c4ff0d45123971e90e5b9d24a63bf3</skey><wxsid>niyjt6M0rR+/LqNT</wxsid><wxuin>2626283019</wxuin><pass_ticket>ik7D%2BGkDEPV0t2rHqcY6VX13fIdUhgXLXJbrMJJno%2FV4%2FU4Zn5cz12P4V4d2j6pz</pass_ticket><isgrayscale>1</isgrayscale></error>' 
[2019-01-19 12:48:32] 提示信息：webwx_data_ticket=gScjEEN1PKX3WO2jwk7sQV3p; mm_lang=zh_CN; webwx_auth_ticket=CIsBEODPpI0EGoAB4RAmqsSZ0ZG6JpDny4H5p6ZW62cMhKbmJ251tN/zcGfOAisFE9R5EjJKFjC5/ouVzLZluZEhdDVCItsF3EfCqLHIJIWQx0pN6yGniFYrSAeS3HTP+NFJX+dK8coElVJQxAOM1bRJNZ1Ozlc0NqTfKsTQm0HFqX3imn1kZsG1U48=; webwxuvid=c33d1cae4fca9f0990475f906ac5a19b761e042f850fdd28a3464e36034b7a3d34f392902dafe9a053c32095688052af; wxloadtime=1547873311; wxsid=niyjt6M0rR+/LqNT; wxuin=2626283019 
[2019-01-19 12:48:58] 执行成功：恢复登录成功 
[2019-01-19 12:49:18] 执行成功：恢复登录成功 
[2019-01-19 12:49:33] 执行成功：恢复登录成功 
[2019-01-19 12:52:23] 执行成功：恢复登录成功 
[2019-01-19 12:53:16] 执行成功：发送邮件成功 
[2019-01-19 12:53:44] 提示信息：等待二维码扫描及授权... 
[2019-01-19 12:54:12] 提示信息：等待二维码扫描及授权... 
[2019-01-19 12:54:40] 提示信息：等待二维码扫描及授权... 
[2019-01-19 12:54:46] 提示信息：二维码已扫描，等待授权... 
[2019-01-19 12:54:49] 提示信息：已获授权 
[2019-01-19 12:54:50] 提示信息：b'<error><ret>0</ret><message></message><skey>@crypt_59b22fc7_74b93ee817886ca4c5364bf41e760169</skey><wxsid>8bN9eZyWz+d9Gv0a</wxsid><wxuin>2626283019</wxuin><pass_ticket>a0VBi%2Bfv5cuSXWCwvaMkoexyMTzfmnci23UEW0Q870VX1BFWmm5nQKzpkqwSdtcD</pass_ticket><isgrayscale>1</isgrayscale></error>' 
[2019-01-19 12:54:50] 提示信息：webwx_data_ticket=gSdEaS4f1MC703DD1l9qpYeD; mm_lang=zh_CN; webwx_auth_ticket=CIsBENvP0NUDGoABxj1I6ilmUZ9M9Yf46am8/KZW62cMhKbmJ251tN/zcGfOAisFE9R5EjJKFjC5/ouVzLZluZEhdDVCItsF3EfCqLHIJIWQx0pN6yGniFYrSAeS3HTP+NFJX+dK8coElVJQxAOM1bRJNZ1Ozlc0NqTfKsTQm0HFqX3imn1kZsG1U48=; wxloadtime=1547873689; wxsid=8bN9eZyWz+d9Gv0a; wxuin=2626283019 
[2019-01-19 12:54:56] 执行成功：恢复登录成功 
[2019-01-19 12:55:03] 执行成功：恢复登录成功 
[2019-01-19 12:55:08] 执行成功：恢复登录成功 
[2019-01-19 12:55:17] 执行成功：恢复登录成功 
[2019-01-19 12:55:53] 执行成功：恢复登录成功 
[2019-01-19 13:48:31] 执行成功：发送邮件成功 
[2019-01-19 13:48:59] 提示信息：等待二维码扫描及授权... 
[2019-01-19 13:49:27] 提示信息：等待二维码扫描及授权... 
[2019-01-19 13:49:34] 执行成功：发送邮件成功 
[2019-01-19 13:50:02] 提示信息：等待二维码扫描及授权... 
[2019-01-19 13:50:30] 提示信息：等待二维码扫描及授权... 
[2019-01-19 13:50:58] 提示信息：等待二维码扫描及授权... 
[2019-01-19 13:51:26] 提示信息：等待二维码扫描及授权... 
[2019-01-19 13:51:54] 提示信息：等待二维码扫描及授权... 
[2019-01-19 13:52:22] 提示信息：等待二维码扫描及授权... 
[2019-01-19 13:52:51] 提示信息：等待二维码扫描及授权... 
[2019-01-19 13:56:03] 执行出错：恢复登录时出现错误 
[2019-01-19 13:56:07] 执行成功：发送邮件成功 
[2019-01-19 13:56:24] 提示信息：二维码已扫描，等待授权... 
[2019-01-19 13:56:27] 提示信息：已获授权 
[2019-01-19 13:56:27] 提示信息：b'<error><ret>0</ret><message></message><skey>@crypt_59b22fc7_3526a4e8ff00b2ab83039523d5bb7e11</skey><wxsid>xXrAoL91inlc+hFV</wxsid><wxuin>2626283019</wxuin><pass_ticket>7Z288rZCPwCUcDlO%2FScikXjXSQPE2knVWptUpFAbo%2B%2FxKsRUkPEOocd08LRXky3R</pass_ticket><isgrayscale>1</isgrayscale></error>' 
[2019-01-19 13:56:27] 提示信息：webwx_data_ticket=gScGk78zQ/qMt1fnjlu8Cieg; mm_lang=zh_CN; webwx_auth_ticket=CIsBEOjH/IABGoAByTMTnuEDUxufCLdc/KOZzqZW62cMhKbmJ251tN/zcGeI6CY59vQ8WjUVRdLKW0vcFFaMxgStIWb9IyWsHK9FGJwxShPyXecbdnoAHW7Vg1V1CbEgm6OvVwjMVD2f5jOFbfarDdLj4DBtpjtuO1ChH8TQm0HFqX3imn1kZsG1U48=; webwxuvid=c33d1cae4fca9f0990475f906ac5a19b329ab1342b3b83928b45a02500cc2a2e233cb48f13b47c8e77798305354f0f57; wxloadtime=1547877387; wxsid=xXrAoL91inlc+hFV; wxuin=2626283019 
[2019-01-19 13:56:59] 执行成功：恢复登录成功 
[2019-01-19 14:00:45] 执行成功：恢复登录成功 
[2019-01-19 14:17:15] 执行成功：发送邮件成功 
[2019-01-19 14:17:27] 提示信息：二维码已扫描，等待授权... 
[2019-01-19 14:17:30] 提示信息：已获授权 
[2019-01-19 14:17:31] 提示信息：b'<error><ret>0</ret><message></message><skey>@crypt_59b22fc7_8f11ee58611416617f94fb5ed34a7c15</skey><wxsid>5tjsds4KlCxrAOJg</wxsid><wxuin>2626283019</wxuin><pass_ticket>dV2SwvZj2PxzNDfLWGg7p%2B4bqI0ILYHKbM5zmaZZ%2FV1ejRqHCdmJTX9DCyjTM9pA</pass_ticket><isgrayscale>1</isgrayscale></error>' 
[2019-01-19 14:17:31] 提示信息：webwx_data_ticket=gSexGiNjU9t4HTvK7qjPIFjp; mm_lang=zh_CN; webwx_auth_ticket=CIsBEOPH1MMBGoABWEVrz73GPoR9k4h/oeIEAKZW62cMhKbmJ251tN/zcGeI6CY59vQ8WjUVRdLKW0vcFFaMxgStIWb9IyWsHK9FGJwxShPyXecbdnoAHW7Vg1V1CbEgm6OvVwjMVD2f5jOFbfarDdLj4DBtpjtuO1ChH8TQm0HFqX3imn1kZsG1U48=; wxloadtime=1547878650; wxsid=5tjsds4KlCxrAOJg; wxuin=2626283019 
[2019-01-19 14:17:31] 执行出错：监听微信消息时出错： Cannot operate on a closed database. 
[2019-01-19 14:17:52] 执行成功：恢复登录成功 
[2019-01-19 14:18:23] 执行成功：恢复登录成功 
[2019-01-19 14:18:27] 执行成功：恢复登录成功 
[2019-01-19 14:18:36] 执行成功：恢复登录成功 
[2019-01-19 14:18:36] 执行出错：监听微信消息时出错： can only concatenate str (not "int") to str 
[2019-01-19 14:19:44] 执行成功：恢复登录成功 
[2019-01-19 14:19:44] 提示信息：b'window.synccheck={retcode:"0",selector:"2"}' 
[2019-01-19 14:19:49] 提示信息：b'window.synccheck={retcode:"0",selector:"2"}' 
[2019-01-19 14:19:54] 提示信息：b'window.synccheck={retcode:"0",selector:"2"}' 
[2019-01-19 14:19:59] 提示信息：b'window.synccheck={retcode:"0",selector:"2"}' 
[2019-01-19 14:20:04] 提示信息：b'window.synccheck={retcode:"0",selector:"2"}' 
[2019-01-19 14:20:09] 提示信息：b'window.synccheck={retcode:"0",selector:"2"}' 
[2019-01-19 14:20:14] 提示信息：b'window.synccheck={retcode:"0",selector:"2"}' 
[2019-01-19 14:20:19] 提示信息：b'window.synccheck={retcode:"0",selector:"2"}' 
[2019-01-19 14:20:24] 提示信息：b'window.synccheck={retcode:"0",selector:"2"}' 
[2019-01-19 14:20:29] 提示信息：b'window.synccheck={retcode:"0",selector:"2"}' 
[2019-01-19 14:20:34] 提示信息：b'window.synccheck={retcode:"0",selector:"2"}' 
[2019-01-19 14:20:39] 提示信息：b'window.synccheck={retcode:"0",selector:"2"}' 
[2019-01-19 14:20:44] 提示信息：b'window.synccheck={retcode:"0",selector:"2"}' 
[2019-01-19 14:20:49] 提示信息：b'window.synccheck={retcode:"0",selector:"2"}' 
[2019-01-19 14:20:54] 提示信息：b'window.synccheck={retcode:"0",selector:"2"}' 
[2019-01-19 14:20:59] 提示信息：b'window.synccheck={retcode:"1101",selector:"0"}' 
[2019-01-19 14:21:04] 提示信息：b'window.synccheck={retcode:"1101",selector:"0"}' 
[2019-01-19 14:21:09] 提示信息：b'window.synccheck={retcode:"1101",selector:"0"}' 
[2019-01-19 14:23:15] 执行成功：发送邮件成功 
[2019-01-19 14:23:32] 提示信息：二维码已扫描，等待授权... 
[2019-01-19 14:23:35] 提示信息：已获授权 
[2019-01-19 14:23:35] 提示信息：b'<error><ret>0</ret><message></message><skey>@crypt_59b22fc7_3fbf7da2ce6a0b5c7cb2fa32e7a4f40d</skey><wxsid>ojm/LvpSLB8hp3Nk</wxsid><wxuin>2626283019</wxuin><pass_ticket>wGqP%2Bzq7BlLhMacuXoiXqVUJPF4BZJwvADROFvy2heQSbPQ2AXFgJQAMzDz04%2FOa</pass_ticket><isgrayscale>1</isgrayscale></error>' 
[2019-01-19 14:23:35] 提示信息：webwx_data_ticket=gSeUFSm/W86FnKoOx1ThZwG3; mm_lang=zh_CN; webwx_auth_ticket=CIsBEO3KoEYagAH7BrnGapCUTl/55Sm2p+4vplbrZwyEpuYnbnW03/NwZxXxXIrcgwfTZ/NJSdFsbrAqPKrp2KefSPkIPHEAiKsEZY8/AQru8UVwSyOwCdWD/F1RCT+GlDQagHdqWWhUD3xC8lsQYBWJowoJvf31UmDAxNCbQcWpfeKafWRmwbVTjw==; webwxuvid=c33d1cae4fca9f0990475f906ac5a19b27b87ff9879a87d3830fa9efcb3ef293127e0cbbddf642bfebdd786f6f5fd9ec; wxloadtime=1547879015; wxsid=ojm/LvpSLB8hp3Nk; wxuin=2626283019 
[2019-01-19 14:23:35] 提示信息：b'window.synccheck={retcode:"0",selector:"2"}' 
[2019-01-19 14:24:00] 提示信息：b'window.synccheck={retcode:"0",selector:"2"}' 
[2019-01-19 14:24:49] 执行成功：恢复登录成功 
[2019-01-19 14:24:49] 提示信息：b'window.synccheck={retcode:"0",selector:"2"}' 
[2019-01-19 14:24:49] 提示信息：b'window.synccheck={retcode:"0",selector:"2"}' 
[2019-01-19 14:24:49] 提示信息：b'window.synccheck={retcode:"0",selector:"2"}' 
[2019-01-19 14:24:49] 提示信息：b'window.synccheck={retcode:"0",selector:"2"}' 
[2019-01-19 14:24:49] 提示信息：b'window.synccheck={retcode:"0",selector:"2"}' 
[2019-01-19 14:24:49] 提示信息：b'window.synccheck={retcode:"0",selector:"2"}' 
[2019-01-19 14:24:49] 提示信息：b'window.synccheck={retcode:"0",selector:"2"}' 
[2019-01-19 14:24:49] 提示信息：b'window.synccheck={retcode:"0",selector:"2"}' 
[2019-01-19 14:24:49] 提示信息：b'window.synccheck={retcode:"0",selector:"2"}' 
[2019-01-19 14:24:49] 提示信息：b'window.synccheck={retcode:"0",selector:"2"}' 
[2019-01-19 14:24:49] 提示信息：b'window.synccheck={retcode:"0",selector:"2"}' 
[2019-01-19 14:24:49] 提示信息：b'window.synccheck={retcode:"0",selector:"2"}' 
[2019-01-19 14:24:49] 提示信息：b'window.synccheck={retcode:"0",selector:"2"}' 
[2019-01-19 14:24:49] 提示信息：b'window.synccheck={retcode:"0",selector:"2"}' 
[2019-01-19 14:24:49] 提示信息：b'window.synccheck={retcode:"0",selector:"2"}' 
[2019-01-19 14:24:49] 提示信息：b'window.synccheck={retcode:"0",selector:"2"}' 
[2019-01-19 14:24:49] 提示信息：b'window.synccheck={retcode:"0",selector:"2"}' 
[2019-01-19 14:24:49] 提示信息：b'window.synccheck={retcode:"0",selector:"2"}' 
[2019-01-19 14:24:49] 提示信息：b'window.synccheck={retcode:"0",selector:"2"}' 
[2019-01-19 14:24:49] 提示信息：b'window.synccheck={retcode:"0",selector:"2"}' 
[2019-01-19 14:24:49] 提示信息：b'window.synccheck={retcode:"0",selector:"2"}' 
[2019-01-19 14:24:49] 提示信息：b'window.synccheck={retcode:"0",selector:"2"}' 
[2019-01-19 14:24:49] 提示信息：b'window.synccheck={retcode:"0",selector:"2"}' 
[2019-01-19 14:24:49] 提示信息：b'window.synccheck={retcode:"0",selector:"2"}' 
[2019-01-19 14:24:49] 提示信息：b'window.synccheck={retcode:"0",selector:"2"}' 
[2019-01-19 14:24:50] 提示信息：b'window.synccheck={retcode:"0",selector:"2"}' 
[2019-01-19 14:24:50] 提示信息：b'window.synccheck={retcode:"0",selector:"2"}' 
[2019-01-19 14:24:50] 提示信息：b'window.synccheck={retcode:"0",selector:"2"}' 
[2019-01-19 14:24:50] 提示信息：b'window.synccheck={retcode:"0",selector:"2"}' 
[2019-01-19 14:24:50] 提示信息：b'window.synccheck={retcode:"0",selector:"2"}' 
[2019-01-19 14:24:50] 提示信息：b'window.synccheck={retcode:"0",selector:"2"}' 
[2019-01-19 14:24:50] 提示信息：b'window.synccheck={retcode:"0",selector:"2"}' 
[2019-01-19 14:24:50] 提示信息：b'window.synccheck={retcode:"0",selector:"2"}' 
[2019-01-19 14:24:50] 提示信息：b'window.synccheck={retcode:"0",selector:"2"}' 
[2019-01-19 14:24:50] 提示信息：b'window.synccheck={retcode:"0",selector:"2"}' 
[2019-01-19 14:24:50] 提示信息：b'window.synccheck={retcode:"0",selector:"2"}' 
[2019-01-19 14:24:50] 提示信息：b'window.synccheck={retcode:"0",selector:"2"}' 
[2019-01-19 14:24:50] 提示信息：b'window.synccheck={retcode:"0",selector:"2"}' 
[2019-01-19 14:24:50] 提示信息：b'window.synccheck={retcode:"0",selector:"2"}' 
[2019-01-19 14:24:50] 提示信息：b'window.synccheck={retcode:"0",selector:"2"}' 
[2019-01-19 14:24:50] 提示信息：b'window.synccheck={retcode:"0",selector:"2"}' 
[2019-01-19 14:24:50] 提示信息：b'window.synccheck={retcode:"0",selector:"2"}' 
[2019-01-19 14:24:50] 提示信息：b'window.synccheck={retcode:"0",selector:"2"}' 
[2019-01-19 14:24:50] 提示信息：b'window.synccheck={retcode:"0",selector:"2"}' 
[2019-01-19 14:24:50] 提示信息：b'window.synccheck={retcode:"0",selector:"2"}' 
[2019-01-19 14:24:50] 提示信息：b'window.synccheck={retcode:"0",selector:"2"}' 
[2019-01-19 14:24:50] 提示信息：b'window.synccheck={retcode:"0",selector:"2"}' 
[2019-01-19 14:24:50] 提示信息：b'window.synccheck={retcode:"0",selector:"2"}' 
[2019-01-19 14:24:50] 提示信息：b'window.synccheck={retcode:"0",selector:"2"}' 
[2019-01-19 14:24:50] 提示信息：b'window.synccheck={retcode:"0",selector:"2"}' 
[2019-01-19 14:24:50] 提示信息：b'window.synccheck={retcode:"0",selector:"2"}' 
[2019-01-19 14:24:50] 提示信息：b'window.synccheck={retcode:"0",selector:"2"}' 
[2019-01-19 14:24:50] 提示信息：b'window.synccheck={retcode:"0",selector:"2"}' 
[2019-01-19 14:24:50] 提示信息：b'window.synccheck={retcode:"0",selector:"2"}' 
[2019-01-19 14:24:51] 提示信息：b'window.synccheck={retcode:"0",selector:"2"}' 
[2019-01-19 14:24:51] 提示信息：b'window.synccheck={retcode:"0",selector:"2"}' 
[2019-01-19 14:24:51] 提示信息：b'window.synccheck={retcode:"0",selector:"2"}' 
[2019-01-19 14:24:51] 提示信息：b'window.synccheck={retcode:"0",selector:"2"}' 
[2019-01-19 14:24:51] 提示信息：b'window.synccheck={retcode:"0",selector:"2"}' 
[2019-01-19 14:24:51] 提示信息：b'window.synccheck={retcode:"0",selector:"2"}' 
[2019-01-19 14:24:51] 提示信息：b'window.synccheck={retcode:"0",selector:"2"}' 
[2019-01-19 14:24:51] 提示信息：b'window.synccheck={retcode:"0",selector:"2"}' 
[2019-01-19 14:24:51] 提示信息：b'window.synccheck={retcode:"0",selector:"2"}' 
[2019-01-19 14:24:51] 提示信息：b'window.synccheck={retcode:"0",selector:"2"}' 
[2019-01-19 14:24:51] 提示信息：b'window.synccheck={retcode:"0",selector:"2"}' 
[2019-01-19 14:24:51] 提示信息：b'window.synccheck={retcode:"0",selector:"2"}' 
[2019-01-19 14:25:11] 执行成功：恢复登录成功 
[2019-01-19 14:25:11] 提示信息：b'window.synccheck={retcode:"0",selector:"2"}' 
[2019-01-19 14:25:35] 提示信息：b'window.synccheck={retcode:"0",selector:"2"}' 
[2019-01-19 14:25:59] 提示信息：b'window.synccheck={retcode:"0",selector:"2"}' 
[2019-01-19 14:26:23] 提示信息：b'window.synccheck={retcode:"0",selector:"2"}' 
[2019-01-19 14:26:47] 提示信息：b'window.synccheck={retcode:"0",selector:"2"}' 
[2019-01-19 14:27:11] 提示信息：b'window.synccheck={retcode:"0",selector:"2"}' 
[2019-01-19 14:27:35] 提示信息：b'window.synccheck={retcode:"0",selector:"2"}' 
[2019-01-19 14:27:59] 提示信息：b'window.synccheck={retcode:"0",selector:"2"}' 
[2019-01-19 14:28:23] 提示信息：b'window.synccheck={retcode:"0",selector:"2"}' 
[2019-01-19 14:28:47] 提示信息：b'window.synccheck={retcode:"0",selector:"2"}' 
[2019-01-19 14:29:11] 提示信息：b'window.synccheck={retcode:"0",selector:"2"}' 
[2019-01-19 14:29:35] 提示信息：b'window.synccheck={retcode:"0",selector:"2"}' 
[2019-01-19 14:29:59] 提示信息：b'window.synccheck={retcode:"0",selector:"2"}' 
[2019-01-19 14:30:23] 提示信息：b'window.synccheck={retcode:"0",selector:"2"}' 
[2019-01-19 14:30:47] 提示信息：b'window.synccheck={retcode:"0",selector:"2"}' 
[2019-01-19 14:31:11] 提示信息：b'window.synccheck={retcode:"0",selector:"2"}' 
[2019-01-19 14:31:35] 提示信息：b'window.synccheck={retcode:"0",selector:"2"}' 
[2019-01-19 14:31:59] 提示信息：b'window.synccheck={retcode:"0",selector:"2"}' 
[2019-01-19 14:32:23] 提示信息：b'window.synccheck={retcode:"0",selector:"2"}' 
[2019-01-19 14:32:47] 提示信息：b'window.synccheck={retcode:"0",selector:"2"}' 
[2019-01-19 14:33:12] 提示信息：b'window.synccheck={retcode:"0",selector:"2"}' 
[2019-01-19 14:33:36] 提示信息：b'window.synccheck={retcode:"0",selector:"2"}' 
[2019-01-19 14:34:00] 提示信息：b'window.synccheck={retcode:"0",selector:"2"}' 
[2019-01-19 14:34:24] 提示信息：b'window.synccheck={retcode:"0",selector:"2"}' 
[2019-01-19 14:34:48] 提示信息：b'window.synccheck={retcode:"0",selector:"2"}' 
[2019-01-19 14:35:12] 提示信息：b'window.synccheck={retcode:"0",selector:"2"}' 
[2019-01-19 14:35:36] 提示信息：b'window.synccheck={retcode:"0",selector:"2"}' 
[2019-01-19 14:36:00] 提示信息：b'window.synccheck={retcode:"0",selector:"2"}' 
[2019-01-19 14:36:24] 提示信息：b'window.synccheck={retcode:"0",selector:"2"}' 
[2019-01-19 14:36:48] 提示信息：b'window.synccheck={retcode:"0",selector:"2"}' 
[2019-01-19 14:37:12] 提示信息：b'window.synccheck={retcode:"0",selector:"2"}' 
[2019-01-19 14:37:36] 提示信息：b'window.synccheck={retcode:"0",selector:"2"}' 
[2019-01-19 14:38:00] 提示信息：b'window.synccheck={retcode:"0",selector:"2"}' 
[2019-01-19 14:38:24] 提示信息：b'window.synccheck={retcode:"0",selector:"2"}' 
[2019-01-19 14:38:48] 提示信息：b'window.synccheck={retcode:"0",selector:"2"}' 
[2019-01-19 14:39:12] 提示信息：b'window.synccheck={retcode:"0",selector:"2"}' 
[2019-01-19 14:39:36] 提示信息：b'window.synccheck={retcode:"0",selector:"2"}' 
[2019-01-19 14:40:00] 提示信息：b'window.synccheck={retcode:"0",selector:"2"}' 
[2019-01-19 14:40:24] 提示信息：b'window.synccheck={retcode:"0",selector:"2"}' 
[2019-01-19 14:40:48] 提示信息：b'window.synccheck={retcode:"0",selector:"2"}' 
[2019-01-19 14:41:12] 提示信息：b'window.synccheck={retcode:"0",selector:"2"}' 
[2019-01-19 14:41:36] 提示信息：b'window.synccheck={retcode:"0",selector:"2"}' 
[2019-01-19 14:42:00] 提示信息：b'window.synccheck={retcode:"0",selector:"2"}' 
[2019-01-19 14:42:24] 提示信息：b'window.synccheck={retcode:"0",selector:"2"}' 
[2019-01-19 14:42:48] 提示信息：b'window.synccheck={retcode:"0",selector:"2"}' 
[2019-01-19 14:43:12] 提示信息：b'window.synccheck={retcode:"0",selector:"2"}' 
[2019-01-19 14:43:36] 提示信息：b'window.synccheck={retcode:"0",selector:"2"}' 
[2019-01-19 14:44:00] 提示信息：b'window.synccheck={retcode:"0",selector:"2"}' 
[2019-01-19 14:44:24] 提示信息：b'window.synccheck={retcode:"0",selector:"2"}' 
[2019-01-19 14:44:48] 提示信息：b'window.synccheck={retcode:"0",selector:"2"}' 
[2019-01-19 14:45:13] 提示信息：b'window.synccheck={retcode:"0",selector:"2"}' 
[2019-01-19 14:45:37] 提示信息：b'window.synccheck={retcode:"0",selector:"2"}' 
[2019-01-19 14:46:01] 提示信息：b'window.synccheck={retcode:"1101",selector:"0"}' 
[2019-01-19 14:46:25] 提示信息：b'window.synccheck={retcode:"1101",selector:"0"}' 
[2019-01-19 15:01:22] 执行成功：发送邮件成功 
[2019-01-19 15:01:33] 提示信息：二维码已扫描，等待授权... 
[2019-01-19 15:01:36] 提示信息：已获授权 
[2019-01-19 15:01:37] 提示信息：b'<error><ret>0</ret><message></message><skey>@crypt_59b22fc7_a75678faf436d331b8814854a3876ed1</skey><wxsid>AtaQ8daxLmV96Lrx</wxsid><wxuin>2626283019</wxuin><pass_ticket>cyemQYtjrJpyNGVxikDUMZvVY7Us2nUS0LQRCBVgdKmWl9gflV8nVpfYEIhYM7fM</pass_ticket><isgrayscale>1</isgrayscale></error>' 
[2019-01-19 15:01:37] 提示信息：webwx_data_ticket=gSeEoizszPtcOAwJGtoOktoU; mm_lang=zh_CN; webwx_auth_ticket=CIsBEKrKjI0OGoABHcRFJ8bzZn+ZrGqzj52l26ZW62cMhKbmJ251tN/zcGcV8VyK3IMH02fzSUnRbG6wKjyq6dinn0j5CDxxAIirBGWPPwEK7vFFcEsjsAnVg/xdUQk/hpQ0GoB3alloVA98QvJbEGAViaMKCb399VJgwMTQm0HFqX3imn1kZsG1U48=; wxloadtime=1547881296; wxsid=AtaQ8daxLmV96Lrx; wxuin=2626283019 
[2019-01-19 15:01:37] 提示信息：b'window.synccheck={retcode:"0",selector:"2"}' 
[2019-01-19 15:02:01] 提示信息：b'window.synccheck={retcode:"0",selector:"2"}' 
[2019-01-19 15:02:25] 提示信息：b'window.synccheck={retcode:"0",selector:"2"}' 
[2019-01-19 15:02:49] 提示信息：b'window.synccheck={retcode:"0",selector:"2"}' 
[2019-01-19 15:03:13] 提示信息：b'window.synccheck={retcode:"0",selector:"2"}' 
[2019-01-19 15:03:37] 提示信息：b'window.synccheck={retcode:"0",selector:"2"}' 
[2019-01-19 15:04:01] 提示信息：b'window.synccheck={retcode:"0",selector:"2"}' 
[2019-01-19 15:04:25] 提示信息：b'window.synccheck={retcode:"0",selector:"2"}' 
[2019-01-19 15:04:49] 提示信息：b'window.synccheck={retcode:"0",selector:"2"}' 
[2019-01-19 15:05:13] 提示信息：b'window.synccheck={retcode:"0",selector:"2"}' 
[2019-01-19 15:05:37] 提示信息：b'window.synccheck={retcode:"0",selector:"2"}' 
[2019-01-19 15:06:01] 提示信息：b'window.synccheck={retcode:"0",selector:"2"}' 
[2019-01-19 15:06:25] 提示信息：b'window.synccheck={retcode:"0",selector:"2"}' 
[2019-01-19 15:06:49] 提示信息：b'window.synccheck={retcode:"0",selector:"2"}' 
[2019-01-19 15:07:13] 提示信息：b'window.synccheck={retcode:"0",selector:"2"}' 
[2019-01-19 15:07:37] 提示信息：b'window.synccheck={retcode:"0",selector:"2"}' 
[2019-01-19 15:08:01] 提示信息：b'window.synccheck={retcode:"0",selector:"2"}' 
[2019-01-19 15:08:25] 提示信息：b'window.synccheck={retcode:"0",selector:"2"}' 
[2019-01-19 15:08:49] 提示信息：b'window.synccheck={retcode:"0",selector:"2"}' 
[2019-01-19 15:09:13] 提示信息：b'window.synccheck={retcode:"0",selector:"2"}' 
[2019-01-19 15:09:37] 提示信息：b'window.synccheck={retcode:"0",selector:"2"}' 
[2019-01-19 15:10:01] 提示信息：b'window.synccheck={retcode:"0",selector:"2"}' 
[2019-01-19 15:10:25] 提示信息：b'window.synccheck={retcode:"0",selector:"2"}' 
[2019-01-19 15:10:49] 提示信息：b'window.synccheck={retcode:"0",selector:"2"}' 
[2019-01-19 15:11:13] 提示信息：b'window.synccheck={retcode:"0",selector:"2"}' 
[2019-01-19 15:11:37] 提示信息：b'window.synccheck={retcode:"0",selector:"2"}' 
[2019-01-19 15:12:01] 提示信息：b'window.synccheck={retcode:"0",selector:"2"}' 
[2019-01-19 15:12:25] 提示信息：b'window.synccheck={retcode:"0",selector:"2"}' 
[2019-01-19 15:12:49] 提示信息：b'window.synccheck={retcode:"0",selector:"2"}' 
[2019-01-19 15:13:13] 提示信息：b'window.synccheck={retcode:"0",selector:"2"}' 
[2019-01-19 15:13:37] 提示信息：b'window.synccheck={retcode:"0",selector:"2"}' 
[2019-01-19 15:14:01] 提示信息：b'window.synccheck={retcode:"0",selector:"2"}' 
[2019-01-19 15:14:25] 提示信息：b'window.synccheck={retcode:"0",selector:"2"}' 
[2019-01-19 15:14:50] 提示信息：b'window.synccheck={retcode:"0",selector:"2"}' 
[2019-01-19 15:15:14] 提示信息：b'window.synccheck={retcode:"0",selector:"2"}' 
[2019-01-19 15:15:38] 提示信息：b'window.synccheck={retcode:"0",selector:"2"}' 
[2019-01-19 15:16:02] 提示信息：b'window.synccheck={retcode:"0",selector:"2"}' 
[2019-01-19 15:16:26] 提示信息：b'window.synccheck={retcode:"0",selector:"2"}' 
[2019-01-19 15:16:50] 提示信息：b'window.synccheck={retcode:"0",selector:"2"}' 
[2019-01-19 15:17:14] 提示信息：b'window.synccheck={retcode:"0",selector:"2"}' 
[2019-01-19 15:17:38] 提示信息：b'window.synccheck={retcode:"0",selector:"2"}' 
[2019-01-19 15:18:02] 提示信息：b'window.synccheck={retcode:"0",selector:"2"}' 
[2019-01-19 15:18:26] 提示信息：b'window.synccheck={retcode:"0",selector:"2"}' 
[2019-01-19 15:18:50] 提示信息：b'window.synccheck={retcode:"0",selector:"2"}' 
[2019-01-19 15:19:14] 提示信息：b'window.synccheck={retcode:"0",selector:"2"}' 
[2019-01-19 15:19:38] 提示信息：b'window.synccheck={retcode:"0",selector:"2"}' 
[2019-01-19 15:20:02] 提示信息：b'window.synccheck={retcode:"0",selector:"2"}' 
[2019-01-19 15:20:26] 提示信息：b'window.synccheck={retcode:"0",selector:"2"}' 
[2019-01-19 15:20:50] 提示信息：b'window.synccheck={retcode:"0",selector:"2"}' 
[2019-01-19 15:21:14] 提示信息：b'window.synccheck={retcode:"0",selector:"2"}' 
[2019-01-19 15:21:38] 提示信息：b'window.synccheck={retcode:"0",selector:"2"}' 
[2019-01-19 15:22:02] 提示信息：b'window.synccheck={retcode:"0",selector:"2"}' 
[2019-01-19 15:22:26] 提示信息：b'window.synccheck={retcode:"0",selector:"2"}' 
[2019-01-19 15:22:50] 提示信息：b'window.synccheck={retcode:"0",selector:"2"}' 
[2019-01-19 15:23:14] 提示信息：b'window.synccheck={retcode:"0",selector:"2"}' 
[2019-01-19 15:23:38] 提示信息：b'window.synccheck={retcode:"0",selector:"2"}' 
[2019-01-19 15:24:02] 提示信息：b'window.synccheck={retcode:"0",selector:"2"}' 
[2019-01-19 15:24:26] 提示信息：b'window.synccheck={retcode:"0",selector:"2"}' 
[2019-01-19 15:24:50] 提示信息：b'window.synccheck={retcode:"0",selector:"2"}' 
[2019-01-19 15:25:14] 提示信息：b'window.synccheck={retcode:"0",selector:"2"}' 
[2019-01-19 15:25:38] 提示信息：b'window.synccheck={retcode:"0",selector:"2"}' 
[2019-01-19 15:26:02] 提示信息：b'window.synccheck={retcode:"0",selector:"2"}' 
[2019-01-19 15:26:26] 提示信息：b'window.synccheck={retcode:"0",selector:"2"}' 
[2019-01-19 15:26:50] 提示信息：b'window.synccheck={retcode:"0",selector:"2"}' 
[2019-01-19 15:27:14] 提示信息：b'window.synccheck={retcode:"0",selector:"2"}' 
[2019-01-19 15:27:38] 提示信息：b'window.synccheck={retcode:"0",selector:"2"}' 
[2019-01-19 15:28:02] 提示信息：b'window.synccheck={retcode:"0",selector:"2"}' 
[2019-01-19 15:28:26] 提示信息：b'window.synccheck={retcode:"0",selector:"2"}' 
[2019-01-19 15:28:50] 提示信息：b'window.synccheck={retcode:"0",selector:"2"}' 
[2019-01-19 16:28:53] 执行成功：发送邮件成功 
[2019-01-19 16:29:03] 提示信息：二维码已扫描，等待授权... 
[2019-01-19 16:29:06] 提示信息：已获授权 
[2019-01-19 16:29:07] 提示信息：b'<error><ret>0</ret><message></message><skey>@crypt_59b22fc7_3ecb98377f9bf12eb687ba7f3230be70</skey><wxsid>di+zBm097wILRzaH</wxsid><wxuin>2626283019</wxuin><pass_ticket>lWDfFLFzEPcG82aTScgTUfRi%2By7Y58RJl1By3tgb7B%2FDDGwnqzZFPxT6c2Umzj7C</pass_ticket><isgrayscale>1</isgrayscale></error>' 
[2019-01-19 16:29:07] 提示信息：webwx_data_ticket=gSdcboNRqGgOwUpxWLx1fGtk; mm_lang=zh_CN; webwx_auth_ticket=CIsBEKrM7M8MGoABSnbXG+7BL5/CVMuyem5adqZW62cMhKbmJ251tN/zcGewmx0xhHcuP6VqWPpyp/FGtlqLdgEojlLiYG4nuKpGtGsLo5pc/BTOzdsQDh0kehnZAYgpn9I6z5qYaa70PhVX1W/Qk4HiR+gVzQwTQ+ERbsTQm0HFqX3imn1kZsG1U48=; webwxuvid=c33d1cae4fca9f0990475f906ac5a19b7c66617938d99b02c71b2a9add21426465c99cbf6cdd054350c45f8fbd978951; wxloadtime=1547886546; wxsid=di+zBm097wILRzaH; wxuin=2626283019 
[2019-01-19 16:29:07] 执行出错：登录时出错： no such column: lang 
[2019-01-19 16:29:46] 执行出错：恢复登录时出现错误 
[2019-01-19 16:29:48] 执行成功：发送邮件成功 
[2019-01-19 16:30:13] 提示信息：二维码已扫描，等待授权... 
[2019-01-19 16:30:16] 提示信息：已获授权 
[2019-01-19 16:30:16] 提示信息：b'<error><ret>0</ret><message></message><skey>@crypt_59b22fc7_7de36f55dbf3ba36b808ee65a5756980</skey><wxsid>m7B32DUdYdaoibf1</wxsid><wxuin>2626283019</wxuin><pass_ticket>s1HRWryhj4IhwGhQLyezAPSaiDEnsHFTfDb0zFnja6wS32LdIrc0JdcsDVAXAJgT</pass_ticket><isgrayscale>1</isgrayscale></error>' 
[2019-01-19 16:30:16] 提示信息：webwx_data_ticket=gSfJbflZywBj8fJKO9uUuLX1; mm_lang=zh_CN; webwx_auth_ticket=CIsBEMzJkN8DGoABvA0Tf1uUUORUHooFJD0YVaZW62cMhKbmJ251tN/zcGf2rDWz/5nWCJKVNrul9ub5E/ugnBcwlkD9NHriNQrlh/1mGK/hRwthPnRjKoHBUXaPHP4GX0+NyZc4YkdQT8wt9OGEMzlO5R8sFyb7YROSo8TQm0HFqX3imn1kZsG1U48=; webwxuvid=c33d1cae4fca9f0990475f906ac5a19b1bf319d2d74ba3fb336c141474d1f43b4702532fcfd40a8e966350c5f50968e7; wxloadtime=1547886615; wxsid=m7B32DUdYdaoibf1; wxuin=2626283019 
[2019-01-19 16:30:16] 执行出错：监听微信消息时出错： cannot use a string pattern on a bytes-like object 
[2019-01-19 16:31:14] 执行成功：恢复登录成功 
[2019-01-19 16:31:14] 执行出错：监听微信消息时出错： cannot use a string pattern on a bytes-like object 
[2019-01-19 16:31:40] 执行成功：恢复登录成功 
[2019-01-19 16:31:40] 执行出错：监听微信消息时出错： cannot use a string pattern on a bytes-like object 
[2019-01-19 16:32:04] 执行成功：恢复登录成功 
[2019-01-19 16:32:04] 提示信息：b'window.synccheck={retcode:"0",selector:"2"}' 
[2019-01-19 16:32:04] 执行出错：监听微信消息时出错： cannot use a string pattern on a bytes-like object 
[2019-01-19 16:32:23] 执行出错：恢复登录时出现错误 
[2019-01-19 16:32:26] 执行成功：发送邮件成功 
[2019-01-19 16:32:41] 提示信息：二维码已扫描，等待授权... 
[2019-01-19 16:32:44] 提示信息：已获授权 
[2019-01-19 16:32:45] 提示信息：b'<error><ret>0</ret><message></message><skey>@crypt_59b22fc7_a538c41a464765471fcabc386355d58a</skey><wxsid>Iy6BRLqzBbP/6G0k</wxsid><wxuin>2626283019</wxuin><pass_ticket>FK6fNDoWWl5U9pVbv95EEHe1EYOx73g96fRqI6MYBSascwEMdhJ8lYwapK%2BXHP9p</pass_ticket><isgrayscale>1</isgrayscale></error>' 
[2019-01-19 16:32:45] 提示信息：webwx_data_ticket=gSfwDHDC/P2lLtlxW0ce59pB; mm_lang=zh_CN; webwx_auth_ticket=CIsBEIfVlIgEGoABOjRHVFRpBKaWSX+iyVf3R6ZW62cMhKbmJ251tN/zcGdGm7a59+o5uSbyH/FLutpVU5beeeifTGGNUEUCAKvYnHhL2IMZc0J7jmvHlgOHdv2v6PJyYb6P/TNDBCxS8EaUzOxB4eEx0cYCktfkCug+/sTQm0HFqX3imn1kZsG1U48=; webwxuvid=c33d1cae4fca9f0990475f906ac5a19baf4fc38ced7f053c0edd9738c512e238adb754216dbac12ca14cce5f74f76e1e; wxloadtime=1547886764; wxsid=Iy6BRLqzBbP/6G0k; wxuin=2626283019 
[2019-01-19 16:32:45] 提示信息：b'window.synccheck={retcode:"0",selector:"2"}' 
[2019-01-19 16:32:45] 执行出错：监听微信消息时出错： cannot use a string pattern on a bytes-like object 
[2019-01-19 16:32:45] 执行成功：恢复登录成功 
[2019-01-19 16:32:45] 提示信息：b'window.synccheck={retcode:"0",selector:"2"}' 
[2019-01-19 16:32:45] 执行出错：监听微信消息时出错： cannot use a string pattern on a bytes-like object 
[2019-01-19 16:33:24] 执行成功：恢复登录成功 
[2019-01-19 16:33:24] 提示信息：b'window.synccheck={retcode:"0",selector:"2"}' 
[2019-01-19 16:33:24] 执行出错：监听微信消息时出错： cannot use a string pattern on a bytes-like object 
[2019-01-19 16:33:25] 执行成功：恢复登录成功 
[2019-01-19 16:33:25] 提示信息：b'window.synccheck={retcode:"0",selector:"2"}' 
[2019-01-19 16:33:25] 执行出错：监听微信消息时出错： cannot use a string pattern on a bytes-like object 
[2019-01-19 16:33:44] 执行成功：恢复登录成功 
[2019-01-19 16:33:44] 提示信息：b'window.synccheck={retcode:"0",selector:"2"}' 
[2019-01-19 16:33:44] 执行出错：监听微信消息时出错： cannot use a string pattern on a bytes-like object 
[2019-01-19 16:33:44] 执行成功：恢复登录成功 
[2019-01-19 16:33:44] 提示信息：b'window.synccheck={retcode:"0",selector:"2"}' 
[2019-01-19 16:33:44] 执行出错：监听微信消息时出错： cannot use a string pattern on a bytes-like object 
[2019-01-19 16:34:04] 执行成功：恢复登录成功 
[2019-01-19 16:34:04] 提示信息：b'window.synccheck={retcode:"0",selector:"2"}' 
[2019-01-19 16:34:04] 提示信息：2 
[2019-01-19 16:34:29] 提示信息：b'window.synccheck={retcode:"0",selector:"2"}' 
[2019-01-19 16:34:29] 提示信息：2 
[2019-01-19 16:34:32] 执行成功：恢复登录成功 
[2019-01-19 16:34:33] 提示信息：None 
[2019-01-19 16:34:58] 提示信息：None 
[2019-01-19 16:35:08] 执行成功：恢复登录成功 
[2019-01-19 16:35:08] 提示信息：FK6fNDoWWl5U9pVbv95EEHe1EYOx73g96fRqI6MYBSascwEMdhJ8lYwapK%2BXHP9p 
[2019-01-19 16:35:08] 提示信息：None 
[2019-01-19 16:35:33] 提示信息：FK6fNDoWWl5U9pVbv95EEHe1EYOx73g96fRqI6MYBSascwEMdhJ8lYwapK%2BXHP9p 
[2019-01-19 16:35:33] 提示信息：None 
[2019-01-19 16:35:58] 提示信息：FK6fNDoWWl5U9pVbv95EEHe1EYOx73g96fRqI6MYBSascwEMdhJ8lYwapK%2BXHP9p 
[2019-01-19 16:35:58] 提示信息：None 
[2019-01-19 16:36:23] 提示信息：FK6fNDoWWl5U9pVbv95EEHe1EYOx73g96fRqI6MYBSascwEMdhJ8lYwapK%2BXHP9p 
[2019-01-19 16:36:23] 提示信息：None 
[2019-01-19 16:36:48] 提示信息：FK6fNDoWWl5U9pVbv95EEHe1EYOx73g96fRqI6MYBSascwEMdhJ8lYwapK%2BXHP9p 
[2019-01-19 16:36:48] 提示信息：None 
[2019-01-19 16:37:13] 提示信息：FK6fNDoWWl5U9pVbv95EEHe1EYOx73g96fRqI6MYBSascwEMdhJ8lYwapK%2BXHP9p 
[2019-01-19 16:37:13] 提示信息：None 
[2019-01-19 16:37:35] 执行成功：发送邮件成功 
[2019-01-19 16:38:03] 提示信息：等待二维码扫描及授权... 
[2019-01-19 16:38:07] 提示信息：二维码已扫描，等待授权... 
[2019-01-19 16:38:11] 提示信息：已获授权 
[2019-01-19 16:38:11] 提示信息：b'<error><ret>0</ret><message></message><skey>@crypt_59b22fc7_b6684f069711435d4bda0b92b55f8266</skey><wxsid>mDdo1xRjfH8u3KG9</wxsid><wxuin>2626283019</wxuin><pass_ticket>UFxHtPB%2FUT5BYHF0YqDMSPaDSpDKg60Mm2cEHH1KVAgZpqzua1w5b%2FD%2BiGzxpMyn</pass_ticket><isgrayscale>1</isgrayscale></error>' 
[2019-01-19 16:38:11] 提示信息：webwx_data_ticket=gSdADX9UVMocadeF/fFhaCfV; mm_lang=zh_CN; webwx_auth_ticket=CIsBENDW7L4KGoAB/utFNgE9FyZXxPfYmjE2zaZW62cMhKbmJ251tN/zcGdGm7a59+o5uSbyH/FLutpVU5beeeifTGGNUEUCAKvYnHhL2IMZc0J7jmvHlgOHdv2v6PJyYb6P/TNDBCxS8EaUzOxB4eEx0cYCktfkCug+/sTQm0HFqX3imn1kZsG1U48=; wxloadtime=1547887090; wxsid=mDdo1xRjfH8u3KG9; wxuin=2626283019 
[2019-01-19 16:38:12] 提示信息：UFxHtPB%2FUT5BYHF0YqDMSPaDSpDKg60Mm2cEHH1KVAgZpqzua1w5b%2FD%2BiGzxpMyn 
[2019-01-19 16:38:12] 提示信息：e380825682577095 
[2019-01-19 16:38:12] 提示信息：None 
[2019-01-19 16:38:37] 提示信息：UFxHtPB%2FUT5BYHF0YqDMSPaDSpDKg60Mm2cEHH1KVAgZpqzua1w5b%2FD%2BiGzxpMyn 
[2019-01-19 16:38:37] 提示信息：e380825682577095 
[2019-01-19 16:38:37] 提示信息：None 
[2019-01-19 16:38:47] 执行成功：恢复登录成功 
[2019-01-19 16:38:48] 提示信息：('2626283019', 'mDdo1xRjfH8u3KG9', '@crypt_59b22fc7_b6684f069711435d4bda0b92b55f8266', 'e380825682577095', 'webwx_data_ticket=gSdADX9UVMocadeF/fFhaCfV; mm_lang=zh_CN; webwx_auth_ticket=CIsBENDW7L4KGoAB/utFNgE9FyZXxPfYmjE2zaZW62cMhKbmJ251tN/zcGdGm7a59+o5uSbyH/FLutpVU5beeeifTGGNUEUCAKvYnHhL2IMZc0J7jmvHlgOHdv2v6PJyYb6P/TNDBCxS8EaUzOxB4eEx0cYCktfkCug+/sTQm0HFqX3imn1kZsG1U48=; wxloadtime=1547887090; wxsid=mDdo1xRjfH8u3KG9; wxuin=2626283019', 'IbbFZcBDyQ==', 'zh_CN', 'UFxHtPB%2FUT5BYHF0YqDMSPaDSpDKg60Mm2cEHH1KVAgZpqzua1w5b%2FD%2BiGzxpMyn', '1547887053') 
[2019-01-19 16:38:48] 提示信息：None 
[2019-01-19 16:39:13] 提示信息：('2626283019', 'mDdo1xRjfH8u3KG9', '@crypt_59b22fc7_b6684f069711435d4bda0b92b55f8266', 'e380825682577095', 'webwx_data_ticket=gSdADX9UVMocadeF/fFhaCfV; mm_lang=zh_CN; webwx_auth_ticket=CIsBENDW7L4KGoAB/utFNgE9FyZXxPfYmjE2zaZW62cMhKbmJ251tN/zcGdGm7a59+o5uSbyH/FLutpVU5beeeifTGGNUEUCAKvYnHhL2IMZc0J7jmvHlgOHdv2v6PJyYb6P/TNDBCxS8EaUzOxB4eEx0cYCktfkCug+/sTQm0HFqX3imn1kZsG1U48=; wxloadtime=1547887090; wxsid=mDdo1xRjfH8u3KG9; wxuin=2626283019', 'IbbFZcBDyQ==', 'zh_CN', 'UFxHtPB%2FUT5BYHF0YqDMSPaDSpDKg60Mm2cEHH1KVAgZpqzua1w5b%2FD%2BiGzxpMyn', '1547887053') 
[2019-01-19 16:39:13] 提示信息：None 
[2019-01-19 16:39:38] 提示信息：('2626283019', 'mDdo1xRjfH8u3KG9', '@crypt_59b22fc7_b6684f069711435d4bda0b92b55f8266', 'e380825682577095', 'webwx_data_ticket=gSdADX9UVMocadeF/fFhaCfV; mm_lang=zh_CN; webwx_auth_ticket=CIsBENDW7L4KGoAB/utFNgE9FyZXxPfYmjE2zaZW62cMhKbmJ251tN/zcGdGm7a59+o5uSbyH/FLutpVU5beeeifTGGNUEUCAKvYnHhL2IMZc0J7jmvHlgOHdv2v6PJyYb6P/TNDBCxS8EaUzOxB4eEx0cYCktfkCug+/sTQm0HFqX3imn1kZsG1U48=; wxloadtime=1547887090; wxsid=mDdo1xRjfH8u3KG9; wxuin=2626283019', 'IbbFZcBDyQ==', 'zh_CN', 'UFxHtPB%2FUT5BYHF0YqDMSPaDSpDKg60Mm2cEHH1KVAgZpqzua1w5b%2FD%2BiGzxpMyn', '1547887053') 
[2019-01-19 16:39:38] 提示信息：None 
[2019-01-19 16:40:03] 提示信息：('2626283019', 'mDdo1xRjfH8u3KG9', '@crypt_59b22fc7_b6684f069711435d4bda0b92b55f8266', 'e380825682577095', 'webwx_data_ticket=gSdADX9UVMocadeF/fFhaCfV; mm_lang=zh_CN; webwx_auth_ticket=CIsBENDW7L4KGoAB/utFNgE9FyZXxPfYmjE2zaZW62cMhKbmJ251tN/zcGdGm7a59+o5uSbyH/FLutpVU5beeeifTGGNUEUCAKvYnHhL2IMZc0J7jmvHlgOHdv2v6PJyYb6P/TNDBCxS8EaUzOxB4eEx0cYCktfkCug+/sTQm0HFqX3imn1kZsG1U48=; wxloadtime=1547887090; wxsid=mDdo1xRjfH8u3KG9; wxuin=2626283019', 'IbbFZcBDyQ==', 'zh_CN', 'UFxHtPB%2FUT5BYHF0YqDMSPaDSpDKg60Mm2cEHH1KVAgZpqzua1w5b%2FD%2BiGzxpMyn', '1547887053') 
[2019-01-19 16:40:03] 提示信息：None 
[2019-01-19 16:40:28] 提示信息：('2626283019', 'mDdo1xRjfH8u3KG9', '@crypt_59b22fc7_b6684f069711435d4bda0b92b55f8266', 'e380825682577095', 'webwx_data_ticket=gSdADX9UVMocadeF/fFhaCfV; mm_lang=zh_CN; webwx_auth_ticket=CIsBENDW7L4KGoAB/utFNgE9FyZXxPfYmjE2zaZW62cMhKbmJ251tN/zcGdGm7a59+o5uSbyH/FLutpVU5beeeifTGGNUEUCAKvYnHhL2IMZc0J7jmvHlgOHdv2v6PJyYb6P/TNDBCxS8EaUzOxB4eEx0cYCktfkCug+/sTQm0HFqX3imn1kZsG1U48=; wxloadtime=1547887090; wxsid=mDdo1xRjfH8u3KG9; wxuin=2626283019', 'IbbFZcBDyQ==', 'zh_CN', 'UFxHtPB%2FUT5BYHF0YqDMSPaDSpDKg60Mm2cEHH1KVAgZpqzua1w5b%2FD%2BiGzxpMyn', '1547887053') 
[2019-01-19 16:40:28] 提示信息：None 
[2019-01-19 16:40:53] 提示信息：('2626283019', 'mDdo1xRjfH8u3KG9', '@crypt_59b22fc7_b6684f069711435d4bda0b92b55f8266', 'e380825682577095', 'webwx_data_ticket=gSdADX9UVMocadeF/fFhaCfV; mm_lang=zh_CN; webwx_auth_ticket=CIsBENDW7L4KGoAB/utFNgE9FyZXxPfYmjE2zaZW62cMhKbmJ251tN/zcGdGm7a59+o5uSbyH/FLutpVU5beeeifTGGNUEUCAKvYnHhL2IMZc0J7jmvHlgOHdv2v6PJyYb6P/TNDBCxS8EaUzOxB4eEx0cYCktfkCug+/sTQm0HFqX3imn1kZsG1U48=; wxloadtime=1547887090; wxsid=mDdo1xRjfH8u3KG9; wxuin=2626283019', 'IbbFZcBDyQ==', 'zh_CN', 'UFxHtPB%2FUT5BYHF0YqDMSPaDSpDKg60Mm2cEHH1KVAgZpqzua1w5b%2FD%2BiGzxpMyn', '1547887053') 
[2019-01-19 16:40:53] 提示信息：None 
[2019-01-19 16:41:19] 执行成功：恢复登录成功 
[2019-01-19 16:41:19] 提示信息：2626283019 mDdo1xRjfH8u3KG9 @crypt_59b22fc7_b6684f069711435d4bda0b92b55f8266 e380825682577095 UFxHtPB%2FUT5BYHF0YqDMSPaDSpDKg60Mm2cEHH1KVAgZpqzua1w5b%2FD%2BiGzxpMyn 
[2019-01-19 16:41:19] 提示信息：None 
[2019-01-19 16:41:44] 提示信息：2626283019 mDdo1xRjfH8u3KG9 @crypt_59b22fc7_b6684f069711435d4bda0b92b55f8266 e380825682577095 UFxHtPB%2FUT5BYHF0YqDMSPaDSpDKg60Mm2cEHH1KVAgZpqzua1w5b%2FD%2BiGzxpMyn 
[2019-01-19 16:41:44] 提示信息：None 
[2019-01-19 16:42:09] 提示信息：2626283019 mDdo1xRjfH8u3KG9 @crypt_59b22fc7_b6684f069711435d4bda0b92b55f8266 e380825682577095 UFxHtPB%2FUT5BYHF0YqDMSPaDSpDKg60Mm2cEHH1KVAgZpqzua1w5b%2FD%2BiGzxpMyn 
[2019-01-19 16:42:09] 提示信息：None 
[2019-01-19 16:42:32] 执行成功：恢复登录成功 
[2019-01-19 16:42:32] 提示信息：2626283019 mDdo1xRjfH8u3KG9 @crypt_59b22fc7_b6684f069711435d4bda0b92b55f8266 e380825682577095 UFxHtPB%2FUT5BYHF0YqDMSPaDSpDKg60Mm2cEHH1KVAgZpqzua1w5b%2FD%2BiGzxpMyn 
[2019-01-19 16:42:32] 提示信息：None 
[2019-01-19 16:42:56] 执行成功：发送邮件成功 
[2019-01-19 16:43:11] 提示信息：二维码已扫描，等待授权... 
[2019-01-19 16:43:14] 提示信息：已获授权 
[2019-01-19 16:43:15] 提示信息：b'<error><ret>0</ret><message></message><skey>@crypt_59b22fc7_6056cf92757e3fc13d403c2dc863a4c0</skey><wxsid>NV1xnErmmWiyIpFc</wxsid><wxuin>2626283019</wxuin><pass_ticket>quohs%2BdBRBZQUh2d5LeIBAJ0ldOziamG8MzAqAcfaXQrtFyTc2ZadAfYWtBRHAFc</pass_ticket><isgrayscale>1</isgrayscale></error>' 
[2019-01-19 16:43:15] 提示信息：webwx_data_ticket=gSfNcnOgJ8d5d3K6dGBu/VUe; mm_lang=zh_CN; webwx_auth_ticket=CIsBEPXSqOsJGoAB7xOzkZ4hWmcxEJHkjpbu7KZW62cMhKbmJ251tN/zcGePvVpT0bm6dOohm2+yLNlwH6wz2/ZE4hv0tBNFYSmawVGB/z8Bp5nPuaiQ3m81RDFfzJASMmjdDzr4QrZVI29Y4MsfGpChn132ldekQvROWcTQm0HFqX3imn1kZsG1U48=; webwxuvid=c33d1cae4fca9f0990475f906ac5a19bd9452cf85ab29c998f71e252fe704e7cb928e432ca5d25a01b61c1a6121401a4; wxloadtime=1547887394; wxsid=NV1xnErmmWiyIpFc; wxuin=2626283019 
[2019-01-19 16:43:15] 提示信息：2626283019 NV1xnErmmWiyIpFc @crypt_59b22fc7_6056cf92757e3fc13d403c2dc863a4c0 e299020108215764 zh_CN quohs%2BdBRBZQUh2d5LeIBAJ0ldOziamG8MzAqAcfaXQrtFyTc2ZadAfYWtBRHAFc 
[2019-01-19 16:43:15] 提示信息：None 
[2019-01-19 16:43:40] 提示信息：2626283019 NV1xnErmmWiyIpFc @crypt_59b22fc7_6056cf92757e3fc13d403c2dc863a4c0 e299020108215764 zh_CN quohs%2BdBRBZQUh2d5LeIBAJ0ldOziamG8MzAqAcfaXQrtFyTc2ZadAfYWtBRHAFc 
[2019-01-19 16:43:40] 提示信息：None 
[2019-01-19 16:44:05] 提示信息：2626283019 NV1xnErmmWiyIpFc @crypt_59b22fc7_6056cf92757e3fc13d403c2dc863a4c0 e299020108215764 zh_CN quohs%2BdBRBZQUh2d5LeIBAJ0ldOziamG8MzAqAcfaXQrtFyTc2ZadAfYWtBRHAFc 
[2019-01-19 16:44:05] 提示信息：None 
[2019-01-19 16:44:31] 提示信息：2626283019 NV1xnErmmWiyIpFc @crypt_59b22fc7_6056cf92757e3fc13d403c2dc863a4c0 e299020108215764 zh_CN quohs%2BdBRBZQUh2d5LeIBAJ0ldOziamG8MzAqAcfaXQrtFyTc2ZadAfYWtBRHAFc 
[2019-01-19 16:44:31] 提示信息：None 
[2019-01-19 16:44:56] 提示信息：2626283019 NV1xnErmmWiyIpFc @crypt_59b22fc7_6056cf92757e3fc13d403c2dc863a4c0 e299020108215764 zh_CN quohs%2BdBRBZQUh2d5LeIBAJ0ldOziamG8MzAqAcfaXQrtFyTc2ZadAfYWtBRHAFc 
[2019-01-19 16:44:56] 提示信息：None 
[2019-01-19 16:45:07] 执行成功：恢复登录成功 
[2019-01-19 16:45:07] 提示信息：2626283019 NV1xnErmmWiyIpFc @crypt_59b22fc7_6056cf92757e3fc13d403c2dc863a4c0 e299020108215764 zh_CN quohs%2BdBRBZQUh2d5LeIBAJ0ldOziamG8MzAqAcfaXQrtFyTc2ZadAfYWtBRHAFc 
[2019-01-19 16:45:08] 提示信息：<Response [200]> 
[2019-01-19 16:45:14] 执行成功：恢复登录成功 
[2019-01-19 16:45:14] 提示信息：2626283019 NV1xnErmmWiyIpFc @crypt_59b22fc7_6056cf92757e3fc13d403c2dc863a4c0 e299020108215764 zh_CN quohs%2BdBRBZQUh2d5LeIBAJ0ldOziamG8MzAqAcfaXQrtFyTc2ZadAfYWtBRHAFc 
[2019-01-19 16:45:14] 提示信息：{
"BaseResponse": {
"Ret": 1,
"ErrMsg": ""
}
,
"AddMsgCount": 0,
"AddMsgList": [],
"ModContactCount": 0,
"ModContactList": [],
"DelContactCount": 0,
"DelContactList": [],
"ModChatRoomMemberCount": 0,
"ModChatRoomMemberList": [],
"Profile": {
"BitFlag": 0,
"UserName": {
"Buff": ""
}
,
"NickName": {
"Buff": ""
}
,
"BindUin": 0,
"BindEmail": {
"Buff": ""
}
,
"BindMobile": {
"Buff": ""
}
,
"Status": 0,
"Sex": 0,
"PersonalCard": 0,
"Alias": "",
"HeadImgUpdateFlag": 0,
"HeadImgUrl": "",
"Signature": ""
}
,
"ContinueFlag": 0,
"SyncKey": {
"Count": 0,
"List": []
}
,
"SKey": "",
"SyncCheckKey": {
"Count": 0,
"List": []
}

}
 
[2019-01-19 16:45:39] 提示信息：2626283019 NV1xnErmmWiyIpFc @crypt_59b22fc7_6056cf92757e3fc13d403c2dc863a4c0 e299020108215764 zh_CN quohs%2BdBRBZQUh2d5LeIBAJ0ldOziamG8MzAqAcfaXQrtFyTc2ZadAfYWtBRHAFc 
[2019-01-19 16:45:39] 提示信息：{
"BaseResponse": {
"Ret": 1,
"ErrMsg": ""
}
,
"AddMsgCount": 0,
"AddMsgList": [],
"ModContactCount": 0,
"ModContactList": [],
"DelContactCount": 0,
"DelContactList": [],
"ModChatRoomMemberCount": 0,
"ModChatRoomMemberList": [],
"Profile": {
"BitFlag": 0,
"UserName": {
"Buff": ""
}
,
"NickName": {
"Buff": ""
}
,
"BindUin": 0,
"BindEmail": {
"Buff": ""
}
,
"BindMobile": {
"Buff": ""
}
,
"Status": 0,
"Sex": 0,
"PersonalCard": 0,
"Alias": "",
"HeadImgUpdateFlag": 0,
"HeadImgUrl": "",
"Signature": ""
}
,
"ContinueFlag": 0,
"SyncKey": {
"Count": 0,
"List": []
}
,
"SKey": "",
"SyncCheckKey": {
"Count": 0,
"List": []
}

}
 
[2019-01-19 16:46:04] 提示信息：2626283019 NV1xnErmmWiyIpFc @crypt_59b22fc7_6056cf92757e3fc13d403c2dc863a4c0 e299020108215764 zh_CN quohs%2BdBRBZQUh2d5LeIBAJ0ldOziamG8MzAqAcfaXQrtFyTc2ZadAfYWtBRHAFc 
[2019-01-19 16:46:04] 提示信息：{
"BaseResponse": {
"Ret": 1,
"ErrMsg": ""
}
,
"AddMsgCount": 0,
"AddMsgList": [],
"ModContactCount": 0,
"ModContactList": [],
"DelContactCount": 0,
"DelContactList": [],
"ModChatRoomMemberCount": 0,
"ModChatRoomMemberList": [],
"Profile": {
"BitFlag": 0,
"UserName": {
"Buff": ""
}
,
"NickName": {
"Buff": ""
}
,
"BindUin": 0,
"BindEmail": {
"Buff": ""
}
,
"BindMobile": {
"Buff": ""
}
,
"Status": 0,
"Sex": 0,
"PersonalCard": 0,
"Alias": "",
"HeadImgUpdateFlag": 0,
"HeadImgUrl": "",
"Signature": ""
}
,
"ContinueFlag": 0,
"SyncKey": {
"Count": 0,
"List": []
}
,
"SKey": "",
"SyncCheckKey": {
"Count": 0,
"List": []
}

}
 
[2019-01-19 16:46:29] 提示信息：2626283019 NV1xnErmmWiyIpFc @crypt_59b22fc7_6056cf92757e3fc13d403c2dc863a4c0 e299020108215764 zh_CN quohs%2BdBRBZQUh2d5LeIBAJ0ldOziamG8MzAqAcfaXQrtFyTc2ZadAfYWtBRHAFc 
[2019-01-19 16:46:30] 提示信息：{
"BaseResponse": {
"Ret": 1,
"ErrMsg": ""
}
,
"AddMsgCount": 0,
"AddMsgList": [],
"ModContactCount": 0,
"ModContactList": [],
"DelContactCount": 0,
"DelContactList": [],
"ModChatRoomMemberCount": 0,
"ModChatRoomMemberList": [],
"Profile": {
"BitFlag": 0,
"UserName": {
"Buff": ""
}
,
"NickName": {
"Buff": ""
}
,
"BindUin": 0,
"BindEmail": {
"Buff": ""
}
,
"BindMobile": {
"Buff": ""
}
,
"Status": 0,
"Sex": 0,
"PersonalCard": 0,
"Alias": "",
"HeadImgUpdateFlag": 0,
"HeadImgUrl": "",
"Signature": ""
}
,
"ContinueFlag": 0,
"SyncKey": {
"Count": 0,
"List": []
}
,
"SKey": "",
"SyncCheckKey": {
"Count": 0,
"List": []
}

}
 
[2019-01-19 16:46:55] 提示信息：2626283019 NV1xnErmmWiyIpFc @crypt_59b22fc7_6056cf92757e3fc13d403c2dc863a4c0 e299020108215764 zh_CN quohs%2BdBRBZQUh2d5LeIBAJ0ldOziamG8MzAqAcfaXQrtFyTc2ZadAfYWtBRHAFc 
[2019-01-19 16:46:55] 提示信息：{
"BaseResponse": {
"Ret": 1,
"ErrMsg": ""
}
,
"AddMsgCount": 0,
"AddMsgList": [],
"ModContactCount": 0,
"ModContactList": [],
"DelContactCount": 0,
"DelContactList": [],
"ModChatRoomMemberCount": 0,
"ModChatRoomMemberList": [],
"Profile": {
"BitFlag": 0,
"UserName": {
"Buff": ""
}
,
"NickName": {
"Buff": ""
}
,
"BindUin": 0,
"BindEmail": {
"Buff": ""
}
,
"BindMobile": {
"Buff": ""
}
,
"Status": 0,
"Sex": 0,
"PersonalCard": 0,
"Alias": "",
"HeadImgUpdateFlag": 0,
"HeadImgUrl": "",
"Signature": ""
}
,
"ContinueFlag": 0,
"SyncKey": {
"Count": 0,
"List": []
}
,
"SKey": "",
"SyncCheckKey": {
"Count": 0,
"List": []
}

}
 
[2019-01-19 16:55:18] 执行成功：发送邮件成功 
[2019-01-19 16:56:09] 执行成功：发送邮件成功 
[2019-01-19 16:56:18] 提示信息：二维码已扫描，等待授权... 
[2019-01-19 16:56:21] 提示信息：已获授权 
[2019-01-19 16:56:21] 提示信息：b'<error><ret>0</ret><message></message><skey>@crypt_59b22fc7_3ec4269506f058f7f238fb2022771f8a</skey><wxsid>PTfTdSPbgZCgL4bx</wxsid><wxuin>2626283019</wxuin><pass_ticket>bTw8QZFow0Zlr7ZFAgpvm7Xf7p1BZV2SmRVMdEPvQrDZL6jR%2FMIf8r%2FEz%2FinzZcY</pass_ticket><isgrayscale>1</isgrayscale></error>' 
[2019-01-19 16:56:21] 提示信息：webwx_data_ticket=gSczI7f979iwR7wuBG9AO3uu; mm_lang=zh_CN; webwx_auth_ticket=CIsBEPDOwP0KGoABOp41tAoP2Y0x1g+HtSljV6ZW62cMhKbmJ251tN/zcGePvVpT0bm6dOohm2+yLNlwH6wz2/ZE4hv0tBNFYSmawVGB/z8Bp5nPuaiQ3m81RDFfzJASMmjdDzr4QrZVI29Y4MsfGpChn132ldekQvROWcTQm0HFqX3imn1kZsG1U48=; wxloadtime=1547888181; wxsid=PTfTdSPbgZCgL4bx; wxuin=2626283019 
[2019-01-19 16:56:22] 提示信息：2626283019 PTfTdSPbgZCgL4bx @crypt_59b22fc7_3ec4269506f058f7f238fb2022771f8a e495497402038472 zh_CN bTw8QZFow0Zlr7ZFAgpvm7Xf7p1BZV2SmRVMdEPvQrDZL6jR%2FMIf8r%2FEz%2FinzZcY 
[2019-01-19 16:56:22] 提示信息：{
"BaseResponse": {
"Ret": 1101,
"ErrMsg": ""
}
,
"AddMsgCount": 0,
"AddMsgList": [],
"ModContactCount": 0,
"ModContactList": [],
"DelContactCount": 0,
"DelContactList": [],
"ModChatRoomMemberCount": 0,
"ModChatRoomMemberList": [],
"Profile": {
"BitFlag": 0,
"UserName": {
"Buff": ""
}
,
"NickName": {
"Buff": ""
}
,
"BindUin": 0,
"BindEmail": {
"Buff": ""
}
,
"BindMobile": {
"Buff": ""
}
,
"Status": 0,
"Sex": 0,
"PersonalCard": 0,
"Alias": "",
"HeadImgUpdateFlag": 0,
"HeadImgUrl": "",
"Signature": ""
}
,
"ContinueFlag": 0,
"SyncKey": {
"Count": 0,
"List": []
}
,
"SKey": "",
"SyncCheckKey": {
"Count": 0,
"List": []
}

}
 
[2019-01-19 16:56:47] 提示信息：2626283019 PTfTdSPbgZCgL4bx @crypt_59b22fc7_3ec4269506f058f7f238fb2022771f8a e495497402038472 zh_CN bTw8QZFow0Zlr7ZFAgpvm7Xf7p1BZV2SmRVMdEPvQrDZL6jR%2FMIf8r%2FEz%2FinzZcY 
[2019-01-19 16:56:47] 提示信息：{
"BaseResponse": {
"Ret": 1101,
"ErrMsg": ""
}
,
"AddMsgCount": 0,
"AddMsgList": [],
"ModContactCount": 0,
"ModContactList": [],
"DelContactCount": 0,
"DelContactList": [],
"ModChatRoomMemberCount": 0,
"ModChatRoomMemberList": [],
"Profile": {
"BitFlag": 0,
"UserName": {
"Buff": ""
}
,
"NickName": {
"Buff": ""
}
,
"BindUin": 0,
"BindEmail": {
"Buff": ""
}
,
"BindMobile": {
"Buff": ""
}
,
"Status": 0,
"Sex": 0,
"PersonalCard": 0,
"Alias": "",
"HeadImgUpdateFlag": 0,
"HeadImgUrl": "",
"Signature": ""
}
,
"ContinueFlag": 0,
"SyncKey": {
"Count": 0,
"List": []
}
,
"SKey": "",
"SyncCheckKey": {
"Count": 0,
"List": []
}

}
 
[2019-01-19 16:58:07] 执行成功：恢复登录成功 
[2019-01-19 16:58:07] 提示信息：你已经退出微信登录 
[2019-01-19 16:58:08] 执行成功：恢复登录成功 
[2019-01-19 16:58:08] 提示信息：你已经退出微信登录 
[2019-01-19 16:58:13] 执行成功：恢复登录成功 
[2019-01-19 16:58:14] 提示信息：你已经退出微信登录 
[2019-01-19 16:58:14] 执行成功：恢复登录成功 
[2019-01-19 16:58:14] 提示信息：你已经退出微信登录 
[2019-01-19 16:58:35] 执行成功：恢复登录成功 
[2019-01-19 16:58:47] 执行成功：恢复登录成功 
[2019-01-19 16:58:47] 提示信息：你已经退出微信登录 
[2019-01-19 16:58:47] 执行成功：恢复登录成功 
[2019-01-19 16:58:47] 提示信息：你已经退出微信登录 
[2019-01-19 16:59:50] 执行成功：恢复登录成功 
[2019-01-19 16:59:50] 提示信息：你已经退出微信登录 
[2019-01-19 16:59:52] 执行成功：发送邮件成功 
[2019-01-19 17:00:20] 提示信息：等待二维码扫描及授权... 
[2019-01-19 17:00:48] 提示信息：等待二维码扫描及授权... 
[2019-01-19 17:00:53] 执行成功：发送邮件成功 
[2019-01-19 17:01:00] 提示信息：二维码已扫描，等待授权... 
[2019-01-19 17:01:03] 提示信息：已获授权 
[2019-01-19 17:01:03] 提示信息：b'<error><ret>0</ret><message></message><skey>@crypt_59b22fc7_d69c62ce49359243d2ba6e62bc7f4b93</skey><wxsid>4Ws+6lSYKoqK8pqW</wxsid><wxuin>2626283019</wxuin><pass_ticket>YolJxlm6QL25zf9OlL6MfjSZKgeOnLwvRG85gA8dx%2BfBMpxmMVhOdoRhHzyKJZIR</pass_ticket><isgrayscale>1</isgrayscale></error>' 
[2019-01-19 17:01:03] 提示信息：webwx_data_ticket=gSfkk0WwzwQ2ngelf86B/J7x; mm_lang=zh_CN; webwx_auth_ticket=CIsBEJLanJ8HGoABY3SpplQGtNtgwrCX9pHWi6ZW62cMhKbmJ251tN/zcGdtFenz1WOJgtE34K49wz1who5hLZ+MihzglManWsScgYORvTqcIEj+NpW+CKJ25bsYkHYyvm1ZVNn4caBO34Ibx6du3THuhrnE+4wj6x1cy8TQm0HFqX3imn1kZsG1U48=; webwxuvid=c33d1cae4fca9f0990475f906ac5a19bb07af3e6bd69cb562aeeb5f492f8852eab4b6a6839651860ae3327995894e89e; wxloadtime=1547888463; wxsid=4Ws+6lSYKoqK8pqW; wxuin=2626283019 
[2019-01-19 17:01:47] 执行成功：恢复登录成功 
[2019-01-19 17:01:47] 提示信息：你已经退出微信登录 
[2019-01-19 17:01:49] 执行成功：发送邮件成功 
[2019-01-19 17:02:00] 提示信息：二维码已扫描，等待授权... 
[2019-01-19 17:02:03] 提示信息：已获授权 
[2019-01-19 17:02:04] 提示信息：b'<error><ret>0</ret><message></message><skey>@crypt_59b22fc7_c3d89203debadf1538b8f74418e717f6</skey><wxsid>WhdUUx3ICQZNGyb3</wxsid><wxuin>2626283019</wxuin><pass_ticket>NRg9GDbwIedoTeCdaQJWFkh0fHrwI4kehG68hGzyui1gFhgQLZxg9vsDMq7AR7Ai</pass_ticket><isgrayscale>1</isgrayscale></error>' 
[2019-01-19 17:02:04] 提示信息：webwx_data_ticket=gSda9MsYOxLRwn2ljuz5cDJ8; mm_lang=zh_CN; webwx_auth_ticket=CIsBEIHJsPIJGoABzYXx6R6WYSMB4uikH9Z4uKZW62cMhKbmJ251tN/zcGc5WxIE0MUiB4Rh7ZCuAhu1of0aKqWkxVIqeGWxk1TBF/TjFiEWNBbcISbjcrrV7h/UBWGcZ1PID7hOn9/DFtfGWI9wM20QT0xfA2yJYixoU8TQm0HFqX3imn1kZsG1U48=; webwxuvid=c33d1cae4fca9f0990475f906ac5a19b0b5015e4c8fbd377f05bc55f2f5ed2e7b2e022daf9c5a05b4e4d8e8c1671e746; wxloadtime=1547888523; wxsid=WhdUUx3ICQZNGyb3; wxuin=2626283019 
[2019-01-19 17:02:17] 执行成功：恢复登录成功 
[2019-01-19 17:02:17] 提示信息：2626283019 WhdUUx3ICQZNGyb3 @crypt_59b22fc7_c3d89203debadf1538b8f74418e717f6 e060344452494809 zh_CN NRg9GDbwIedoTeCdaQJWFkh0fHrwI4kehG68hGzyui1gFhgQLZxg9vsDMq7AR7Ai 
[2019-01-19 17:02:17] 提示信息：{
"BaseResponse": {
"Ret": 1,
"ErrMsg": ""
}
,
"AddMsgCount": 0,
"AddMsgList": [],
"ModContactCount": 0,
"ModContactList": [],
"DelContactCount": 0,
"DelContactList": [],
"ModChatRoomMemberCount": 0,
"ModChatRoomMemberList": [],
"Profile": {
"BitFlag": 0,
"UserName": {
"Buff": ""
}
,
"NickName": {
"Buff": ""
}
,
"BindUin": 0,
"BindEmail": {
"Buff": ""
}
,
"BindMobile": {
"Buff": ""
}
,
"Status": 0,
"Sex": 0,
"PersonalCard": 0,
"Alias": "",
"HeadImgUpdateFlag": 0,
"HeadImgUrl": "",
"Signature": ""
}
,
"ContinueFlag": 0,
"SyncKey": {
"Count": 0,
"List": []
}
,
"SKey": "",
"SyncCheckKey": {
"Count": 0,
"List": []
}

}
 
[2019-01-19 17:02:42] 提示信息：2626283019 WhdUUx3ICQZNGyb3 @crypt_59b22fc7_c3d89203debadf1538b8f74418e717f6 e060344452494809 zh_CN NRg9GDbwIedoTeCdaQJWFkh0fHrwI4kehG68hGzyui1gFhgQLZxg9vsDMq7AR7Ai 
[2019-01-19 17:02:42] 提示信息：{
"BaseResponse": {
"Ret": 1,
"ErrMsg": ""
}
,
"AddMsgCount": 0,
"AddMsgList": [],
"ModContactCount": 0,
"ModContactList": [],
"DelContactCount": 0,
"DelContactList": [],
"ModChatRoomMemberCount": 0,
"ModChatRoomMemberList": [],
"Profile": {
"BitFlag": 0,
"UserName": {
"Buff": ""
}
,
"NickName": {
"Buff": ""
}
,
"BindUin": 0,
"BindEmail": {
"Buff": ""
}
,
"BindMobile": {
"Buff": ""
}
,
"Status": 0,
"Sex": 0,
"PersonalCard": 0,
"Alias": "",
"HeadImgUpdateFlag": 0,
"HeadImgUrl": "",
"Signature": ""
}
,
"ContinueFlag": 0,
"SyncKey": {
"Count": 0,
"List": []
}
,
"SKey": "",
"SyncCheckKey": {
"Count": 0,
"List": []
}

}
 
[2019-01-19 17:03:07] 提示信息：2626283019 WhdUUx3ICQZNGyb3 @crypt_59b22fc7_c3d89203debadf1538b8f74418e717f6 e060344452494809 zh_CN NRg9GDbwIedoTeCdaQJWFkh0fHrwI4kehG68hGzyui1gFhgQLZxg9vsDMq7AR7Ai 
[2019-01-19 17:03:07] 提示信息：{
"BaseResponse": {
"Ret": 1,
"ErrMsg": ""
}
,
"AddMsgCount": 0,
"AddMsgList": [],
"ModContactCount": 0,
"ModContactList": [],
"DelContactCount": 0,
"DelContactList": [],
"ModChatRoomMemberCount": 0,
"ModChatRoomMemberList": [],
"Profile": {
"BitFlag": 0,
"UserName": {
"Buff": ""
}
,
"NickName": {
"Buff": ""
}
,
"BindUin": 0,
"BindEmail": {
"Buff": ""
}
,
"BindMobile": {
"Buff": ""
}
,
"Status": 0,
"Sex": 0,
"PersonalCard": 0,
"Alias": "",
"HeadImgUpdateFlag": 0,
"HeadImgUrl": "",
"Signature": ""
}
,
"ContinueFlag": 0,
"SyncKey": {
"Count": 0,
"List": []
}
,
"SKey": "",
"SyncCheckKey": {
"Count": 0,
"List": []
}

}
 
[2019-01-19 17:03:32] 提示信息：2626283019 WhdUUx3ICQZNGyb3 @crypt_59b22fc7_c3d89203debadf1538b8f74418e717f6 e060344452494809 zh_CN NRg9GDbwIedoTeCdaQJWFkh0fHrwI4kehG68hGzyui1gFhgQLZxg9vsDMq7AR7Ai 
[2019-01-19 17:03:32] 提示信息：{
"BaseResponse": {
"Ret": 1,
"ErrMsg": ""
}
,
"AddMsgCount": 0,
"AddMsgList": [],
"ModContactCount": 0,
"ModContactList": [],
"DelContactCount": 0,
"DelContactList": [],
"ModChatRoomMemberCount": 0,
"ModChatRoomMemberList": [],
"Profile": {
"BitFlag": 0,
"UserName": {
"Buff": ""
}
,
"NickName": {
"Buff": ""
}
,
"BindUin": 0,
"BindEmail": {
"Buff": ""
}
,
"BindMobile": {
"Buff": ""
}
,
"Status": 0,
"Sex": 0,
"PersonalCard": 0,
"Alias": "",
"HeadImgUpdateFlag": 0,
"HeadImgUrl": "",
"Signature": ""
}
,
"ContinueFlag": 0,
"SyncKey": {
"Count": 0,
"List": []
}
,
"SKey": "",
"SyncCheckKey": {
"Count": 0,
"List": []
}

}
 
[2019-01-19 17:03:57] 提示信息：2626283019 WhdUUx3ICQZNGyb3 @crypt_59b22fc7_c3d89203debadf1538b8f74418e717f6 e060344452494809 zh_CN NRg9GDbwIedoTeCdaQJWFkh0fHrwI4kehG68hGzyui1gFhgQLZxg9vsDMq7AR7Ai 
[2019-01-19 17:03:57] 提示信息：{
"BaseResponse": {
"Ret": 1,
"ErrMsg": ""
}
,
"AddMsgCount": 0,
"AddMsgList": [],
"ModContactCount": 0,
"ModContactList": [],
"DelContactCount": 0,
"DelContactList": [],
"ModChatRoomMemberCount": 0,
"ModChatRoomMemberList": [],
"Profile": {
"BitFlag": 0,
"UserName": {
"Buff": ""
}
,
"NickName": {
"Buff": ""
}
,
"BindUin": 0,
"BindEmail": {
"Buff": ""
}
,
"BindMobile": {
"Buff": ""
}
,
"Status": 0,
"Sex": 0,
"PersonalCard": 0,
"Alias": "",
"HeadImgUpdateFlag": 0,
"HeadImgUrl": "",
"Signature": ""
}
,
"ContinueFlag": 0,
"SyncKey": {
"Count": 0,
"List": []
}
,
"SKey": "",
"SyncCheckKey": {
"Count": 0,
"List": []
}

}
 
[2019-01-19 17:04:23] 执行成功：恢复登录成功 
[2019-01-19 17:04:23] 提示信息：2626283019 WhdUUx3ICQZNGyb3 @crypt_59b22fc7_c3d89203debadf1538b8f74418e717f6 e060344452494809 zh_CN NRg9GDbwIedoTeCdaQJWFkh0fHrwI4kehG68hGzyui1gFhgQLZxg9vsDMq7AR7Ai 
[2019-01-19 17:04:23] 提示信息：{
"BaseResponse": {
"Ret": 1,
"ErrMsg": ""
}
,
"AddMsgCount": 0,
"AddMsgList": [],
"ModContactCount": 0,
"ModContactList": [],
"DelContactCount": 0,
"DelContactList": [],
"ModChatRoomMemberCount": 0,
"ModChatRoomMemberList": [],
"Profile": {
"BitFlag": 0,
"UserName": {
"Buff": ""
}
,
"NickName": {
"Buff": ""
}
,
"BindUin": 0,
"BindEmail": {
"Buff": ""
}
,
"BindMobile": {
"Buff": ""
}
,
"Status": 0,
"Sex": 0,
"PersonalCard": 0,
"Alias": "",
"HeadImgUpdateFlag": 0,
"HeadImgUrl": "",
"Signature": ""
}
,
"ContinueFlag": 0,
"SyncKey": {
"Count": 0,
"List": []
}
,
"SKey": "",
"SyncCheckKey": {
"Count": 0,
"List": []
}

}
 
[2019-01-19 17:04:48] 提示信息：2626283019 WhdUUx3ICQZNGyb3 @crypt_59b22fc7_c3d89203debadf1538b8f74418e717f6 e060344452494809 zh_CN NRg9GDbwIedoTeCdaQJWFkh0fHrwI4kehG68hGzyui1gFhgQLZxg9vsDMq7AR7Ai 
[2019-01-19 17:04:48] 提示信息：{
"BaseResponse": {
"Ret": 1,
"ErrMsg": ""
}
,
"AddMsgCount": 0,
"AddMsgList": [],
"ModContactCount": 0,
"ModContactList": [],
"DelContactCount": 0,
"DelContactList": [],
"ModChatRoomMemberCount": 0,
"ModChatRoomMemberList": [],
"Profile": {
"BitFlag": 0,
"UserName": {
"Buff": ""
}
,
"NickName": {
"Buff": ""
}
,
"BindUin": 0,
"BindEmail": {
"Buff": ""
}
,
"BindMobile": {
"Buff": ""
}
,
"Status": 0,
"Sex": 0,
"PersonalCard": 0,
"Alias": "",
"HeadImgUpdateFlag": 0,
"HeadImgUrl": "",
"Signature": ""
}
,
"ContinueFlag": 0,
"SyncKey": {
"Count": 0,
"List": []
}
,
"SKey": "",
"SyncCheckKey": {
"Count": 0,
"List": []
}

}
 
[2019-01-19 17:05:13] 提示信息：2626283019 WhdUUx3ICQZNGyb3 @crypt_59b22fc7_c3d89203debadf1538b8f74418e717f6 e060344452494809 zh_CN NRg9GDbwIedoTeCdaQJWFkh0fHrwI4kehG68hGzyui1gFhgQLZxg9vsDMq7AR7Ai 
[2019-01-19 17:05:13] 提示信息：{
"BaseResponse": {
"Ret": 1,
"ErrMsg": ""
}
,
"AddMsgCount": 0,
"AddMsgList": [],
"ModContactCount": 0,
"ModContactList": [],
"DelContactCount": 0,
"DelContactList": [],
"ModChatRoomMemberCount": 0,
"ModChatRoomMemberList": [],
"Profile": {
"BitFlag": 0,
"UserName": {
"Buff": ""
}
,
"NickName": {
"Buff": ""
}
,
"BindUin": 0,
"BindEmail": {
"Buff": ""
}
,
"BindMobile": {
"Buff": ""
}
,
"Status": 0,
"Sex": 0,
"PersonalCard": 0,
"Alias": "",
"HeadImgUpdateFlag": 0,
"HeadImgUrl": "",
"Signature": ""
}
,
"ContinueFlag": 0,
"SyncKey": {
"Count": 0,
"List": []
}
,
"SKey": "",
"SyncCheckKey": {
"Count": 0,
"List": []
}

}
 
[2019-01-19 17:05:38] 提示信息：2626283019 WhdUUx3ICQZNGyb3 @crypt_59b22fc7_c3d89203debadf1538b8f74418e717f6 e060344452494809 zh_CN NRg9GDbwIedoTeCdaQJWFkh0fHrwI4kehG68hGzyui1gFhgQLZxg9vsDMq7AR7Ai 
[2019-01-19 17:05:38] 提示信息：{
"BaseResponse": {
"Ret": 1,
"ErrMsg": ""
}
,
"AddMsgCount": 0,
"AddMsgList": [],
"ModContactCount": 0,
"ModContactList": [],
"DelContactCount": 0,
"DelContactList": [],
"ModChatRoomMemberCount": 0,
"ModChatRoomMemberList": [],
"Profile": {
"BitFlag": 0,
"UserName": {
"Buff": ""
}
,
"NickName": {
"Buff": ""
}
,
"BindUin": 0,
"BindEmail": {
"Buff": ""
}
,
"BindMobile": {
"Buff": ""
}
,
"Status": 0,
"Sex": 0,
"PersonalCard": 0,
"Alias": "",
"HeadImgUpdateFlag": 0,
"HeadImgUrl": "",
"Signature": ""
}
,
"ContinueFlag": 0,
"SyncKey": {
"Count": 0,
"List": []
}
,
"SKey": "",
"SyncCheckKey": {
"Count": 0,
"List": []
}

}
 
[2019-01-19 17:06:04] 提示信息：2626283019 WhdUUx3ICQZNGyb3 @crypt_59b22fc7_c3d89203debadf1538b8f74418e717f6 e060344452494809 zh_CN NRg9GDbwIedoTeCdaQJWFkh0fHrwI4kehG68hGzyui1gFhgQLZxg9vsDMq7AR7Ai 
[2019-01-19 17:06:04] 提示信息：{
"BaseResponse": {
"Ret": 1,
"ErrMsg": ""
}
,
"AddMsgCount": 0,
"AddMsgList": [],
"ModContactCount": 0,
"ModContactList": [],
"DelContactCount": 0,
"DelContactList": [],
"ModChatRoomMemberCount": 0,
"ModChatRoomMemberList": [],
"Profile": {
"BitFlag": 0,
"UserName": {
"Buff": ""
}
,
"NickName": {
"Buff": ""
}
,
"BindUin": 0,
"BindEmail": {
"Buff": ""
}
,
"BindMobile": {
"Buff": ""
}
,
"Status": 0,
"Sex": 0,
"PersonalCard": 0,
"Alias": "",
"HeadImgUpdateFlag": 0,
"HeadImgUrl": "",
"Signature": ""
}
,
"ContinueFlag": 0,
"SyncKey": {
"Count": 0,
"List": []
}
,
"SKey": "",
"SyncCheckKey": {
"Count": 0,
"List": []
}

}
 
[2019-01-19 17:06:29] 提示信息：2626283019 WhdUUx3ICQZNGyb3 @crypt_59b22fc7_c3d89203debadf1538b8f74418e717f6 e060344452494809 zh_CN NRg9GDbwIedoTeCdaQJWFkh0fHrwI4kehG68hGzyui1gFhgQLZxg9vsDMq7AR7Ai 
[2019-01-19 17:06:29] 提示信息：{
"BaseResponse": {
"Ret": 1,
"ErrMsg": ""
}
,
"AddMsgCount": 0,
"AddMsgList": [],
"ModContactCount": 0,
"ModContactList": [],
"DelContactCount": 0,
"DelContactList": [],
"ModChatRoomMemberCount": 0,
"ModChatRoomMemberList": [],
"Profile": {
"BitFlag": 0,
"UserName": {
"Buff": ""
}
,
"NickName": {
"Buff": ""
}
,
"BindUin": 0,
"BindEmail": {
"Buff": ""
}
,
"BindMobile": {
"Buff": ""
}
,
"Status": 0,
"Sex": 0,
"PersonalCard": 0,
"Alias": "",
"HeadImgUpdateFlag": 0,
"HeadImgUrl": "",
"Signature": ""
}
,
"ContinueFlag": 0,
"SyncKey": {
"Count": 0,
"List": []
}
,
"SKey": "",
"SyncCheckKey": {
"Count": 0,
"List": []
}

}
 
[2019-01-19 17:06:54] 提示信息：2626283019 WhdUUx3ICQZNGyb3 @crypt_59b22fc7_c3d89203debadf1538b8f74418e717f6 e060344452494809 zh_CN NRg9GDbwIedoTeCdaQJWFkh0fHrwI4kehG68hGzyui1gFhgQLZxg9vsDMq7AR7Ai 
[2019-01-19 17:06:54] 提示信息：{
"BaseResponse": {
"Ret": 1,
"ErrMsg": ""
}
,
"AddMsgCount": 0,
"AddMsgList": [],
"ModContactCount": 0,
"ModContactList": [],
"DelContactCount": 0,
"DelContactList": [],
"ModChatRoomMemberCount": 0,
"ModChatRoomMemberList": [],
"Profile": {
"BitFlag": 0,
"UserName": {
"Buff": ""
}
,
"NickName": {
"Buff": ""
}
,
"BindUin": 0,
"BindEmail": {
"Buff": ""
}
,
"BindMobile": {
"Buff": ""
}
,
"Status": 0,
"Sex": 0,
"PersonalCard": 0,
"Alias": "",
"HeadImgUpdateFlag": 0,
"HeadImgUrl": "",
"Signature": ""
}
,
"ContinueFlag": 0,
"SyncKey": {
"Count": 0,
"List": []
}
,
"SKey": "",
"SyncCheckKey": {
"Count": 0,
"List": []
}

}
 
[2019-01-19 17:07:19] 提示信息：2626283019 WhdUUx3ICQZNGyb3 @crypt_59b22fc7_c3d89203debadf1538b8f74418e717f6 e060344452494809 zh_CN NRg9GDbwIedoTeCdaQJWFkh0fHrwI4kehG68hGzyui1gFhgQLZxg9vsDMq7AR7Ai 
[2019-01-19 17:07:19] 提示信息：{
"BaseResponse": {
"Ret": 1,
"ErrMsg": ""
}
,
"AddMsgCount": 0,
"AddMsgList": [],
"ModContactCount": 0,
"ModContactList": [],
"DelContactCount": 0,
"DelContactList": [],
"ModChatRoomMemberCount": 0,
"ModChatRoomMemberList": [],
"Profile": {
"BitFlag": 0,
"UserName": {
"Buff": ""
}
,
"NickName": {
"Buff": ""
}
,
"BindUin": 0,
"BindEmail": {
"Buff": ""
}
,
"BindMobile": {
"Buff": ""
}
,
"Status": 0,
"Sex": 0,
"PersonalCard": 0,
"Alias": "",
"HeadImgUpdateFlag": 0,
"HeadImgUrl": "",
"Signature": ""
}
,
"ContinueFlag": 0,
"SyncKey": {
"Count": 0,
"List": []
}
,
"SKey": "",
"SyncCheckKey": {
"Count": 0,
"List": []
}

}
 
[2019-01-19 17:07:44] 提示信息：2626283019 WhdUUx3ICQZNGyb3 @crypt_59b22fc7_c3d89203debadf1538b8f74418e717f6 e060344452494809 zh_CN NRg9GDbwIedoTeCdaQJWFkh0fHrwI4kehG68hGzyui1gFhgQLZxg9vsDMq7AR7Ai 
[2019-01-19 17:07:44] 提示信息：{
"BaseResponse": {
"Ret": 1,
"ErrMsg": ""
}
,
"AddMsgCount": 0,
"AddMsgList": [],
"ModContactCount": 0,
"ModContactList": [],
"DelContactCount": 0,
"DelContactList": [],
"ModChatRoomMemberCount": 0,
"ModChatRoomMemberList": [],
"Profile": {
"BitFlag": 0,
"UserName": {
"Buff": ""
}
,
"NickName": {
"Buff": ""
}
,
"BindUin": 0,
"BindEmail": {
"Buff": ""
}
,
"BindMobile": {
"Buff": ""
}
,
"Status": 0,
"Sex": 0,
"PersonalCard": 0,
"Alias": "",
"HeadImgUpdateFlag": 0,
"HeadImgUrl": "",
"Signature": ""
}
,
"ContinueFlag": 0,
"SyncKey": {
"Count": 0,
"List": []
}
,
"SKey": "",
"SyncCheckKey": {
"Count": 0,
"List": []
}

}
 
[2019-01-19 17:08:08] 执行成功：发送邮件成功 
[2019-01-19 17:08:15] 提示信息：二维码已扫描，等待授权... 
[2019-01-19 17:08:19] 提示信息：已获授权 
[2019-01-19 17:08:19] 提示信息：b'<error><ret>0</ret><message></message><skey>@crypt_59b22fc7_6b3dcc0e83cd36bd15068be401fcbe5f</skey><wxsid>m2lp+GAzHkoxJFhG</wxsid><wxuin>2626283019</wxuin><pass_ticket>8BAWmC09Bptw1GTdV9mYuoFccunz4XNB%2Fsxlo17n29D5tGenoO9rDhzr6%2BGNLkiO</pass_ticket><isgrayscale>1</isgrayscale></error>' 
[2019-01-19 17:08:19] 提示信息：webwx_data_ticket=gSdP7W4+b7geFL1yE8qQh5tv; mm_lang=zh_CN; webwx_auth_ticket=CIsBEOrIkNgIGoABA8o/trukpQQD3cud7N5koaZW62cMhKbmJ251tN/zcGc5WxIE0MUiB4Rh7ZCuAhu1of0aKqWkxVIqeGWxk1TBF/TjFiEWNBbcISbjcrrV7h/UBWGcZ1PID7hOn9/DFtfGWI9wM20QT0xfA2yJYixoU8TQm0HFqX3imn1kZsG1U48=; wxloadtime=1547888898; wxsid=m2lp+GAzHkoxJFhG; wxuin=2626283019 
[2019-01-19 17:08:19] 提示信息：你已经退出微信登录 
[2019-01-19 17:08:20] 执行出错：恢复登录时出现错误 
[2019-01-19 17:08:22] 执行成功：发送邮件成功 
[2019-01-19 17:08:50] 提示信息：等待二维码扫描及授权... 
[2019-01-19 17:09:18] 提示信息：等待二维码扫描及授权... 
[2019-01-19 17:09:46] 提示信息：等待二维码扫描及授权... 
[2019-01-19 17:09:50] 提示信息：已获授权 
[2019-01-19 17:09:51] 提示信息：b'<error><ret>0</ret><message></message><skey>@crypt_59b22fc7_be010cf36b9892b97f695efc852df18d</skey><wxsid>ZB1VMHvKWsf0AyET</wxsid><wxuin>2626283019</wxuin><pass_ticket>BsgXtYFmA3BNmFA7Z2P8PWe6nbjaAcxlZ2u4x8qY8QerjNnB%2FSqJPZFZqSCAy%2B32</pass_ticket><isgrayscale>1</isgrayscale></error>' 
[2019-01-19 17:09:51] 提示信息：webwx_data_ticket=gSei3ijW9CFpZfLctryO4KwQ; mm_lang=zh_CN; webwx_auth_ticket=CIsBEM7O/PcMGoABLLBu7NA7FEvqDvQFln4r2qZW62cMhKbmJ251tN/zcGe2f2APkVZ9m/Z72/gp1dJkz68ofWcYMh1U3AP3Hip/pVSrekYeAzBYUv33h1osSFT3UnXmVznOsHuDsW1gw8/OWMyvH3du8AxNkqyQNqV9dsTQm0HFqX3imn1kZsG1U48=; webwxuvid=c33d1cae4fca9f0990475f906ac5a19ba70fcb333f70099accdfe76bba54107588129d165f013d2951a548fa84d4310b; wxloadtime=1547888990; wxsid=ZB1VMHvKWsf0AyET; wxuin=2626283019 
[2019-01-19 17:09:51] 提示信息：2626283019 ZB1VMHvKWsf0AyET @crypt_59b22fc7_be010cf36b9892b97f695efc852df18d e603837227324787 zh_CN BsgXtYFmA3BNmFA7Z2P8PWe6nbjaAcxlZ2u4x8qY8QerjNnB%2FSqJPZFZqSCAy%2B32 
[2019-01-19 17:09:51] 提示信息：{
"BaseResponse": {
"Ret": 1,
"ErrMsg": ""
}
,
"AddMsgCount": 0,
"AddMsgList": [],
"ModContactCount": 0,
"ModContactList": [],
"DelContactCount": 0,
"DelContactList": [],
"ModChatRoomMemberCount": 0,
"ModChatRoomMemberList": [],
"Profile": {
"BitFlag": 0,
"UserName": {
"Buff": ""
}
,
"NickName": {
"Buff": ""
}
,
"BindUin": 0,
"BindEmail": {
"Buff": ""
}
,
"BindMobile": {
"Buff": ""
}
,
"Status": 0,
"Sex": 0,
"PersonalCard": 0,
"Alias": "",
"HeadImgUpdateFlag": 0,
"HeadImgUrl": "",
"Signature": ""
}
,
"ContinueFlag": 0,
"SyncKey": {
"Count": 0,
"List": []
}
,
"SKey": "",
"SyncCheckKey": {
"Count": 0,
"List": []
}

}
 
[2019-01-19 17:10:16] 提示信息：你已经退出微信登录 
[2019-01-19 17:10:23] 执行出错：恢复登录时出现错误 
[2019-01-19 17:10:25] 执行成功：发送邮件成功 
[2019-01-19 17:10:53] 提示信息：等待二维码扫描及授权... 
[2019-01-19 17:11:21] 提示信息：等待二维码扫描及授权... 
[2019-01-19 17:11:49] 提示信息：等待二维码扫描及授权... 
[2019-01-19 17:12:17] 提示信息：等待二维码扫描及授权... 
[2019-01-19 17:12:44] 执行出错：恢复登录未成功 
[2019-01-19 17:12:46] 执行成功：发送邮件成功 
[2019-01-19 17:12:54] 提示信息：二维码已扫描，等待授权... 
[2019-01-19 17:12:57] 提示信息：已获授权 
[2019-01-19 17:12:58] 提示信息：b'<error><ret>0</ret><message></message><skey>@crypt_59b22fc7_aac1422d797d79b0bd2f23e268e71084</skey><wxsid>eU2vAqH1EmnDggRY</wxsid><wxuin>2626283019</wxuin><pass_ticket>MZoQQEXc9xEiYiSz%2BBlrnhT1yjutbRl0kBMVA0KrEL8xfGyoQUxfhVBOWMCf5i72</pass_ticket><isgrayscale>1</isgrayscale></error>' 
[2019-01-19 17:12:58] 提示信息：webwx_data_ticket=gSflZFw7bAIYuw0kgI5Kzq5U; mm_lang=zh_CN; webwx_auth_ticket=CIsBEPjS9JoDGoABHr3H6TmA8OWhOGCubD0YBKZW62cMhKbmJ251tN/zcGcgbv9rvvgRSPUa8qioaDwDvfIQokSZQcUsKsq6LeNZW8bOSdBTbBHucyBKIw/EwTLcRbBC6kbtWakPZdIY+tb/MVJxHvrOqBxLy8Py4stqYcTQm0HFqX3imn1kZsG1U48=; webwxuvid=c33d1cae4fca9f0990475f906ac5a19b2162093ab350be1257e65ac1958b02db89b757eb8e938fd16e7fa002465da6f2; wxloadtime=1547889177; wxsid=eU2vAqH1EmnDggRY; wxuin=2626283019 
[2019-01-19 17:12:58] 提示信息：2626283019 eU2vAqH1EmnDggRY @crypt_59b22fc7_aac1422d797d79b0bd2f23e268e71084 e122736718367885 zh_CN MZoQQEXc9xEiYiSz%2BBlrnhT1yjutbRl0kBMVA0KrEL8xfGyoQUxfhVBOWMCf5i72 
[2019-01-19 17:12:58] 提示信息：{
"BaseResponse": {
"Ret": 1,
"ErrMsg": ""
}
,
"AddMsgCount": 0,
"AddMsgList": [],
"ModContactCount": 0,
"ModContactList": [],
"DelContactCount": 0,
"DelContactList": [],
"ModChatRoomMemberCount": 0,
"ModChatRoomMemberList": [],
"Profile": {
"BitFlag": 0,
"UserName": {
"Buff": ""
}
,
"NickName": {
"Buff": ""
}
,
"BindUin": 0,
"BindEmail": {
"Buff": ""
}
,
"BindMobile": {
"Buff": ""
}
,
"Status": 0,
"Sex": 0,
"PersonalCard": 0,
"Alias": "",
"HeadImgUpdateFlag": 0,
"HeadImgUrl": "",
"Signature": ""
}
,
"ContinueFlag": 0,
"SyncKey": {
"Count": 0,
"List": []
}
,
"SKey": "",
"SyncCheckKey": {
"Count": 0,
"List": []
}

}
 
[2019-01-19 17:13:23] 提示信息：2626283019 eU2vAqH1EmnDggRY @crypt_59b22fc7_aac1422d797d79b0bd2f23e268e71084 e122736718367885 zh_CN MZoQQEXc9xEiYiSz%2BBlrnhT1yjutbRl0kBMVA0KrEL8xfGyoQUxfhVBOWMCf5i72 
[2019-01-19 17:13:23] 提示信息：{
"BaseResponse": {
"Ret": 1,
"ErrMsg": ""
}
,
"AddMsgCount": 0,
"AddMsgList": [],
"ModContactCount": 0,
"ModContactList": [],
"DelContactCount": 0,
"DelContactList": [],
"ModChatRoomMemberCount": 0,
"ModChatRoomMemberList": [],
"Profile": {
"BitFlag": 0,
"UserName": {
"Buff": ""
}
,
"NickName": {
"Buff": ""
}
,
"BindUin": 0,
"BindEmail": {
"Buff": ""
}
,
"BindMobile": {
"Buff": ""
}
,
"Status": 0,
"Sex": 0,
"PersonalCard": 0,
"Alias": "",
"HeadImgUpdateFlag": 0,
"HeadImgUrl": "",
"Signature": ""
}
,
"ContinueFlag": 0,
"SyncKey": {
"Count": 0,
"List": []
}
,
"SKey": "",
"SyncCheckKey": {
"Count": 0,
"List": []
}

}
 
[2019-01-19 17:13:48] 提示信息：2626283019 eU2vAqH1EmnDggRY @crypt_59b22fc7_aac1422d797d79b0bd2f23e268e71084 e122736718367885 zh_CN MZoQQEXc9xEiYiSz%2BBlrnhT1yjutbRl0kBMVA0KrEL8xfGyoQUxfhVBOWMCf5i72 
[2019-01-19 17:13:48] 提示信息：{
"BaseResponse": {
"Ret": 1,
"ErrMsg": ""
}
,
"AddMsgCount": 0,
"AddMsgList": [],
"ModContactCount": 0,
"ModContactList": [],
"DelContactCount": 0,
"DelContactList": [],
"ModChatRoomMemberCount": 0,
"ModChatRoomMemberList": [],
"Profile": {
"BitFlag": 0,
"UserName": {
"Buff": ""
}
,
"NickName": {
"Buff": ""
}
,
"BindUin": 0,
"BindEmail": {
"Buff": ""
}
,
"BindMobile": {
"Buff": ""
}
,
"Status": 0,
"Sex": 0,
"PersonalCard": 0,
"Alias": "",
"HeadImgUpdateFlag": 0,
"HeadImgUrl": "",
"Signature": ""
}
,
"ContinueFlag": 0,
"SyncKey": {
"Count": 0,
"List": []
}
,
"SKey": "",
"SyncCheckKey": {
"Count": 0,
"List": []
}

}
 
[2019-01-19 17:14:13] 提示信息：2626283019 eU2vAqH1EmnDggRY @crypt_59b22fc7_aac1422d797d79b0bd2f23e268e71084 e122736718367885 zh_CN MZoQQEXc9xEiYiSz%2BBlrnhT1yjutbRl0kBMVA0KrEL8xfGyoQUxfhVBOWMCf5i72 
[2019-01-19 17:14:13] 提示信息：{
"BaseResponse": {
"Ret": 1,
"ErrMsg": ""
}
,
"AddMsgCount": 0,
"AddMsgList": [],
"ModContactCount": 0,
"ModContactList": [],
"DelContactCount": 0,
"DelContactList": [],
"ModChatRoomMemberCount": 0,
"ModChatRoomMemberList": [],
"Profile": {
"BitFlag": 0,
"UserName": {
"Buff": ""
}
,
"NickName": {
"Buff": ""
}
,
"BindUin": 0,
"BindEmail": {
"Buff": ""
}
,
"BindMobile": {
"Buff": ""
}
,
"Status": 0,
"Sex": 0,
"PersonalCard": 0,
"Alias": "",
"HeadImgUpdateFlag": 0,
"HeadImgUrl": "",
"Signature": ""
}
,
"ContinueFlag": 0,
"SyncKey": {
"Count": 0,
"List": []
}
,
"SKey": "",
"SyncCheckKey": {
"Count": 0,
"List": []
}

}
 
[2019-01-19 17:14:35] 执行成功：恢复登录成功 
[2019-01-19 17:14:35] 提示信息：{
"BaseResponse": {
"Ret": 1,
"ErrMsg": ""
}
,
"AddMsgCount": 0,
"AddMsgList": [],
"ModContactCount": 0,
"ModContactList": [],
"DelContactCount": 0,
"DelContactList": [],
"ModChatRoomMemberCount": 0,
"ModChatRoomMemberList": [],
"Profile": {
"BitFlag": 0,
"UserName": {
"Buff": ""
}
,
"NickName": {
"Buff": ""
}
,
"BindUin": 0,
"BindEmail": {
"Buff": ""
}
,
"BindMobile": {
"Buff": ""
}
,
"Status": 0,
"Sex": 0,
"PersonalCard": 0,
"Alias": "",
"HeadImgUpdateFlag": 0,
"HeadImgUrl": "",
"Signature": ""
}
,
"ContinueFlag": 0,
"SyncKey": {
"Count": 0,
"List": []
}
,
"SKey": "",
"SyncCheckKey": {
"Count": 0,
"List": []
}

}
 
[2019-01-19 17:14:40] 提示信息：{
"BaseResponse": {
"Ret": 1,
"ErrMsg": ""
}
,
"AddMsgCount": 0,
"AddMsgList": [],
"ModContactCount": 0,
"ModContactList": [],
"DelContactCount": 0,
"DelContactList": [],
"ModChatRoomMemberCount": 0,
"ModChatRoomMemberList": [],
"Profile": {
"BitFlag": 0,
"UserName": {
"Buff": ""
}
,
"NickName": {
"Buff": ""
}
,
"BindUin": 0,
"BindEmail": {
"Buff": ""
}
,
"BindMobile": {
"Buff": ""
}
,
"Status": 0,
"Sex": 0,
"PersonalCard": 0,
"Alias": "",
"HeadImgUpdateFlag": 0,
"HeadImgUrl": "",
"Signature": ""
}
,
"ContinueFlag": 0,
"SyncKey": {
"Count": 0,
"List": []
}
,
"SKey": "",
"SyncCheckKey": {
"Count": 0,
"List": []
}

}
 
[2019-01-19 17:14:45] 提示信息：{
"BaseResponse": {
"Ret": 1,
"ErrMsg": ""
}
,
"AddMsgCount": 0,
"AddMsgList": [],
"ModContactCount": 0,
"ModContactList": [],
"DelContactCount": 0,
"DelContactList": [],
"ModChatRoomMemberCount": 0,
"ModChatRoomMemberList": [],
"Profile": {
"BitFlag": 0,
"UserName": {
"Buff": ""
}
,
"NickName": {
"Buff": ""
}
,
"BindUin": 0,
"BindEmail": {
"Buff": ""
}
,
"BindMobile": {
"Buff": ""
}
,
"Status": 0,
"Sex": 0,
"PersonalCard": 0,
"Alias": "",
"HeadImgUpdateFlag": 0,
"HeadImgUrl": "",
"Signature": ""
}
,
"ContinueFlag": 0,
"SyncKey": {
"Count": 0,
"List": []
}
,
"SKey": "",
"SyncCheckKey": {
"Count": 0,
"List": []
}

}
 
[2019-01-19 17:14:50] 提示信息：{
"BaseResponse": {
"Ret": 1,
"ErrMsg": ""
}
,
"AddMsgCount": 0,
"AddMsgList": [],
"ModContactCount": 0,
"ModContactList": [],
"DelContactCount": 0,
"DelContactList": [],
"ModChatRoomMemberCount": 0,
"ModChatRoomMemberList": [],
"Profile": {
"BitFlag": 0,
"UserName": {
"Buff": ""
}
,
"NickName": {
"Buff": ""
}
,
"BindUin": 0,
"BindEmail": {
"Buff": ""
}
,
"BindMobile": {
"Buff": ""
}
,
"Status": 0,
"Sex": 0,
"PersonalCard": 0,
"Alias": "",
"HeadImgUpdateFlag": 0,
"HeadImgUrl": "",
"Signature": ""
}
,
"ContinueFlag": 0,
"SyncKey": {
"Count": 0,
"List": []
}
,
"SKey": "",
"SyncCheckKey": {
"Count": 0,
"List": []
}

}
 
[2019-01-19 17:14:55] 提示信息：{
"BaseResponse": {
"Ret": 1,
"ErrMsg": ""
}
,
"AddMsgCount": 0,
"AddMsgList": [],
"ModContactCount": 0,
"ModContactList": [],
"DelContactCount": 0,
"DelContactList": [],
"ModChatRoomMemberCount": 0,
"ModChatRoomMemberList": [],
"Profile": {
"BitFlag": 0,
"UserName": {
"Buff": ""
}
,
"NickName": {
"Buff": ""
}
,
"BindUin": 0,
"BindEmail": {
"Buff": ""
}
,
"BindMobile": {
"Buff": ""
}
,
"Status": 0,
"Sex": 0,
"PersonalCard": 0,
"Alias": "",
"HeadImgUpdateFlag": 0,
"HeadImgUrl": "",
"Signature": ""
}
,
"ContinueFlag": 0,
"SyncKey": {
"Count": 0,
"List": []
}
,
"SKey": "",
"SyncCheckKey": {
"Count": 0,
"List": []
}

}
 
[2019-01-19 17:15:01] 提示信息：{
"BaseResponse": {
"Ret": 1,
"ErrMsg": ""
}
,
"AddMsgCount": 0,
"AddMsgList": [],
"ModContactCount": 0,
"ModContactList": [],
"DelContactCount": 0,
"DelContactList": [],
"ModChatRoomMemberCount": 0,
"ModChatRoomMemberList": [],
"Profile": {
"BitFlag": 0,
"UserName": {
"Buff": ""
}
,
"NickName": {
"Buff": ""
}
,
"BindUin": 0,
"BindEmail": {
"Buff": ""
}
,
"BindMobile": {
"Buff": ""
}
,
"Status": 0,
"Sex": 0,
"PersonalCard": 0,
"Alias": "",
"HeadImgUpdateFlag": 0,
"HeadImgUrl": "",
"Signature": ""
}
,
"ContinueFlag": 0,
"SyncKey": {
"Count": 0,
"List": []
}
,
"SKey": "",
"SyncCheckKey": {
"Count": 0,
"List": []
}

}
 
[2019-01-19 17:15:06] 提示信息：{
"BaseResponse": {
"Ret": 1,
"ErrMsg": ""
}
,
"AddMsgCount": 0,
"AddMsgList": [],
"ModContactCount": 0,
"ModContactList": [],
"DelContactCount": 0,
"DelContactList": [],
"ModChatRoomMemberCount": 0,
"ModChatRoomMemberList": [],
"Profile": {
"BitFlag": 0,
"UserName": {
"Buff": ""
}
,
"NickName": {
"Buff": ""
}
,
"BindUin": 0,
"BindEmail": {
"Buff": ""
}
,
"BindMobile": {
"Buff": ""
}
,
"Status": 0,
"Sex": 0,
"PersonalCard": 0,
"Alias": "",
"HeadImgUpdateFlag": 0,
"HeadImgUrl": "",
"Signature": ""
}
,
"ContinueFlag": 0,
"SyncKey": {
"Count": 0,
"List": []
}
,
"SKey": "",
"SyncCheckKey": {
"Count": 0,
"List": []
}

}
 
[2019-01-19 17:15:11] 提示信息：{
"BaseResponse": {
"Ret": 1,
"ErrMsg": ""
}
,
"AddMsgCount": 0,
"AddMsgList": [],
"ModContactCount": 0,
"ModContactList": [],
"DelContactCount": 0,
"DelContactList": [],
"ModChatRoomMemberCount": 0,
"ModChatRoomMemberList": [],
"Profile": {
"BitFlag": 0,
"UserName": {
"Buff": ""
}
,
"NickName": {
"Buff": ""
}
,
"BindUin": 0,
"BindEmail": {
"Buff": ""
}
,
"BindMobile": {
"Buff": ""
}
,
"Status": 0,
"Sex": 0,
"PersonalCard": 0,
"Alias": "",
"HeadImgUpdateFlag": 0,
"HeadImgUrl": "",
"Signature": ""
}
,
"ContinueFlag": 0,
"SyncKey": {
"Count": 0,
"List": []
}
,
"SKey": "",
"SyncCheckKey": {
"Count": 0,
"List": []
}

}
 
[2019-01-19 17:15:16] 提示信息：{
"BaseResponse": {
"Ret": 1,
"ErrMsg": ""
}
,
"AddMsgCount": 0,
"AddMsgList": [],
"ModContactCount": 0,
"ModContactList": [],
"DelContactCount": 0,
"DelContactList": [],
"ModChatRoomMemberCount": 0,
"ModChatRoomMemberList": [],
"Profile": {
"BitFlag": 0,
"UserName": {
"Buff": ""
}
,
"NickName": {
"Buff": ""
}
,
"BindUin": 0,
"BindEmail": {
"Buff": ""
}
,
"BindMobile": {
"Buff": ""
}
,
"Status": 0,
"Sex": 0,
"PersonalCard": 0,
"Alias": "",
"HeadImgUpdateFlag": 0,
"HeadImgUrl": "",
"Signature": ""
}
,
"ContinueFlag": 0,
"SyncKey": {
"Count": 0,
"List": []
}
,
"SKey": "",
"SyncCheckKey": {
"Count": 0,
"List": []
}

}
 
[2019-01-19 17:15:21] 提示信息：{
"BaseResponse": {
"Ret": 1,
"ErrMsg": ""
}
,
"AddMsgCount": 0,
"AddMsgList": [],
"ModContactCount": 0,
"ModContactList": [],
"DelContactCount": 0,
"DelContactList": [],
"ModChatRoomMemberCount": 0,
"ModChatRoomMemberList": [],
"Profile": {
"BitFlag": 0,
"UserName": {
"Buff": ""
}
,
"NickName": {
"Buff": ""
}
,
"BindUin": 0,
"BindEmail": {
"Buff": ""
}
,
"BindMobile": {
"Buff": ""
}
,
"Status": 0,
"Sex": 0,
"PersonalCard": 0,
"Alias": "",
"HeadImgUpdateFlag": 0,
"HeadImgUrl": "",
"Signature": ""
}
,
"ContinueFlag": 0,
"SyncKey": {
"Count": 0,
"List": []
}
,
"SKey": "",
"SyncCheckKey": {
"Count": 0,
"List": []
}

}
 
[2019-01-19 17:15:26] 提示信息：{
"BaseResponse": {
"Ret": 1,
"ErrMsg": ""
}
,
"AddMsgCount": 0,
"AddMsgList": [],
"ModContactCount": 0,
"ModContactList": [],
"DelContactCount": 0,
"DelContactList": [],
"ModChatRoomMemberCount": 0,
"ModChatRoomMemberList": [],
"Profile": {
"BitFlag": 0,
"UserName": {
"Buff": ""
}
,
"NickName": {
"Buff": ""
}
,
"BindUin": 0,
"BindEmail": {
"Buff": ""
}
,
"BindMobile": {
"Buff": ""
}
,
"Status": 0,
"Sex": 0,
"PersonalCard": 0,
"Alias": "",
"HeadImgUpdateFlag": 0,
"HeadImgUrl": "",
"Signature": ""
}
,
"ContinueFlag": 0,
"SyncKey": {
"Count": 0,
"List": []
}
,
"SKey": "",
"SyncCheckKey": {
"Count": 0,
"List": []
}

}
 
[2019-01-19 17:15:31] 提示信息：{
"BaseResponse": {
"Ret": 1,
"ErrMsg": ""
}
,
"AddMsgCount": 0,
"AddMsgList": [],
"ModContactCount": 0,
"ModContactList": [],
"DelContactCount": 0,
"DelContactList": [],
"ModChatRoomMemberCount": 0,
"ModChatRoomMemberList": [],
"Profile": {
"BitFlag": 0,
"UserName": {
"Buff": ""
}
,
"NickName": {
"Buff": ""
}
,
"BindUin": 0,
"BindEmail": {
"Buff": ""
}
,
"BindMobile": {
"Buff": ""
}
,
"Status": 0,
"Sex": 0,
"PersonalCard": 0,
"Alias": "",
"HeadImgUpdateFlag": 0,
"HeadImgUrl": "",
"Signature": ""
}
,
"ContinueFlag": 0,
"SyncKey": {
"Count": 0,
"List": []
}
,
"SKey": "",
"SyncCheckKey": {
"Count": 0,
"List": []
}

}
 
[2019-01-19 17:15:36] 提示信息：{
"BaseResponse": {
"Ret": 1,
"ErrMsg": ""
}
,
"AddMsgCount": 0,
"AddMsgList": [],
"ModContactCount": 0,
"ModContactList": [],
"DelContactCount": 0,
"DelContactList": [],
"ModChatRoomMemberCount": 0,
"ModChatRoomMemberList": [],
"Profile": {
"BitFlag": 0,
"UserName": {
"Buff": ""
}
,
"NickName": {
"Buff": ""
}
,
"BindUin": 0,
"BindEmail": {
"Buff": ""
}
,
"BindMobile": {
"Buff": ""
}
,
"Status": 0,
"Sex": 0,
"PersonalCard": 0,
"Alias": "",
"HeadImgUpdateFlag": 0,
"HeadImgUrl": "",
"Signature": ""
}
,
"ContinueFlag": 0,
"SyncKey": {
"Count": 0,
"List": []
}
,
"SKey": "",
"SyncCheckKey": {
"Count": 0,
"List": []
}

}
 
[2019-01-19 17:15:41] 提示信息：{
"BaseResponse": {
"Ret": 1,
"ErrMsg": ""
}
,
"AddMsgCount": 0,
"AddMsgList": [],
"ModContactCount": 0,
"ModContactList": [],
"DelContactCount": 0,
"DelContactList": [],
"ModChatRoomMemberCount": 0,
"ModChatRoomMemberList": [],
"Profile": {
"BitFlag": 0,
"UserName": {
"Buff": ""
}
,
"NickName": {
"Buff": ""
}
,
"BindUin": 0,
"BindEmail": {
"Buff": ""
}
,
"BindMobile": {
"Buff": ""
}
,
"Status": 0,
"Sex": 0,
"PersonalCard": 0,
"Alias": "",
"HeadImgUpdateFlag": 0,
"HeadImgUrl": "",
"Signature": ""
}
,
"ContinueFlag": 0,
"SyncKey": {
"Count": 0,
"List": []
}
,
"SKey": "",
"SyncCheckKey": {
"Count": 0,
"List": []
}

}
 
[2019-01-19 17:15:46] 提示信息：{
"BaseResponse": {
"Ret": 1,
"ErrMsg": ""
}
,
"AddMsgCount": 0,
"AddMsgList": [],
"ModContactCount": 0,
"ModContactList": [],
"DelContactCount": 0,
"DelContactList": [],
"ModChatRoomMemberCount": 0,
"ModChatRoomMemberList": [],
"Profile": {
"BitFlag": 0,
"UserName": {
"Buff": ""
}
,
"NickName": {
"Buff": ""
}
,
"BindUin": 0,
"BindEmail": {
"Buff": ""
}
,
"BindMobile": {
"Buff": ""
}
,
"Status": 0,
"Sex": 0,
"PersonalCard": 0,
"Alias": "",
"HeadImgUpdateFlag": 0,
"HeadImgUrl": "",
"Signature": ""
}
,
"ContinueFlag": 0,
"SyncKey": {
"Count": 0,
"List": []
}
,
"SKey": "",
"SyncCheckKey": {
"Count": 0,
"List": []
}

}
 
[2019-01-19 17:15:51] 提示信息：{
"BaseResponse": {
"Ret": 1,
"ErrMsg": ""
}
,
"AddMsgCount": 0,
"AddMsgList": [],
"ModContactCount": 0,
"ModContactList": [],
"DelContactCount": 0,
"DelContactList": [],
"ModChatRoomMemberCount": 0,
"ModChatRoomMemberList": [],
"Profile": {
"BitFlag": 0,
"UserName": {
"Buff": ""
}
,
"NickName": {
"Buff": ""
}
,
"BindUin": 0,
"BindEmail": {
"Buff": ""
}
,
"BindMobile": {
"Buff": ""
}
,
"Status": 0,
"Sex": 0,
"PersonalCard": 0,
"Alias": "",
"HeadImgUpdateFlag": 0,
"HeadImgUrl": "",
"Signature": ""
}
,
"ContinueFlag": 0,
"SyncKey": {
"Count": 0,
"List": []
}
,
"SKey": "",
"SyncCheckKey": {
"Count": 0,
"List": []
}

}
 
[2019-01-19 17:15:56] 提示信息：{
"BaseResponse": {
"Ret": 1,
"ErrMsg": ""
}
,
"AddMsgCount": 0,
"AddMsgList": [],
"ModContactCount": 0,
"ModContactList": [],
"DelContactCount": 0,
"DelContactList": [],
"ModChatRoomMemberCount": 0,
"ModChatRoomMemberList": [],
"Profile": {
"BitFlag": 0,
"UserName": {
"Buff": ""
}
,
"NickName": {
"Buff": ""
}
,
"BindUin": 0,
"BindEmail": {
"Buff": ""
}
,
"BindMobile": {
"Buff": ""
}
,
"Status": 0,
"Sex": 0,
"PersonalCard": 0,
"Alias": "",
"HeadImgUpdateFlag": 0,
"HeadImgUrl": "",
"Signature": ""
}
,
"ContinueFlag": 0,
"SyncKey": {
"Count": 0,
"List": []
}
,
"SKey": "",
"SyncCheckKey": {
"Count": 0,
"List": []
}

}
 
